Log file open, 10/30/20 20:55:20
LogInit: Display: Running engine for game: COURSEWORK
LogPlatformFile: Not using cached read wrapper
LogTaskGraph: Started task graph with 5 named threads and 23 total threads with 3 sets of task threads.
LogStats: Stats thread started at 0.202326
LogD3D11RHI: Loaded GFSDK_Aftermath_Lib.x64.dll
LogICUInternationalization: ICU TimeZone Detection - Raw Offset: +2:00, Platform Override: ''
LogPluginManager: Mounting plugin Paper2D
LogPluginManager: Mounting plugin AISupport
LogPluginManager: Mounting plugin LightPropagationVolume
LogPluginManager: Mounting plugin CameraShakePreviewer
LogPluginManager: Mounting plugin ActorLayerUtilities
LogPluginManager: Mounting plugin AnimationSharing
LogPluginManager: Mounting plugin CLionSourceCodeAccess
LogPluginManager: Mounting plugin CodeLiteSourceCodeAccess
LogPluginManager: Mounting plugin GitSourceControl
LogPluginManager: Mounting plugin KDevelopSourceCodeAccess
LogPluginManager: Mounting plugin NullSourceCodeAccess
LogPluginManager: Mounting plugin PerforceSourceControl
LogPluginManager: Mounting plugin PlasticSourceControl
LogPluginManager: Mounting plugin RiderSourceCodeAccess
LogPluginManager: Mounting plugin SubversionSourceControl
LogPluginManager: Mounting plugin UObjectPlugin
LogPluginManager: Mounting plugin VisualStudioCodeSourceCodeAccess
LogPluginManager: Mounting plugin VisualStudioSourceCodeAccess
LogPluginManager: Mounting plugin XCodeSourceCodeAccess
LogPluginManager: Mounting plugin AssetManagerEditor
LogPluginManager: Mounting plugin CryptoKeys
LogPluginManager: Mounting plugin CurveEditorTools
LogPluginManager: Mounting plugin DataValidation
LogPluginManager: Mounting plugin EditorScriptingUtilities
LogPluginManager: Mounting plugin FacialAnimation
LogPluginManager: Mounting plugin GameplayTagsEditor
LogPluginManager: Mounting plugin GeometryMode
LogPluginManager: Mounting plugin MacGraphicsSwitching
LogPluginManager: Mounting plugin MaterialAnalyzer
LogPluginManager: Mounting plugin MobileLauncherProfileWizard
LogPluginManager: Mounting plugin PluginBrowser
LogPluginManager: Mounting plugin SpeedTreeImporter
LogPluginManager: Mounting plugin DatasmithContent
LogPluginManager: Mounting plugin VariantManagerContent
LogPluginManager: Mounting plugin AlembicImporter
LogPluginManager: Mounting plugin AutomationUtils
LogPluginManager: Mounting plugin BackChannel
LogPluginManager: Mounting plugin ChaosCloth
LogPluginManager: Mounting plugin ChaosClothEditor
LogPluginManager: Mounting plugin ChaosEditor
LogPluginManager: Mounting plugin ChaosNiagara
LogPluginManager: Mounting plugin ChaosSolverPlugin
LogPluginManager: Mounting plugin CharacterAI
LogPluginManager: Mounting plugin GeometryCache
LogPluginManager: Mounting plugin GeometryCollectionPlugin
LogPluginManager: Mounting plugin GeometryProcessing
LogPluginManager: Mounting plugin PlanarCut
LogPluginManager: Mounting plugin PlatformCrypto
LogPluginManager: Mounting plugin ProxyLODPlugin
LogPluginManager: Mounting plugin SkeletalReduction
LogPluginManager: Mounting plugin Niagara
LogPluginManager: Mounting plugin MagicLeap
LogPluginManager: Mounting plugin MagicLeapLightEstimation
LogPluginManager: Mounting plugin MagicLeapMedia
LogPluginManager: Mounting plugin MagicLeapPassableWorld
LogPluginManager: Mounting plugin MLSDK
LogPluginManager: Mounting plugin AndroidMedia
LogPluginManager: Mounting plugin AvfMedia
LogPluginManager: Mounting plugin ImgMedia
LogPluginManager: Mounting plugin MediaCompositing
LogPluginManager: Mounting plugin MediaPlayerEditor
LogPluginManager: Mounting plugin WebMMedia
LogPluginManager: Mounting plugin WmfMedia
LogPluginManager: Mounting plugin MeshPainting
LogPluginManager: Mounting plugin TcpMessaging
LogPluginManager: Mounting plugin UdpMessaging
LogPluginManager: Mounting plugin ActorSequence
LogPluginManager: Mounting plugin LevelSequenceEditor
LogPluginManager: Mounting plugin MatineeToLevelSequence
LogPluginManager: Mounting plugin MovieRenderPipeline
LogPluginManager: Mounting plugin TemplateSequence
LogPluginManager: Mounting plugin NetcodeUnitTest
LogPluginManager: Mounting plugin NUTUnrealEngine4
LogPluginManager: Mounting plugin OnlineSubsystemGooglePlay
LogPluginManager: Mounting plugin OnlineSubsystemIOS
LogPluginManager: Mounting plugin OnlineSubsystem
LogPluginManager: Mounting plugin OnlineSubsystemNull
LogPluginManager: Mounting plugin OnlineSubsystemUtils
LogPluginManager: Mounting plugin LauncherChunkInstaller
LogPluginManager: Mounting plugin AndroidDeviceProfileSelector
LogPluginManager: Mounting plugin AndroidMoviePlayer
LogPluginManager: Mounting plugin AndroidPermission
LogPluginManager: Mounting plugin AppleImageUtils
LogPluginManager: Mounting plugin AppleMoviePlayer
LogPluginManager: Mounting plugin ArchVisCharacter
LogPluginManager: Mounting plugin AssetTags
LogPluginManager: Mounting plugin AudioCapture
LogPluginManager: Mounting plugin CableComponent
LogPluginManager: Mounting plugin CustomMeshComponent
LogPluginManager: Mounting plugin EditableMesh
LogPluginManager: Mounting plugin ExampleDeviceProfileSelector
LogPluginManager: Mounting plugin GoogleCloudMessaging
LogPluginManager: Mounting plugin GooglePAD
LogPluginManager: Mounting plugin IOSDeviceProfileSelector
LogPluginManager: Mounting plugin LinuxDeviceProfileSelector
LogPluginManager: Mounting plugin LocationServicesBPLibrary
LogPluginManager: Mounting plugin MobilePatchingUtils
LogPluginManager: Mounting plugin OculusVR
LogPluginManager: Mounting plugin PhysXVehicles
LogPluginManager: Mounting plugin PostSplashScreen
LogPluginManager: Mounting plugin ProceduralMeshComponent
LogPluginManager: Mounting plugin RuntimePhysXCooking
LogPluginManager: Mounting plugin SignificanceManager
LogPluginManager: Mounting plugin SoundFields
LogPluginManager: Mounting plugin SteamVR
LogPluginManager: Mounting plugin Synthesis
LogPluginManager: Mounting plugin WebMMoviePlayer
LogPluginManager: Mounting plugin WindowsMoviePlayer
LogPluginManager: Mounting plugin ScreenshotTools
LogInit: Using libcurl 7.55.1-DEV
LogInit:  - built for x86_64-pc-win32
LogInit:  - supports SSL with OpenSSL/1.1.1
LogInit:  - supports HTTP deflate (compression) using libz 1.2.8
LogInit:  - other features:
LogInit:      CURL_VERSION_SSL
LogInit:      CURL_VERSION_LIBZ
LogInit:      CURL_VERSION_IPV6
LogInit:      CURL_VERSION_ASYNCHDNS
LogInit:      CURL_VERSION_LARGEFILE
LogInit:      CURL_VERSION_IDN
LogInit:  CurlRequestOptions (configurable via config and command line):
LogInit:  - bVerifyPeer = true  - Libcurl will verify peer certificate
LogInit:  - bUseHttpProxy = false  - Libcurl will NOT use HTTP proxy
LogInit:  - bDontReuseConnections = false  - Libcurl will reuse connections
LogInit:  - MaxHostConnections = 16  - Libcurl will limit the number of connections to a host
LogInit:  - LocalHostAddr = Default
LogInit:  - BufferSize = 65536
LogOnline: OSS: Creating online subsystem instance for: NULL
LogInit: WinSock: version 1.1 (2.2), MaxSocks=32767, MaxUdp=65467
LogOnline: OSS: TryLoadSubsystemAndSetDefault: Loaded subsystem for module [NULL]
LogInit: Build: ++UE4+Release-4.25-CL-14469661
LogInit: Engine Version: 4.25.4-14469661+++UE4+Release-4.25
LogInit: Compatible Engine Version: 4.25.0-13144385+++UE4+Release-4.25
LogInit: Net CL: 13144385
LogInit: OS: Windows 10 (Release 1909) (), CPU: Intel(R) Core(TM) i7-7700HQ CPU @ 2.80GHz, GPU: Intel(R) HD Graphics 630
LogInit: Compiled (64-bit): Oct 11 2020 08:10:49
LogInit: Compiled with Visual C++: 19.24.28315.00
LogInit: Build Configuration: Development
LogInit: Branch Name: ++UE4+Release-4.25
LogInit: Command Line:  -EpicPortal -epicusername=Shirehii -epicuserid=50f4dbcbe5764e05af6a8555db7f3157 -epiclocale=en
LogInit: Base Directory: C:/Games/Epic Games/Library/UE_4.25/Engine/Binaries/Win64/
LogInit: Allocator: TBB
LogInit: Installed Engine Build: 1
LogDevObjectVersion: Number of dev versions registered: 26
LogDevObjectVersion:   Dev-Blueprints (B0D832E4-1F89-4F0D-ACCF-7EB736FD4AA2): 10
LogDevObjectVersion:   Dev-Build (E1C64328-A22C-4D53-A36C-8E866417BD8C): 0
LogDevObjectVersion:   Dev-Core (375EC13C-06E4-48FB-B500-84F0262A717E): 4
LogDevObjectVersion:   Dev-Editor (E4B068ED-F494-42E9-A231-DA0B2E46BB41): 38
LogDevObjectVersion:   Dev-Framework (CFFC743F-43B0-4480-9391-14DF171D2073): 37
LogDevObjectVersion:   Dev-Mobile (B02B49B5-BB20-44E9-A304-32B752E40360): 2
LogDevObjectVersion:   Dev-Networking (A4E4105C-59A1-49B5-A7C5-40C4547EDFEE): 0
LogDevObjectVersion:   Dev-Online (39C831C9-5AE6-47DC-9A44-9C173E1C8E7C): 0
LogDevObjectVersion:   Dev-Physics (78F01B33-EBEA-4F98-B9B4-84EACCB95AA2): 4
LogDevObjectVersion:   Dev-Platform (6631380F-2D4D-43E0-8009-CF276956A95A): 0
LogDevObjectVersion:   Dev-Rendering (12F88B9F-8875-4AFC-A67C-D90C383ABD29): 43
LogDevObjectVersion:   Dev-Sequencer (7B5AE74C-D270-4C10-A958-57980B212A5A): 12
LogDevObjectVersion:   Dev-VR (D7296918-1DD6-4BDD-9DE2-64A83CC13884): 3
LogDevObjectVersion:   Dev-LoadTimes (C2A15278-BFE7-4AFE-6C17-90FF531DF755): 1
LogDevObjectVersion:   Private-Geometry (6EACA3D4-40EC-4CC1-B786-8BED09428FC5): 3
LogDevObjectVersion:   Dev-AnimPhys (29E575DD-E0A3-4627-9D10-D276232CDCEA): 17
LogDevObjectVersion:   Dev-Anim (AF43A65D-7FD3-4947-9873-3E8ED9C1BB05): 7
LogDevObjectVersion:   Dev-ReflectionCapture (6B266CEC-1EC7-4B8F-A30B-E4D90942FC07): 1
LogDevObjectVersion:   Dev-Automation (0DF73D61-A23F-47EA-B727-89E90C41499A): 1
LogDevObjectVersion:   FortniteMain (601D1886-AC64-4F84-AA16-D3DE0DEAC7D6): 31
LogDevObjectVersion:   Dev-Enterprise (9DFFBCD6-494F-0158-E221-12823C92A888): 10
LogDevObjectVersion:   Dev-Niagara (F2AED0AC-9AFE-416F-8664-AA7FFA26D6FC): 1
LogDevObjectVersion:   Dev-Destruction (174F1F0B-B4C6-45A5-B13F-2EE8D0FB917D): 10
LogDevObjectVersion:   Dev-Physics-Ext (35F94A83-E258-406C-A318-09F59610247C): 37
LogDevObjectVersion:   Dev-PhysicsMaterial-Chaos (B68FC16E-8B1B-42E2-B453-215C058844FE): 1
LogDevObjectVersion:   Dev-CineCamera (B2E18506-4273-CFC2-A54E-F4BB758BBA07): 1
LogInit: Presizing for max 25165824 objects, including 0 objects not considered by GC, pre-allocating 0 bytes for permanent pool.
LogConfig: Applying CVar settings from Section [/Script/Engine.StreamingSettings] File [D:/yeet/Unreal Projects/COURSEWORK/Saved/Config/Windows/Engine.ini]
LogConfig: Setting CVar [[s.MinBulkDataSizeForAsyncLoading:131072]]
LogConfig: Setting CVar [[s.AsyncLoadingThreadEnabled:0]]
LogConfig: Setting CVar [[s.EventDrivenLoaderEnabled:1]]
LogConfig: Setting CVar [[s.WarnIfTimeLimitExceeded:0]]
LogConfig: Setting CVar [[s.TimeLimitExceededMultiplier:1.5]]
LogConfig: Setting CVar [[s.TimeLimitExceededMinTime:0.005]]
LogConfig: Setting CVar [[s.UseBackgroundLevelStreaming:1]]
LogConfig: Setting CVar [[s.PriorityAsyncLoadingExtraTime:15.0]]
LogConfig: Setting CVar [[s.LevelStreamingActorsUpdateTimeLimit:5.0]]
LogConfig: Setting CVar [[s.PriorityLevelStreamingActorsUpdateExtraTime:5.0]]
LogConfig: Setting CVar [[s.LevelStreamingComponentsRegistrationGranularity:10]]
LogConfig: Setting CVar [[s.UnregisterComponentsTimeLimit:1.0]]
LogConfig: Setting CVar [[s.LevelStreamingComponentsUnregistrationGranularity:5]]
LogConfig: Setting CVar [[s.FlushStreamingOnExit:1]]
LogInit: Object subsystem initialized
LogConfig: Setting CVar [[con.DebugEarlyDefault:1]]
LogConfig: Setting CVar [[r.setres:1280x720]]
[2020.10.30-18.55.20:390][  0]LogConfig: Setting CVar [[r.VSync:0]]
[2020.10.30-18.55.20:391][  0]LogConfig: Setting CVar [[r.RHICmdBypass:0]]
[2020.10.30-18.55.20:391][  0]LogConfig: Applying CVar settings from Section [/Script/Engine.RendererSettings] File [D:/yeet/Unreal Projects/COURSEWORK/Saved/Config/Windows/Engine.ini]
[2020.10.30-18.55.20:391][  0]LogConfig: Setting CVar [[r.GPUCrashDebugging:0]]
[2020.10.30-18.55.20:391][  0]LogConfig: Applying CVar settings from Section [/Script/Engine.RendererOverrideSettings] File [D:/yeet/Unreal Projects/COURSEWORK/Saved/Config/Windows/Engine.ini]
[2020.10.30-18.55.20:391][  0]LogConfig: Applying CVar settings from Section [/Script/Engine.StreamingSettings] File [D:/yeet/Unreal Projects/COURSEWORK/Saved/Config/Windows/Engine.ini]
[2020.10.30-18.55.20:391][  0]LogConfig: Setting CVar [[s.MinBulkDataSizeForAsyncLoading:131072]]
[2020.10.30-18.55.20:391][  0]LogConfig: Setting CVar [[s.AsyncLoadingThreadEnabled:0]]
[2020.10.30-18.55.20:391][  0]LogConfig: Setting CVar [[s.EventDrivenLoaderEnabled:1]]
[2020.10.30-18.55.20:391][  0]LogConfig: Setting CVar [[s.WarnIfTimeLimitExceeded:0]]
[2020.10.30-18.55.20:391][  0]LogConfig: Setting CVar [[s.TimeLimitExceededMultiplier:1.5]]
[2020.10.30-18.55.20:391][  0]LogConfig: Setting CVar [[s.TimeLimitExceededMinTime:0.005]]
[2020.10.30-18.55.20:391][  0]LogConfig: Setting CVar [[s.UseBackgroundLevelStreaming:1]]
[2020.10.30-18.55.20:391][  0]LogConfig: Setting CVar [[s.PriorityAsyncLoadingExtraTime:15.0]]
[2020.10.30-18.55.20:391][  0]LogConfig: Setting CVar [[s.LevelStreamingActorsUpdateTimeLimit:5.0]]
[2020.10.30-18.55.20:391][  0]LogConfig: Setting CVar [[s.PriorityLevelStreamingActorsUpdateExtraTime:5.0]]
[2020.10.30-18.55.20:391][  0]LogConfig: Setting CVar [[s.LevelStreamingComponentsRegistrationGranularity:10]]
[2020.10.30-18.55.20:391][  0]LogConfig: Setting CVar [[s.UnregisterComponentsTimeLimit:1.0]]
[2020.10.30-18.55.20:391][  0]LogConfig: Setting CVar [[s.LevelStreamingComponentsUnregistrationGranularity:5]]
[2020.10.30-18.55.20:391][  0]LogConfig: Setting CVar [[s.FlushStreamingOnExit:1]]
[2020.10.30-18.55.20:391][  0]LogConfig: Applying CVar settings from Section [/Script/Engine.GarbageCollectionSettings] File [D:/yeet/Unreal Projects/COURSEWORK/Saved/Config/Windows/Engine.ini]
[2020.10.30-18.55.20:391][  0]LogConfig: Setting CVar [[gc.MaxObjectsNotConsideredByGC:1]]
[2020.10.30-18.55.20:391][  0]LogConfig: Setting CVar [[gc.SizeOfPermanentObjectPool:0]]
[2020.10.30-18.55.20:391][  0]LogConfig: Setting CVar [[gc.FlushStreamingOnGC:0]]
[2020.10.30-18.55.20:391][  0]LogConfig: Setting CVar [[gc.NumRetriesBeforeForcingGC:10]]
[2020.10.30-18.55.20:391][  0]LogConfig: Setting CVar [[gc.AllowParallelGC:1]]
[2020.10.30-18.55.20:391][  0]LogConfig: Setting CVar [[gc.TimeBetweenPurgingPendingKillObjects:61.1]]
[2020.10.30-18.55.20:391][  0]LogConfig: Setting CVar [[gc.MaxObjectsInEditor:25165824]]
[2020.10.30-18.55.20:391][  0]LogConfig: Setting CVar [[gc.IncrementalBeginDestroyEnabled:1]]
[2020.10.30-18.55.20:391][  0]LogConfig: Setting CVar [[gc.CreateGCClusters:1]]
[2020.10.30-18.55.20:391][  0]LogConfig: Setting CVar [[gc.MinGCClusterSize:5]]
[2020.10.30-18.55.20:391][  0]LogConfig: Setting CVar [[gc.ActorClusteringEnabled:0]]
[2020.10.30-18.55.20:391][  0]LogConfig: Setting CVar [[gc.BlueprintClusteringEnabled:0]]
[2020.10.30-18.55.20:391][  0]LogConfig: Setting CVar [[gc.UseDisregardForGCOnDedicatedServers:0]]
[2020.10.30-18.55.20:391][  0]LogConfig: Applying CVar settings from Section [/Script/Engine.NetworkSettings] File [D:/yeet/Unreal Projects/COURSEWORK/Saved/Config/Windows/Engine.ini]
[2020.10.30-18.55.20:391][  0]LogConfig: Applying CVar settings from Section [/Script/UnrealEd.CookerSettings] File [D:/yeet/Unreal Projects/COURSEWORK/Saved/Config/Windows/Engine.ini]
[2020.10.30-18.55.20:395][  0]LogConfig: Applying CVar settings from Section [ViewDistanceQuality@3] File [D:/yeet/Unreal Projects/COURSEWORK/Saved/Config/Windows/Scalability.ini]
[2020.10.30-18.55.20:395][  0]LogConfig: Setting CVar [[r.SkeletalMeshLODBias:0]]
[2020.10.30-18.55.20:395][  0]LogConfig: Setting CVar [[r.ViewDistanceScale:1.0]]
[2020.10.30-18.55.20:395][  0]LogConfig: Applying CVar settings from Section [AntiAliasingQuality@3] File [D:/yeet/Unreal Projects/COURSEWORK/Saved/Config/Windows/Scalability.ini]
[2020.10.30-18.55.20:395][  0]LogConfig: Setting CVar [[r.PostProcessAAQuality:4]]
[2020.10.30-18.55.20:395][  0]LogConfig: Applying CVar settings from Section [ShadowQuality@3] File [D:/yeet/Unreal Projects/COURSEWORK/Saved/Config/Windows/Scalability.ini]
[2020.10.30-18.55.20:395][  0]LogConfig: Setting CVar [[r.LightFunctionQuality:1]]
[2020.10.30-18.55.20:395][  0]LogConfig: Setting CVar [[r.ShadowQuality:5]]
[2020.10.30-18.55.20:395][  0]LogConfig: Setting CVar [[r.Shadow.CSM.MaxCascades:10]]
[2020.10.30-18.55.20:395][  0]LogConfig: Setting CVar [[r.Shadow.MaxResolution:2048]]
[2020.10.30-18.55.20:395][  0]LogConfig: Setting CVar [[r.Shadow.MaxCSMResolution:2048]]
[2020.10.30-18.55.20:395][  0]LogConfig: Setting CVar [[r.Shadow.RadiusThreshold:0.01]]
[2020.10.30-18.55.20:395][  0]LogConfig: Setting CVar [[r.Shadow.DistanceScale:1.0]]
[2020.10.30-18.55.20:395][  0]LogConfig: Setting CVar [[r.Shadow.CSM.TransitionScale:1.0]]
[2020.10.30-18.55.20:395][  0]LogConfig: Setting CVar [[r.Shadow.PreShadowResolutionFactor:1.0]]
[2020.10.30-18.55.20:395][  0]LogConfig: Setting CVar [[r.DistanceFieldShadowing:1]]
[2020.10.30-18.55.20:395][  0]LogConfig: Setting CVar [[r.DistanceFieldAO:1]]
[2020.10.30-18.55.20:395][  0]LogConfig: Setting CVar [[r.AOQuality:2]]
[2020.10.30-18.55.20:395][  0]LogConfig: Setting CVar [[r.VolumetricFog:1]]
[2020.10.30-18.55.20:395][  0]LogConfig: Setting CVar [[r.VolumetricFog.GridPixelSize:8]]
[2020.10.30-18.55.20:395][  0]LogConfig: Setting CVar [[r.VolumetricFog.GridSizeZ:128]]
[2020.10.30-18.55.20:395][  0]LogConfig: Setting CVar [[r.VolumetricFog.HistoryMissSupersampleCount:4]]
[2020.10.30-18.55.20:395][  0]LogConfig: Setting CVar [[r.LightMaxDrawDistanceScale:1]]
[2020.10.30-18.55.20:395][  0]LogConfig: Setting CVar [[r.CapsuleShadows:1]]
[2020.10.30-18.55.20:395][  0]LogConfig: Applying CVar settings from Section [PostProcessQuality@3] File [D:/yeet/Unreal Projects/COURSEWORK/Saved/Config/Windows/Scalability.ini]
[2020.10.30-18.55.20:395][  0]LogConfig: Setting CVar [[r.MotionBlurQuality:4]]
[2020.10.30-18.55.20:395][  0]LogConfig: Setting CVar [[r.AmbientOcclusionMipLevelFactor:0.4]]
[2020.10.30-18.55.20:395][  0]LogConfig: Setting CVar [[r.AmbientOcclusionMaxQuality:100]]
[2020.10.30-18.55.20:395][  0]LogConfig: Setting CVar [[r.AmbientOcclusionLevels:-1]]
[2020.10.30-18.55.20:395][  0]LogConfig: Setting CVar [[r.AmbientOcclusionRadiusScale:1.0]]
[2020.10.30-18.55.20:395][  0]LogConfig: Setting CVar [[r.DepthOfFieldQuality:2]]
[2020.10.30-18.55.20:395][  0]LogConfig: Setting CVar [[r.RenderTargetPoolMin:400]]
[2020.10.30-18.55.20:395][  0]LogConfig: Setting CVar [[r.LensFlareQuality:2]]
[2020.10.30-18.55.20:395][  0]LogConfig: Setting CVar [[r.SceneColorFringeQuality:1]]
[2020.10.30-18.55.20:395][  0]LogConfig: Setting CVar [[r.EyeAdaptationQuality:2]]
[2020.10.30-18.55.20:395][  0]LogConfig: Setting CVar [[r.BloomQuality:5]]
[2020.10.30-18.55.20:395][  0]LogConfig: Setting CVar [[r.FastBlurThreshold:100]]
[2020.10.30-18.55.20:395][  0]LogConfig: Setting CVar [[r.Upscale.Quality:3]]
[2020.10.30-18.55.20:395][  0]LogConfig: Setting CVar [[r.Tonemapper.GrainQuantization:1]]
[2020.10.30-18.55.20:395][  0]LogConfig: Setting CVar [[r.LightShaftQuality:1]]
[2020.10.30-18.55.20:395][  0]LogConfig: Setting CVar [[r.Filter.SizeScale:1]]
[2020.10.30-18.55.20:395][  0]LogConfig: Setting CVar [[r.Tonemapper.Quality:5]]
[2020.10.30-18.55.20:395][  0]LogConfig: Setting CVar [[r.DOF.Gather.AccumulatorQuality:1        ; higher gathering accumulator quality]]
[2020.10.30-18.55.20:395][  0]LogConfig: Setting CVar [[r.DOF.Gather.PostfilterMethod:1          ; Median3x3 postfilering method]]
[2020.10.30-18.55.20:395][  0]LogConfig: Setting CVar [[r.DOF.Gather.EnableBokehSettings:0       ; no bokeh simulation when gathering]]
[2020.10.30-18.55.20:395][  0]LogConfig: Setting CVar [[r.DOF.Gather.RingCount:4                 ; medium number of samples when gathering]]
[2020.10.30-18.55.20:396][  0]LogConfig: Setting CVar [[r.DOF.Scatter.ForegroundCompositing:1    ; additive foreground scattering]]
[2020.10.30-18.55.20:396][  0]LogConfig: Setting CVar [[r.DOF.Scatter.BackgroundCompositing:2    ; additive background scattering]]
[2020.10.30-18.55.20:396][  0]LogConfig: Setting CVar [[r.DOF.Scatter.EnableBokehSettings:1      ; bokeh simulation when scattering]]
[2020.10.30-18.55.20:396][  0]LogConfig: Setting CVar [[r.DOF.Scatter.MaxSpriteRatio:0.1         ; only a maximum of 10% of scattered bokeh]]
[2020.10.30-18.55.20:396][  0]LogConfig: Setting CVar [[r.DOF.Recombine.Quality:1                ; cheap slight out of focus]]
[2020.10.30-18.55.20:396][  0]LogConfig: Setting CVar [[r.DOF.Recombine.EnableBokehSettings:0    ; no bokeh simulation on slight out of focus]]
[2020.10.30-18.55.20:396][  0]LogConfig: Setting CVar [[r.DOF.TemporalAAQuality:1                ; more stable temporal accumulation]]
[2020.10.30-18.55.20:396][  0]LogConfig: Setting CVar [[r.DOF.Kernel.MaxForegroundRadius:0.025]]
[2020.10.30-18.55.20:396][  0]LogConfig: Setting CVar [[r.DOF.Kernel.MaxBackgroundRadius:0.025]]
[2020.10.30-18.55.20:396][  0]LogConfig: Applying CVar settings from Section [TextureQuality@3] File [D:/yeet/Unreal Projects/COURSEWORK/Saved/Config/Windows/Scalability.ini]
[2020.10.30-18.55.20:396][  0]LogConfig: Setting CVar [[r.Streaming.MipBias:0]]
[2020.10.30-18.55.20:396][  0]LogConfig: Setting CVar [[r.Streaming.AmortizeCPUToGPUCopy:0]]
[2020.10.30-18.55.20:396][  0]LogConfig: Setting CVar [[r.Streaming.MaxNumTexturesToStreamPerFrame:0]]
[2020.10.30-18.55.20:396][  0]LogConfig: Setting CVar [[r.Streaming.Boost:1]]
[2020.10.30-18.55.20:396][  0]LogConfig: Setting CVar [[r.MaxAnisotropy:8]]
[2020.10.30-18.55.20:396][  0]LogConfig: Setting CVar [[r.VT.MaxAnisotropy:8]]
[2020.10.30-18.55.20:396][  0]LogConfig: Setting CVar [[r.Streaming.LimitPoolSizeToVRAM:0]]
[2020.10.30-18.55.20:396][  0]LogConfig: Setting CVar [[r.Streaming.PoolSize:1000]]
[2020.10.30-18.55.20:396][  0]LogConfig: Setting CVar [[r.Streaming.MaxEffectiveScreenSize:0]]
[2020.10.30-18.55.20:396][  0]LogConfig: Applying CVar settings from Section [EffectsQuality@3] File [D:/yeet/Unreal Projects/COURSEWORK/Saved/Config/Windows/Scalability.ini]
[2020.10.30-18.55.20:396][  0]LogConfig: Setting CVar [[r.TranslucencyLightingVolumeDim:64]]
[2020.10.30-18.55.20:396][  0]LogConfig: Setting CVar [[r.RefractionQuality:2]]
[2020.10.30-18.55.20:396][  0]LogConfig: Setting CVar [[r.SSR.Quality:3]]
[2020.10.30-18.55.20:396][  0]LogConfig: Setting CVar [[r.SSR.HalfResSceneColor:0]]
[2020.10.30-18.55.20:396][  0]LogConfig: Setting CVar [[r.SceneColorFormat:4]]
[2020.10.30-18.55.20:396][  0]LogConfig: Setting CVar [[r.DetailMode:2]]
[2020.10.30-18.55.20:396][  0]LogConfig: Setting CVar [[r.TranslucencyVolumeBlur:1]]
[2020.10.30-18.55.20:396][  0]LogConfig: Setting CVar [[r.MaterialQualityLevel:1 ; High quality]]
[2020.10.30-18.55.20:396][  0]LogConfig: Setting CVar [[r.SSS.Scale:1]]
[2020.10.30-18.55.20:396][  0]LogConfig: Setting CVar [[r.SSS.SampleSet:2]]
[2020.10.30-18.55.20:396][  0]LogConfig: Setting CVar [[r.SSS.Quality:1]]
[2020.10.30-18.55.20:396][  0]LogConfig: Setting CVar [[r.SSS.HalfRes:0]]
[2020.10.30-18.55.20:396][  0]LogConfig: Setting CVar [[r.SSGI.Quality:3]]
[2020.10.30-18.55.20:396][  0]LogConfig: Setting CVar [[r.EmitterSpawnRateScale:1.0]]
[2020.10.30-18.55.20:396][  0]LogConfig: Setting CVar [[r.ParticleLightQuality:2]]
[2020.10.30-18.55.20:396][  0]LogConfig: Setting CVar [[r.SkyAtmosphere.AerialPerspectiveLUT.FastApplyOnOpaque:1 ; Always have FastSkyLUT 1 in this case to avoid wrong sky]]
[2020.10.30-18.55.20:396][  0]LogConfig: Setting CVar [[r.SkyAtmosphere.AerialPerspectiveLUT.SampleCountPerSlice:1]]
[2020.10.30-18.55.20:396][  0]LogConfig: Setting CVar [[r.SkyAtmosphere.AerialPerspectiveLUT.DepthResolution:16.0]]
[2020.10.30-18.55.20:396][  0]LogConfig: Setting CVar [[r.SkyAtmosphere.FastSkyLUT:1]]
[2020.10.30-18.55.20:396][  0]LogConfig: Setting CVar [[r.SkyAtmosphere.FastSkyLUT.SampleCountMin:4.0]]
[2020.10.30-18.55.20:396][  0]LogConfig: Setting CVar [[r.SkyAtmosphere.FastSkyLUT.SampleCountMax:32.0]]
[2020.10.30-18.55.20:397][  0]LogConfig: Setting CVar [[r.SkyAtmosphere.SampleCountMin:4.0]]
[2020.10.30-18.55.20:397][  0]LogConfig: Setting CVar [[r.SkyAtmosphere.SampleCountMax:32.0]]
[2020.10.30-18.55.20:397][  0]LogConfig: Setting CVar [[r.SkyAtmosphere.TransmittanceLUT.UseSmallFormat:0]]
[2020.10.30-18.55.20:397][  0]LogConfig: Setting CVar [[r.SkyAtmosphere.TransmittanceLUT.SampleCount:10.0]]
[2020.10.30-18.55.20:397][  0]LogConfig: Setting CVar [[r.SkyAtmosphere.MultiScatteringLUT.SampleCount:15.0]]
[2020.10.30-18.55.20:397][  0]LogConfig: Applying CVar settings from Section [FoliageQuality@3] File [D:/yeet/Unreal Projects/COURSEWORK/Saved/Config/Windows/Scalability.ini]
[2020.10.30-18.55.20:397][  0]LogConfig: Setting CVar [[foliage.DensityScale:1.0]]
[2020.10.30-18.55.20:397][  0]LogConfig: Setting CVar [[grass.DensityScale:1.0]]
[2020.10.30-18.55.20:397][  0]LogConfig: Applying CVar settings from Section [ShadingQuality@3] File [D:/yeet/Unreal Projects/COURSEWORK/Saved/Config/Windows/Scalability.ini]
[2020.10.30-18.55.20:397][  0]LogConfig: Setting CVar [[r.HairStrands.SkyLighting.SampleCount:16]]
[2020.10.30-18.55.20:397][  0]LogConfig: Setting CVar [[r.HairStrands.SkyLighting.JitterIntegration:0]]
[2020.10.30-18.55.20:397][  0]LogConfig: Setting CVar [[r.HairStrands.SkyAO.SampleCount:16]]
[2020.10.30-18.55.20:397][  0]LogConfig: Setting CVar [[r.HairStrands.DeepShadow.SuperSampling:0]]
[2020.10.30-18.55.20:397][  0]LogConfig: Setting CVar [[r.HairStrands.VisibilityPPLL:0]]
[2020.10.30-18.55.20:397][  0]LogConfig: Setting CVar [[r.HairStrands.RasterizationScale:0.5]]
[2020.10.30-18.55.20:397][  0]LogConfig: Setting CVar [[r.HairStrands.VelocityRasterizationScale:1]]
[2020.10.30-18.55.20:397][  0]LogInit: Selected Device Profile: [Windows]
[2020.10.30-18.55.20:397][  0]LogInit: Applying CVar settings loaded from the selected device profile: [Windows]
[2020.10.30-18.55.20:397][  0]LogHAL: Display: Platform has ~ 16 GB [17055064064 / 17179869184 / 16], which maps to Larger [LargestMinGB=32, LargerMinGB=12, DefaultMinGB=8, SmallerMinGB=6, SmallestMinGB=0)
[2020.10.30-18.55.20:397][  0]LogInit: Going up to parent DeviceProfile []
[2020.10.30-18.55.20:397][  0]LogConfig: Applying CVar settings from Section [ViewDistanceQuality@3] File [D:/yeet/Unreal Projects/COURSEWORK/Saved/Config/Windows/Scalability.ini]
[2020.10.30-18.55.20:397][  0]LogConfig: Setting CVar [[r.SkeletalMeshLODBias:0]]
[2020.10.30-18.55.20:397][  0]LogConfig: Setting CVar [[r.ViewDistanceScale:1.0]]
[2020.10.30-18.55.20:397][  0]LogConfig: Applying CVar settings from Section [AntiAliasingQuality@3] File [D:/yeet/Unreal Projects/COURSEWORK/Saved/Config/Windows/Scalability.ini]
[2020.10.30-18.55.20:397][  0]LogConfig: Setting CVar [[r.PostProcessAAQuality:4]]
[2020.10.30-18.55.20:397][  0]LogConfig: Applying CVar settings from Section [ShadowQuality@3] File [D:/yeet/Unreal Projects/COURSEWORK/Saved/Config/Windows/Scalability.ini]
[2020.10.30-18.55.20:397][  0]LogConfig: Setting CVar [[r.LightFunctionQuality:1]]
[2020.10.30-18.55.20:397][  0]LogConfig: Setting CVar [[r.ShadowQuality:5]]
[2020.10.30-18.55.20:397][  0]LogConfig: Setting CVar [[r.Shadow.CSM.MaxCascades:10]]
[2020.10.30-18.55.20:397][  0]LogConfig: Setting CVar [[r.Shadow.MaxResolution:2048]]
[2020.10.30-18.55.20:397][  0]LogConfig: Setting CVar [[r.Shadow.MaxCSMResolution:2048]]
[2020.10.30-18.55.20:397][  0]LogConfig: Setting CVar [[r.Shadow.RadiusThreshold:0.01]]
[2020.10.30-18.55.20:397][  0]LogConfig: Setting CVar [[r.Shadow.DistanceScale:1.0]]
[2020.10.30-18.55.20:397][  0]LogConfig: Setting CVar [[r.Shadow.CSM.TransitionScale:1.0]]
[2020.10.30-18.55.20:397][  0]LogConfig: Setting CVar [[r.Shadow.PreShadowResolutionFactor:1.0]]
[2020.10.30-18.55.20:397][  0]LogConfig: Setting CVar [[r.DistanceFieldShadowing:1]]
[2020.10.30-18.55.20:397][  0]LogConfig: Setting CVar [[r.DistanceFieldAO:1]]
[2020.10.30-18.55.20:397][  0]LogConfig: Setting CVar [[r.AOQuality:2]]
[2020.10.30-18.55.20:397][  0]LogConfig: Setting CVar [[r.VolumetricFog:1]]
[2020.10.30-18.55.20:397][  0]LogConfig: Setting CVar [[r.VolumetricFog.GridPixelSize:8]]
[2020.10.30-18.55.20:397][  0]LogConfig: Setting CVar [[r.VolumetricFog.GridSizeZ:128]]
[2020.10.30-18.55.20:397][  0]LogConfig: Setting CVar [[r.VolumetricFog.HistoryMissSupersampleCount:4]]
[2020.10.30-18.55.20:397][  0]LogConfig: Setting CVar [[r.LightMaxDrawDistanceScale:1]]
[2020.10.30-18.55.20:397][  0]LogConfig: Setting CVar [[r.CapsuleShadows:1]]
[2020.10.30-18.55.20:397][  0]LogConfig: Applying CVar settings from Section [PostProcessQuality@3] File [D:/yeet/Unreal Projects/COURSEWORK/Saved/Config/Windows/Scalability.ini]
[2020.10.30-18.55.20:397][  0]LogConfig: Setting CVar [[r.MotionBlurQuality:4]]
[2020.10.30-18.55.20:398][  0]LogConfig: Setting CVar [[r.AmbientOcclusionMipLevelFactor:0.4]]
[2020.10.30-18.55.20:398][  0]LogConfig: Setting CVar [[r.AmbientOcclusionMaxQuality:100]]
[2020.10.30-18.55.20:398][  0]LogConfig: Setting CVar [[r.AmbientOcclusionLevels:-1]]
[2020.10.30-18.55.20:398][  0]LogConfig: Setting CVar [[r.AmbientOcclusionRadiusScale:1.0]]
[2020.10.30-18.55.20:398][  0]LogConfig: Setting CVar [[r.DepthOfFieldQuality:2]]
[2020.10.30-18.55.20:398][  0]LogConfig: Setting CVar [[r.RenderTargetPoolMin:400]]
[2020.10.30-18.55.20:398][  0]LogConfig: Setting CVar [[r.LensFlareQuality:2]]
[2020.10.30-18.55.20:398][  0]LogConfig: Setting CVar [[r.SceneColorFringeQuality:1]]
[2020.10.30-18.55.20:398][  0]LogConfig: Setting CVar [[r.EyeAdaptationQuality:2]]
[2020.10.30-18.55.20:398][  0]LogConfig: Setting CVar [[r.BloomQuality:5]]
[2020.10.30-18.55.20:398][  0]LogConfig: Setting CVar [[r.FastBlurThreshold:100]]
[2020.10.30-18.55.20:398][  0]LogConfig: Setting CVar [[r.Upscale.Quality:3]]
[2020.10.30-18.55.20:398][  0]LogConfig: Setting CVar [[r.Tonemapper.GrainQuantization:1]]
[2020.10.30-18.55.20:398][  0]LogConfig: Setting CVar [[r.LightShaftQuality:1]]
[2020.10.30-18.55.20:398][  0]LogConfig: Setting CVar [[r.Filter.SizeScale:1]]
[2020.10.30-18.55.20:398][  0]LogConfig: Setting CVar [[r.Tonemapper.Quality:5]]
[2020.10.30-18.55.20:398][  0]LogConfig: Setting CVar [[r.DOF.Gather.AccumulatorQuality:1        ; higher gathering accumulator quality]]
[2020.10.30-18.55.20:398][  0]LogConfig: Setting CVar [[r.DOF.Gather.PostfilterMethod:1          ; Median3x3 postfilering method]]
[2020.10.30-18.55.20:398][  0]LogConfig: Setting CVar [[r.DOF.Gather.EnableBokehSettings:0       ; no bokeh simulation when gathering]]
[2020.10.30-18.55.20:398][  0]LogConfig: Setting CVar [[r.DOF.Gather.RingCount:4                 ; medium number of samples when gathering]]
[2020.10.30-18.55.20:398][  0]LogConfig: Setting CVar [[r.DOF.Scatter.ForegroundCompositing:1    ; additive foreground scattering]]
[2020.10.30-18.55.20:398][  0]LogConfig: Setting CVar [[r.DOF.Scatter.BackgroundCompositing:2    ; additive background scattering]]
[2020.10.30-18.55.20:398][  0]LogConfig: Setting CVar [[r.DOF.Scatter.EnableBokehSettings:1      ; bokeh simulation when scattering]]
[2020.10.30-18.55.20:398][  0]LogConfig: Setting CVar [[r.DOF.Scatter.MaxSpriteRatio:0.1         ; only a maximum of 10% of scattered bokeh]]
[2020.10.30-18.55.20:398][  0]LogConfig: Setting CVar [[r.DOF.Recombine.Quality:1                ; cheap slight out of focus]]
[2020.10.30-18.55.20:398][  0]LogConfig: Setting CVar [[r.DOF.Recombine.EnableBokehSettings:0    ; no bokeh simulation on slight out of focus]]
[2020.10.30-18.55.20:398][  0]LogConfig: Setting CVar [[r.DOF.TemporalAAQuality:1                ; more stable temporal accumulation]]
[2020.10.30-18.55.20:398][  0]LogConfig: Setting CVar [[r.DOF.Kernel.MaxForegroundRadius:0.025]]
[2020.10.30-18.55.20:398][  0]LogConfig: Setting CVar [[r.DOF.Kernel.MaxBackgroundRadius:0.025]]
[2020.10.30-18.55.20:398][  0]LogConfig: Applying CVar settings from Section [TextureQuality@3] File [D:/yeet/Unreal Projects/COURSEWORK/Saved/Config/Windows/Scalability.ini]
[2020.10.30-18.55.20:398][  0]LogConfig: Setting CVar [[r.Streaming.MipBias:0]]
[2020.10.30-18.55.20:398][  0]LogConfig: Setting CVar [[r.Streaming.AmortizeCPUToGPUCopy:0]]
[2020.10.30-18.55.20:398][  0]LogConfig: Setting CVar [[r.Streaming.MaxNumTexturesToStreamPerFrame:0]]
[2020.10.30-18.55.20:398][  0]LogConfig: Setting CVar [[r.Streaming.Boost:1]]
[2020.10.30-18.55.20:398][  0]LogConfig: Setting CVar [[r.MaxAnisotropy:8]]
[2020.10.30-18.55.20:398][  0]LogConfig: Setting CVar [[r.VT.MaxAnisotropy:8]]
[2020.10.30-18.55.20:398][  0]LogConfig: Setting CVar [[r.Streaming.LimitPoolSizeToVRAM:0]]
[2020.10.30-18.55.20:398][  0]LogConfig: Setting CVar [[r.Streaming.PoolSize:1000]]
[2020.10.30-18.55.20:398][  0]LogConfig: Setting CVar [[r.Streaming.MaxEffectiveScreenSize:0]]
[2020.10.30-18.55.20:398][  0]LogConfig: Applying CVar settings from Section [EffectsQuality@3] File [D:/yeet/Unreal Projects/COURSEWORK/Saved/Config/Windows/Scalability.ini]
[2020.10.30-18.55.20:398][  0]LogConfig: Setting CVar [[r.TranslucencyLightingVolumeDim:64]]
[2020.10.30-18.55.20:398][  0]LogConfig: Setting CVar [[r.RefractionQuality:2]]
[2020.10.30-18.55.20:398][  0]LogConfig: Setting CVar [[r.SSR.Quality:3]]
[2020.10.30-18.55.20:398][  0]LogConfig: Setting CVar [[r.SSR.HalfResSceneColor:0]]
[2020.10.30-18.55.20:398][  0]LogConfig: Setting CVar [[r.SceneColorFormat:4]]
[2020.10.30-18.55.20:398][  0]LogConfig: Setting CVar [[r.DetailMode:2]]
[2020.10.30-18.55.20:398][  0]LogConfig: Setting CVar [[r.TranslucencyVolumeBlur:1]]
[2020.10.30-18.55.20:398][  0]LogConfig: Setting CVar [[r.MaterialQualityLevel:1 ; High quality]]
[2020.10.30-18.55.20:398][  0]LogConfig: Setting CVar [[r.SSS.Scale:1]]
[2020.10.30-18.55.20:398][  0]LogConfig: Setting CVar [[r.SSS.SampleSet:2]]
[2020.10.30-18.55.20:398][  0]LogConfig: Setting CVar [[r.SSS.Quality:1]]
[2020.10.30-18.55.20:398][  0]LogConfig: Setting CVar [[r.SSS.HalfRes:0]]
[2020.10.30-18.55.20:398][  0]LogConfig: Setting CVar [[r.SSGI.Quality:3]]
[2020.10.30-18.55.20:398][  0]LogConfig: Setting CVar [[r.EmitterSpawnRateScale:1.0]]
[2020.10.30-18.55.20:398][  0]LogConfig: Setting CVar [[r.ParticleLightQuality:2]]
[2020.10.30-18.55.20:398][  0]LogConfig: Setting CVar [[r.SkyAtmosphere.AerialPerspectiveLUT.FastApplyOnOpaque:1 ; Always have FastSkyLUT 1 in this case to avoid wrong sky]]
[2020.10.30-18.55.20:398][  0]LogConfig: Setting CVar [[r.SkyAtmosphere.AerialPerspectiveLUT.SampleCountPerSlice:1]]
[2020.10.30-18.55.20:398][  0]LogConfig: Setting CVar [[r.SkyAtmosphere.AerialPerspectiveLUT.DepthResolution:16.0]]
[2020.10.30-18.55.20:398][  0]LogConfig: Setting CVar [[r.SkyAtmosphere.FastSkyLUT:1]]
[2020.10.30-18.55.20:398][  0]LogConfig: Setting CVar [[r.SkyAtmosphere.FastSkyLUT.SampleCountMin:4.0]]
[2020.10.30-18.55.20:398][  0]LogConfig: Setting CVar [[r.SkyAtmosphere.FastSkyLUT.SampleCountMax:32.0]]
[2020.10.30-18.55.20:398][  0]LogConfig: Setting CVar [[r.SkyAtmosphere.SampleCountMin:4.0]]
[2020.10.30-18.55.20:398][  0]LogConfig: Setting CVar [[r.SkyAtmosphere.SampleCountMax:32.0]]
[2020.10.30-18.55.20:398][  0]LogConfig: Setting CVar [[r.SkyAtmosphere.TransmittanceLUT.UseSmallFormat:0]]
[2020.10.30-18.55.20:398][  0]LogConfig: Setting CVar [[r.SkyAtmosphere.TransmittanceLUT.SampleCount:10.0]]
[2020.10.30-18.55.20:398][  0]LogConfig: Setting CVar [[r.SkyAtmosphere.MultiScatteringLUT.SampleCount:15.0]]
[2020.10.30-18.55.20:398][  0]LogConfig: Applying CVar settings from Section [FoliageQuality@3] File [D:/yeet/Unreal Projects/COURSEWORK/Saved/Config/Windows/Scalability.ini]
[2020.10.30-18.55.20:399][  0]LogConfig: Setting CVar [[foliage.DensityScale:1.0]]
[2020.10.30-18.55.20:399][  0]LogConfig: Setting CVar [[grass.DensityScale:1.0]]
[2020.10.30-18.55.20:399][  0]LogConfig: Applying CVar settings from Section [ShadingQuality@3] File [D:/yeet/Unreal Projects/COURSEWORK/Saved/Config/Windows/Scalability.ini]
[2020.10.30-18.55.20:399][  0]LogConfig: Setting CVar [[r.HairStrands.SkyLighting.SampleCount:16]]
[2020.10.30-18.55.20:399][  0]LogConfig: Setting CVar [[r.HairStrands.SkyLighting.JitterIntegration:0]]
[2020.10.30-18.55.20:399][  0]LogConfig: Setting CVar [[r.HairStrands.SkyAO.SampleCount:16]]
[2020.10.30-18.55.20:399][  0]LogConfig: Setting CVar [[r.HairStrands.DeepShadow.SuperSampling:0]]
[2020.10.30-18.55.20:399][  0]LogConfig: Setting CVar [[r.HairStrands.VisibilityPPLL:0]]
[2020.10.30-18.55.20:399][  0]LogConfig: Setting CVar [[r.HairStrands.RasterizationScale:0.5]]
[2020.10.30-18.55.20:399][  0]LogConfig: Setting CVar [[r.HairStrands.VelocityRasterizationScale:1]]
[2020.10.30-18.55.20:399][  0]LogConfig: Applying CVar settings from Section [Startup] File [../../../Engine/Config/ConsoleVariables.ini]
[2020.10.30-18.55.20:399][  0]LogConfig: Setting CVar [[net.UseAdaptiveNetUpdateFrequency:0]]
[2020.10.30-18.55.20:399][  0]LogConfig: Setting CVar [[p.chaos.AllowCreatePhysxBodies:1]]
[2020.10.30-18.55.20:399][  0]LogConfig: Setting CVar [[fx.SkipVectorVMBackendOptimizations:1]]
[2020.10.30-18.55.20:399][  0]LogConfig: Applying CVar settings from Section [ConsoleVariables] File [D:/yeet/Unreal Projects/COURSEWORK/Saved/Config/Windows/Engine.ini]
[2020.10.30-18.55.20:399][  0]LogInit: Computer: RAT-LAPTOP
[2020.10.30-18.55.20:399][  0]LogInit: User: Shirehii
[2020.10.30-18.55.20:399][  0]LogInit: CPU Page size=4096, Cores=4
[2020.10.30-18.55.20:399][  0]LogInit: High frequency timer resolution =10.000000 MHz
[2020.10.30-18.55.20:399][  0]LogMemory: Memory total: Physical=15.9GB (16GB approx)
[2020.10.30-18.55.20:399][  0]LogMemory: Platform Memory Stats for Windows
[2020.10.30-18.55.20:399][  0]LogMemory: Process Physical Memory: 116.58 MB used, 116.58 MB peak
[2020.10.30-18.55.20:399][  0]LogMemory: Process Virtual Memory: 96.16 MB used, 96.16 MB peak
[2020.10.30-18.55.20:399][  0]LogMemory: Physical Memory: 8143.90 MB used,  8121.08 MB free, 16264.98 MB total
[2020.10.30-18.55.20:399][  0]LogMemory: Virtual Memory: 5143.65 MB used,  134212584.00 MB free, 134217728.00 MB total
[2020.10.30-18.55.20:407][  0]LogWindows: WindowsPlatformFeatures enabled
[2020.10.30-18.55.20:477][  0]LogInit: Physics initialised using underlying interface: PhysX
[2020.10.30-18.55.20:478][  0]LogInit: Using OS detected language (en-US).
[2020.10.30-18.55.20:478][  0]LogInit: Using OS detected locale (en-US).
[2020.10.30-18.55.20:483][  0]LogTextLocalizationManager: No specific localization for 'en-US' exists, so the 'en' localization will be used.
[2020.10.30-18.55.20:720][  0]LogInit: Setting process to per monitor DPI aware
[2020.10.30-18.55.20:769][  0]LogSlate: New Slate User Created.  User Index 0, Is Virtual User: 0
[2020.10.30-18.55.20:769][  0]LogSlate: Slate User Registered.  User Index 0, Is Virtual User: 0
[2020.10.30-18.55.20:971][  0]LogHMD: Failed to initialize OpenVR with code 110
[2020.10.30-18.55.20:971][  0]LogD3D11RHI: D3D11 min allowed feature level: 11_0
[2020.10.30-18.55.20:971][  0]LogD3D11RHI: D3D11 max allowed feature level: 11_0
[2020.10.30-18.55.20:971][  0]LogD3D11RHI: D3D11 adapters:
[2020.10.30-18.55.21:043][  0]LogD3D11RHI:    0. 'NVIDIA GeForce GTX 1050' (Feature Level 11_0)
[2020.10.30-18.55.21:044][  0]LogD3D11RHI:       4021/0/8132 MB DedicatedVideo/DedicatedSystem/SharedSystem, Outputs:1, VendorId:0x10de
[2020.10.30-18.55.21:056][  0]LogD3D11RHI:    1. 'Intel(R) HD Graphics 630' (Feature Level 11_0)
[2020.10.30-18.55.21:057][  0]LogD3D11RHI:       128/0/8132 MB DedicatedVideo/DedicatedSystem/SharedSystem, Outputs:0, VendorId:0x8086
[2020.10.30-18.55.21:060][  0]LogD3D11RHI:    2. 'Microsoft Basic Render Driver' (Feature Level 11_0)
[2020.10.30-18.55.21:060][  0]LogD3D11RHI:       0/0/8132 MB DedicatedVideo/DedicatedSystem/SharedSystem, Outputs:0, VendorId:0x1414
[2020.10.30-18.55.21:060][  0]LogD3D11RHI: Chosen D3D11 Adapter: 0
[2020.10.30-18.55.21:067][  0]LogD3D11RHI: Creating new Direct3DDevice
[2020.10.30-18.55.21:067][  0]LogD3D11RHI:     GPU DeviceId: 0x1c8d (for the marketing name, search the web for "GPU Device Id")
[2020.10.30-18.55.21:067][  0]LogWindows: EnumDisplayDevices:
[2020.10.30-18.55.21:067][  0]LogWindows:    0. 'Intel(R) HD Graphics 630' (P:1 D:1)
[2020.10.30-18.55.21:068][  0]LogWindows:    1. 'Intel(R) HD Graphics 630' (P:0 D:0)
[2020.10.30-18.55.21:068][  0]LogWindows:    2. 'Intel(R) HD Graphics 630' (P:0 D:0)
[2020.10.30-18.55.21:068][  0]LogWindows: DebugString: PrimaryIsNotTheChoosenAdapter PrimaryIsNotTheChoosenAdapter PrimaryIsNotTheChoosenAdapter FoundDriverCount:0 
[2020.10.30-18.55.21:068][  0]LogD3D11RHI:     Adapter Name: NVIDIA GeForce GTX 1050
[2020.10.30-18.55.21:068][  0]LogD3D11RHI:   Driver Version: Unknown (internal:Unknown, unified:Unknown)
[2020.10.30-18.55.21:068][  0]LogD3D11RHI:      Driver Date: Unknown
[2020.10.30-18.55.21:068][  0]LogRHI: Texture pool is 2814 MB (70% of 4021 MB)
[2020.10.30-18.55.21:112][  0]LogD3D11RHI: RHI has support for 64 bit atomics
[2020.10.30-18.55.21:112][  0]LogD3D11RHI: Async texture creation enabled
[2020.10.30-18.55.21:112][  0]LogD3D11RHI: Array index from any shader is supported
[2020.10.30-18.55.21:136][  0]LogD3D11RHI: GPU Timing Frequency: 1000.000000 (Debug: 2 1)
[2020.10.30-18.55.21:491][  0]LogTargetPlatformManager: Display: Loaded TargetPlatform 'AllDesktop'
[2020.10.30-18.55.21:513][  0]LogTargetPlatformManager: Display: Loaded TargetPlatform 'Android'
[2020.10.30-18.55.21:513][  0]LogTargetPlatformManager: Display: Loaded TargetPlatform 'Android_ASTC'
[2020.10.30-18.55.21:513][  0]LogTargetPlatformManager: Display: Loaded TargetPlatform 'Android_DXT'
[2020.10.30-18.55.21:513][  0]LogTargetPlatformManager: Display: Loaded TargetPlatform 'Android_ETC2'
[2020.10.30-18.55.21:513][  0]LogTargetPlatformManager: Display: Loaded TargetPlatform 'AndroidClient'
[2020.10.30-18.55.21:513][  0]LogTargetPlatformManager: Display: Loaded TargetPlatform 'Android_ASTCClient'
[2020.10.30-18.55.21:513][  0]LogTargetPlatformManager: Display: Loaded TargetPlatform 'Android_DXTClient'
[2020.10.30-18.55.21:513][  0]LogTargetPlatformManager: Display: Loaded TargetPlatform 'Android_ETC2Client'
[2020.10.30-18.55.21:513][  0]LogTargetPlatformManager: Display: Loaded TargetPlatform 'Android_Multi'
[2020.10.30-18.55.21:513][  0]LogTargetPlatformManager: Display: Loaded TargetPlatform 'Android_MultiClient'
[2020.10.30-18.55.21:536][  0]LogTargetPlatformManager: Display: Loaded TargetPlatform 'IOSClient'
[2020.10.30-18.55.21:536][  0]LogTargetPlatformManager: Display: Loaded TargetPlatform 'IOS'
[2020.10.30-18.55.21:547][  0]LogTargetPlatformManager: Display: Loaded TargetPlatform 'Linux'
[2020.10.30-18.55.21:556][  0]LogTargetPlatformManager: Display: Loaded TargetPlatform 'LinuxNoEditor'
[2020.10.30-18.55.21:566][  0]LogTargetPlatformManager: Display: Loaded TargetPlatform 'LinuxClient'
[2020.10.30-18.55.21:575][  0]LogTargetPlatformManager: Display: Loaded TargetPlatform 'LinuxServer'
[2020.10.30-18.55.21:584][  0]LogTargetPlatformManager: Display: Loaded TargetPlatform 'LinuxAArch64NoEditor'
[2020.10.30-18.55.21:594][  0]LogTargetPlatformManager: Display: Loaded TargetPlatform 'LinuxAArch64Client'
[2020.10.30-18.55.21:603][  0]LogTargetPlatformManager: Display: Loaded TargetPlatform 'LinuxAArch64Server'
[2020.10.30-18.55.21:629][  0]LogTargetPlatformManager: Display: Loaded TargetPlatform 'Lumin'
[2020.10.30-18.55.21:629][  0]LogTargetPlatformManager: Display: Loaded TargetPlatform 'LuminClient'
[2020.10.30-18.55.21:645][  0]LogTargetPlatformManager: Display: Loaded TargetPlatform 'TVOSClient'
[2020.10.30-18.55.21:645][  0]LogTargetPlatformManager: Display: Loaded TargetPlatform 'TVOS'
[2020.10.30-18.55.21:654][  0]LogTargetPlatformManager: Display: Loaded TargetPlatform 'WindowsNoEditor'
[2020.10.30-18.55.21:663][  0]LogTargetPlatformManager: Display: Loaded TargetPlatform 'Windows'
[2020.10.30-18.55.21:672][  0]LogTargetPlatformManager: Display: Loaded TargetPlatform 'WindowsClient'
[2020.10.30-18.55.21:681][  0]LogTargetPlatformManager: Display: Loaded TargetPlatform 'WindowsServer'
[2020.10.30-18.55.21:681][  0]LogTargetPlatformManager: Display: Building Assets For Windows
[2020.10.30-18.55.21:689][  0]LogAudioDebug: Display: Lib vorbis DLL was dynamically loaded.
[2020.10.30-18.55.21:749][  0]LogShaderCompilers: Guid format shader working directory is 14 characters bigger than the processId version (D:/yeet/Unreal Projects/COURSEWORK/Intermediate/Shaders/WorkingDirectory/10768/).
[2020.10.30-18.55.21:749][  0]LogShaderCompilers: Cleaned the shader compiler working directory 'C:/Users/Shirehii/AppData/Local/Temp/UnrealShaderWorkingDir/6BA57B6D4D6FDE4D06F47E87DAB34103/'.
[2020.10.30-18.55.21:749][  0]LogXGEController: Cannot use XGE Controller as Incredibuild is not installed on this machine.
[2020.10.30-18.55.21:749][  0]LogShaderCompilers: Cannot use XGE Shader Compiler as Incredibuild is not installed on this machine.
[2020.10.30-18.55.21:749][  0]LogShaderCompilers: Display: Using Local Shader Compiler.
[2020.10.30-18.55.22:527][  0]LogDerivedDataCache: Display: Max Cache Size: 512 MB
[2020.10.30-18.55.22:587][  0]LogDerivedDataCache: Loaded boot cache 0.06s 76MB C:/Users/Shirehii/AppData/Local/UnrealEngine/4.25/DerivedDataCache/Boot.ddc.
[2020.10.30-18.55.22:587][  0]LogDerivedDataCache: Display: Loaded Boot cache: C:/Users/Shirehii/AppData/Local/UnrealEngine/4.25/DerivedDataCache/Boot.ddc
[2020.10.30-18.55.22:588][  0]LogDerivedDataCache: FDerivedDataBackendGraph:  Pak pak cache file D:/yeet/Unreal Projects/COURSEWORK/DerivedDataCache/DDC.ddp not found, will not use a pak cache.
[2020.10.30-18.55.22:588][  0]LogDerivedDataCache: Unable to find inner node Pak for hierarchical cache Hierarchy.
[2020.10.30-18.55.22:588][  0]LogDerivedDataCache: FDerivedDataBackendGraph:  CompressedPak pak cache file D:/yeet/Unreal Projects/COURSEWORK/DerivedDataCache/Compressed.ddp not found, will not use a pak cache.
[2020.10.30-18.55.22:588][  0]LogDerivedDataCache: Unable to find inner node CompressedPak for hierarchical cache Hierarchy.
[2020.10.30-18.55.22:600][  0]LogDerivedDataCache: Display: Pak cache opened for reading ../../../Engine/DerivedDataCache/Compressed.ddp.
[2020.10.30-18.55.22:600][  0]LogDerivedDataCache: FDerivedDataBackendGraph:  EnterprisePak pak cache file ../../../Enterprise/DerivedDataCache/Compressed.ddp not found, will not use a pak cache.
[2020.10.30-18.55.22:600][  0]LogDerivedDataCache: Unable to find inner node EnterprisePak for hierarchical cache Hierarchy.
[2020.10.30-18.55.22:601][  0]LogDerivedDataCache: Using Local data cache path C:/Users/Shirehii/AppData/Local/UnrealEngine/Common/DerivedDataCache: Writable
[2020.10.30-18.55.22:601][  0]LogDerivedDataCache: Shared data cache path not found in *engine.ini, will not use an Shared cache.
[2020.10.30-18.55.22:601][  0]LogDerivedDataCache: Unable to find inner node Shared for hierarchical cache Hierarchy.
[2020.10.30-18.55.22:655][  0]LogSlate: Using FreeType 2.10.0
[2020.10.30-18.55.22:655][  0]LogSlate: SlateFontServices - WITH_FREETYPE: 1, WITH_HARFBUZZ: 1
[2020.10.30-18.55.22:684][  0]LogAssetRegistry: FAssetRegistry took 0.0025 seconds to start up
[2020.10.30-18.55.22:932][  0]LogInit: Selected Device Profile: [Windows]
[2020.10.30-18.55.23:059][  0]LogMeshReduction: Using QuadricMeshReduction for automatic static mesh reduction
[2020.10.30-18.55.23:059][  0]LogMeshReduction: Using SimplygonMeshReduction for automatic skeletal mesh reduction
[2020.10.30-18.55.23:059][  0]LogMeshReduction: Using ProxyLODMeshReduction for automatic mesh merging
[2020.10.30-18.55.23:059][  0]LogMeshReduction: No distributed automatic mesh merging module available
[2020.10.30-18.55.23:059][  0]LogMeshMerging: No distributed automatic mesh merging module available
[2020.10.30-18.55.23:075][  0]LogNetVersion: COURSEWORK 1.0.0, NetCL: 13144385, EngineNetVer: 14, GameNetVer: 0 (Checksum: 3761094382)
[2020.10.30-18.55.23:562][  0]LogAISub: UAISubsystem::UAISubsystem AISubsystem (00000207A5B08380), frame # 0
[2020.10.30-18.55.23:562][  0]LogAISub: UAISubsystem::UAISubsystem AIPerceptionSystem (00000207A6A1FC40), frame # 0
[2020.10.30-18.55.23:564][  0]LogAISub: UAISubsystem::UAISubsystem EnvQueryManager (00000207A5AB4A00), frame # 0
[2020.10.30-18.55.23:622][  0]LogPackageLocalizationCache: Processed 19 localized package path(s) for 1 prioritized culture(s) in 0.051457 seconds
[2020.10.30-18.55.23:628][  0]LogUObjectArray: 15917 objects as part of root set at end of initial load.
[2020.10.30-18.55.23:628][  0]LogUObjectAllocator: 3965568 out of 0 bytes used by permanent object pool.
[2020.10.30-18.55.23:628][  0]LogUObjectArray: CloseDisregardForGC: 0/0 objects in disregard for GC pool
[2020.10.30-18.55.23:984][  0]LogTcpMessaging: Initializing TcpMessaging bridge
[2020.10.30-18.55.23:988][  0]LogUdpMessaging: Initializing bridge on interface 0.0.0.0:0 to multicast group 230.0.0.1:6666.
[2020.10.30-18.55.24:075][  0]SourceControl: Source control is disabled
[2020.10.30-18.55.24:075][  0]SourceControl: Source control is disabled
[2020.10.30-18.55.24:078][  0]SourceControl: Source control is disabled
[2020.10.30-18.55.24:081][  0]SourceControl: Source control is disabled
[2020.10.30-18.55.24:089][  0]SourceControl: Source control is disabled
[2020.10.30-18.55.24:339][  0]LogAndroidPermission: UAndroidPermissionCallbackProxy::GetInstance
[2020.10.30-18.55.24:359][  0]LogAudioCaptureCore: Display: No Audio Capture implementations found. Audio input will be silent.
[2020.10.30-18.55.24:359][  0]LogAudioCaptureCore: Display: No Audio Capture implementations found. Audio input will be silent.
[2020.10.30-18.55.24:426][  0]LogOcInput: OculusInput pre-init called
[2020.10.30-18.55.24:439][  0]LogWindows: Failed to load 'OVRPlugin.dll' (GetLastError=126)
[2020.10.30-18.55.24:439][  0]LogWindows: File 'OVRPlugin.dll' does not exist
[2020.10.30-18.55.24:506][  0]LogEngine: Initializing Engine...
[2020.10.30-18.55.24:507][  0]LogHMD: Failed to initialize OpenVR with code 110
[2020.10.30-18.55.24:507][  0]LogMagicLeap: Warning: VR disabled because ZI is not enabled.  To enable, in the editor, Edit -> Project Settings -> Plugins -> Magic Leap Plugin -> Enable Zero Iteration
[2020.10.30-18.55.24:508][  0]LogStats: UGameplayTagsManager::InitializeManager -  0.000 s
[2020.10.30-18.55.24:650][  0]LogInit: Initializing FReadOnlyCVARCache
[2020.10.30-18.55.24:658][  0]LogAIModule: Creating AISystem for world Untitled
[2020.10.30-18.55.24:658][  0]LogAISub: UAISubsystem::UAISubsystem EnvQueryManager (00000207A9BE5C00), frame # 0
[2020.10.30-18.55.24:658][  0]LogAISub: UAISubsystem::UAISubsystem AIPerceptionSystem (00000207A9C48680), frame # 0
[2020.10.30-18.55.24:683][  0]LogAudioMixer: Display: Audio Mixer Platform Settings:
[2020.10.30-18.55.24:683][  0]LogAudioMixer: Display: 	Sample Rate:						  48000
[2020.10.30-18.55.24:683][  0]LogAudioMixer: Display: 	Callback Buffer Frame Size Requested: 1024
[2020.10.30-18.55.24:683][  0]LogAudioMixer: Display: 	Callback Buffer Frame Size To Use:	  1024
[2020.10.30-18.55.24:683][  0]LogAudioMixer: Display: 	Number of buffers to queue:			  2
[2020.10.30-18.55.24:683][  0]LogAudioMixer: Display: 	Max Channels (voices):				  32
[2020.10.30-18.55.24:683][  0]LogAudioMixer: Display: 	Number of Async Source Workers:		  0
[2020.10.30-18.55.24:683][  0]LogAudio: Display: AudioDevice MaxSources: 32
[2020.10.30-18.55.24:684][  0]LogAudio: Display: Using built-in audio occlusion.
[2020.10.30-18.55.24:684][  0]LogAudioMixer: Display: Initializing audio mixer.
[2020.10.30-18.55.24:700][  0]LogAudioMixer: Display: 0: FrontLeft
[2020.10.30-18.55.24:700][  0]LogAudioMixer: Display: 1: FrontRight
[2020.10.30-18.55.25:190][  0]LogAudioMixer: Display: Using Audio Device Speakers (2- Realtek High Definition Audio)
[2020.10.30-18.55.25:193][  0]LogAudioMixer: Display: Initializing Sound Submixes...
[2020.10.30-18.55.25:196][  0]LogAudioMixer: Display: Creating Master Submix 'MasterSubmixDefault'
[2020.10.30-18.55.25:196][  0]LogAudioMixer: Display: Creating Master Submix 'MasterReverbSubmixDefault'
[2020.10.30-18.55.25:198][  0]LogAudioMixer: Display: Creating Master Submix 'MasterEQSubmixDefault'
[2020.10.30-18.55.25:199][  0]LogInit: FAudioDevice initialized.
[2020.10.30-18.55.25:199][  0]LogNetVersion: Set ProjectVersion to 1.0.0.0. Version Checksum will be recalculated on next use.
[2020.10.30-18.55.25:255][  0]LogDerivedDataCache: Saved boot cache 0.06s 76MB C:/Users/Shirehii/AppData/Local/UnrealEngine/4.25/DerivedDataCache/Boot.ddc.
[2020.10.30-18.55.25:261][  0]LogInit: Texture streaming: Enabled
[2020.10.30-18.55.25:279][  0]LogEngineSessionManager: EngineSessionManager initialized
[2020.10.30-18.55.25:279][  0]LogEditorSessionSummary: Verbose: Initializing EditorSessionSummaryWriter for editor session tracking
[2020.10.30-18.55.25:281][  0]LogEditorSessionSummary: EditorSessionSummaryWriter initialized
[2020.10.30-18.55.25:328][  0]LogInit: Transaction tracking system initialized
[2020.10.30-18.55.25:349][  0]BlueprintLog: New page: Editor Load
[2020.10.30-18.55.25:420][  0]LocalizationService: Localization service is disabled
[2020.10.30-18.55.25:581][  0]LogCook: Display: Max memory allowance for cook 16384mb min free memory 0mb
[2020.10.30-18.55.25:581][  0]LogCook: Display: Mobile HDR setting 1
[2020.10.30-18.55.25:596][  0]LogFileCache: Scanning file cache for directory 'D:/yeet/Unreal Projects/COURSEWORK/Content/' took 0.00s
[2020.10.30-18.55.25:946][  0]SourceControl: Source control is disabled
[2020.10.30-18.55.25:946][  0]LogUnrealEdMisc: Loading editor; pre map load, took 7.310
[2020.10.30-18.55.25:946][  0]Cmd: MAP LOAD FILE="D:/yeet/Unreal Projects/COURSEWORK/Content/StarterContent/Maps/Minimal_Default.umap" TEMPLATE=0 SHOWPROGRESS=1 FEATURELEVEL=3
[2020.10.30-18.55.25:946][  0]LightingResults: New page: Lighting Build
[2020.10.30-18.55.25:947][  0]LogWorld: UWorld::CleanupWorld for Untitled, bSessionEnded=true, bCleanupResources=true
[2020.10.30-18.55.25:947][  0]LogSlate: InvalidateAllWidgets triggered.  All widgets were invalidated
[2020.10.30-18.55.25:947][  0]MapCheck: New page: Map Check
[2020.10.30-18.55.25:947][  0]LightingResults: New page: Lighting Build
[2020.10.30-18.55.25:957][  0]LogAISub: UAISubsystem::~UAISubsystem EnvQueryManager (00000207A9BE5C00), frame # 0
[2020.10.30-18.55.25:957][  0]LogAISub: UAISubsystem::~UAISubsystem AIPerceptionSystem (00000207A9C48680), frame # 0
[2020.10.30-18.55.25:957][  0]LogUObjectHash: Compacting FUObjectHashTables data took   0.64ms
[2020.10.30-18.55.26:069][  0]LogStaticMesh: Building static mesh Floor_400x400...
[2020.10.30-18.55.26:073][  0]LogStaticMesh: Built static mesh [0.01s] /Game/StarterContent/Architecture/Floor_400x400.Floor_400x400
[2020.10.30-18.55.26:121][  0]LogAIModule: Creating AISystem for world Minimal_Default
[2020.10.30-18.55.26:121][  0]LogAISub: UAISubsystem::UAISubsystem EnvQueryManager (000002079C83CE00), frame # 0
[2020.10.30-18.55.26:121][  0]LogAISub: UAISubsystem::UAISubsystem AIPerceptionSystem (000002079C738F40), frame # 0
[2020.10.30-18.55.26:128][  0]LogEditorServer: Finished looking for orphan Actors (0.000 secs)
[2020.10.30-18.55.26:141][  0]LogUObjectHash: Compacting FUObjectHashTables data took   1.42ms
[2020.10.30-18.55.26:142][  0]Cmd: MAP CHECKDEP NOCLEARLOG
[2020.10.30-18.55.26:142][  0]MapCheck: Map check complete: 0 Error(s), 0 Warning(s), took 0.15ms to complete.
[2020.10.30-18.55.26:142][  0]LogFileHelpers: Loading map 'Minimal_Default' took 0.196
[2020.10.30-18.55.26:145][  0]LogUnrealEdMisc: Total Editor Startup Time, took 7.508
[2020.10.30-18.55.26:255][  0]LogSlate: Updating window title bar state: overlay mode, drag disabled, window buttons hidden, title bar hidden
[2020.10.30-18.55.26:262][  0]LogSlate: Updating window title bar state: overlay mode, drag disabled, window buttons hidden, title bar hidden
[2020.10.30-18.55.26:271][  0]LogSlate: Updating window title bar state: overlay mode, drag disabled, window buttons hidden, title bar hidden
[2020.10.30-18.55.26:284][  0]LogSlate: Updating window title bar state: overlay mode, drag disabled, window buttons hidden, title bar hidden
[2020.10.30-18.55.26:292][  0]LogCollectionManager: Loaded 0 collections in 0.001983 seconds
[2020.10.30-18.55.26:307][  0]LogFileCache: Scanning file cache for directory 'D:/yeet/Unreal Projects/COURSEWORK/Saved/Collections/' took 0.00s
[2020.10.30-18.55.26:307][  0]LogFileCache: Scanning file cache for directory 'D:/yeet/Unreal Projects/COURSEWORK/Content/Developers/Shirehii/Collections/' took 0.00s
[2020.10.30-18.55.26:307][  0]LogFileCache: Scanning file cache for directory 'D:/yeet/Unreal Projects/COURSEWORK/Content/Collections/' took 0.00s
[2020.10.30-18.55.26:307][  0]LogContentBrowser: Native class hierarchy populated in 0.0110 seconds. Added 3427 classes and 821 folders.
[2020.10.30-18.55.26:309][  0]LogContentBrowser: Native class hierarchy updated for 'WidgetCarousel' in 0.0002 seconds. Added 0 classes and 0 folders.
[2020.10.30-18.55.26:363][  0]LogContentBrowser: Native class hierarchy updated for 'AddContentDialog' in 0.0003 seconds. Added 0 classes and 0 folders.
[2020.10.30-18.55.26:365][  0]LogContentBrowser: Native class hierarchy updated for 'SceneOutliner' in 0.0002 seconds. Added 2 classes and 0 folders.
[2020.10.30-18.55.26:473][  0]LogSlate: Took 0.000310 seconds to synchronously load lazily loaded font '../../../Engine/Content/Slate/Fonts/Roboto-Regular.ttf' (155K)
[2020.10.30-18.55.26:480][  0]LogSlate: Took 0.000213 seconds to synchronously load lazily loaded font '../../../Engine/Content/Slate/Fonts/Roboto-Bold.ttf' (160K)
[2020.10.30-18.55.26:482][  0]LogSlate: Took 0.000138 seconds to synchronously load lazily loaded font '../../../Engine/Content/Editor/Slate/Fonts/FontAwesome.ttf' (139K)
[2020.10.30-18.55.26:552][  0]LogRenderer: Reallocating scene render targets to support 1012x572 Format 10 NumSamples 1 (Frame:1).
[2020.10.30-18.55.26:736][  0]LogContentBrowser: Native class hierarchy updated for 'HierarchicalLODOutliner' in 0.0003 seconds. Added 0 classes and 0 folders.
[2020.10.30-18.55.26:736][  0]LogLoad: (Engine Initialization) Total time: 8.10 seconds
[2020.10.30-18.55.26:736][  0]LogLoad: (Engine Initialization) Total Blueprint compile time: 0.00 seconds
[2020.10.30-18.55.26:797][  0]LogAssetRegistry: Asset discovery search completed in 4.1132 seconds
[2020.10.30-18.55.26:803][  0]LogCollectionManager: Fixed up redirectors for 0 collections in 0.000002 seconds (updated 0 objects)
[2020.10.30-18.55.26:804][  0]LogContentStreaming: Texture pool size now 1000 MB
[2020.10.30-18.55.26:818][  0]LogSlate: Took 0.000169 seconds to synchronously load lazily loaded font '../../../Engine/Content/Slate/Fonts/Roboto-Light.ttf' (167K)
[2020.10.30-18.55.28:239][ 84]LogEditorViewport: Clicking on Actor (LMB): StaticMeshActor (Table)
[2020.10.30-18.55.29:334][148]Cmd: DELETE
[2020.10.30-18.55.29:334][148]Cmd: ACTOR DELETE
[2020.10.30-18.55.29:337][148]LogEditorActor: Deleted Actor: StaticMeshActor
[2020.10.30-18.55.29:347][148]LogUObjectHash: Compacting FUObjectHashTables data took   0.57ms
[2020.10.30-18.55.29:349][148]LogEditorActor: Deleted 1 Actors (0.014 secs)
[2020.10.30-18.55.29:751][172]LogEditorViewport: Clicking on Actor (LMB): StaticMeshActor (Chair)
[2020.10.30-18.55.29:873][178]Cmd: DELETE
[2020.10.30-18.55.29:873][178]Cmd: ACTOR DELETE
[2020.10.30-18.55.29:876][178]LogEditorActor: Deleted Actor: StaticMeshActor
[2020.10.30-18.55.29:886][178]LogUObjectHash: Compacting FUObjectHashTables data took   0.28ms
[2020.10.30-18.55.29:887][178]LogEditorActor: Deleted 1 Actors (0.014 secs)
[2020.10.30-18.55.30:373][207]LogEditorViewport: Clicking on Actor (LMB): BP_Sky_Sphere_C (BP_Sky_Sphere)
[2020.10.30-18.55.30:770][230]LogEditorViewport: Clicking on Actor (LMB): StaticMeshActor (Statue)
[2020.10.30-18.55.30:975][241]Cmd: DELETE
[2020.10.30-18.55.30:975][241]Cmd: ACTOR DELETE
[2020.10.30-18.55.30:976][241]LogEditorActor: Deleted Actor: StaticMeshActor
[2020.10.30-18.55.30:986][241]LogUObjectHash: Compacting FUObjectHashTables data took   0.24ms
[2020.10.30-18.55.30:987][241]LogEditorActor: Deleted 1 Actors (0.012 secs)
[2020.10.30-18.55.31:352][263]LogEditorViewport: Clicking on Actor (LMB): StaticMeshActor (Chair)
[2020.10.30-18.55.31:474][269]Cmd: DELETE
[2020.10.30-18.55.31:474][269]Cmd: ACTOR DELETE
[2020.10.30-18.55.31:476][269]LogEditorActor: Deleted Actor: StaticMeshActor
[2020.10.30-18.55.31:484][269]LogUObjectHash: Compacting FUObjectHashTables data took   0.21ms
[2020.10.30-18.55.31:485][269]LogEditorActor: Deleted 1 Actors (0.011 secs)
[2020.10.30-18.55.31:893][294]LogEditorViewport: Clicking on Actor (LMB): StaticMeshActor (Floor)
[2020.10.30-18.55.31:984][298]Cmd: DELETE
[2020.10.30-18.55.31:984][298]Cmd: ACTOR DELETE
[2020.10.30-18.55.31:985][298]LogEditorActor: Deleted Actor: StaticMeshActor
[2020.10.30-18.55.31:995][298]LogUObjectHash: Compacting FUObjectHashTables data took   0.29ms
[2020.10.30-18.55.31:996][298]LogEditorActor: Deleted 1 Actors (0.012 secs)
[2020.10.30-18.55.34:070][423]LogEditorViewport: Clicking on Actor (LMB): StaticMeshActor (Floor)
[2020.10.30-18.55.36:354][553]LogSlate: Took 0.000195 seconds to synchronously load lazily loaded font '../../../Engine/Content/Slate/Fonts/Roboto-Italic.ttf' (157K)
[2020.10.30-18.55.38:903][699]LogSlate: Took 0.000256 seconds to synchronously load lazily loaded font '../../../Engine/Content/Slate/Fonts/Roboto-Light.ttf' (167K)
[2020.10.30-18.55.52:205][477]LogUObjectHash: Compacting FUObjectHashTables data took   0.23ms
[2020.10.30-18.55.52:261][477]LogSavePackage: Moving 'D:/yeet/Unreal Projects/COURSEWORK/Saved/Minimal_DefaultF3C537E6481CD89A5B6C9E9C7690A9E2.tmp' to 'D:/yeet/Unreal Projects/COURSEWORK/Content/StarterContent/Maps/Minimal_Default.umap'
[2020.10.30-18.55.52:283][477]Cmd: OBJ SAVEPACKAGE PACKAGE="/Game/StarterContent/Maps/Minimal_Default_BuiltData" FILE="D:/yeet/Unreal Projects/COURSEWORK/Content/StarterContent/Maps/Minimal_Default_BuiltData.uasset" SILENT=true
[2020.10.30-18.55.52:333][477]LogSavePackage: Moving 'D:/yeet/Unreal Projects/COURSEWORK/Saved/Minimal_Default_BuiltData7EA7838A443B62505AE001926AC68969.tmp' to 'D:/yeet/Unreal Projects/COURSEWORK/Content/StarterContent/Maps/Minimal_Default_BuiltData.uasset'
[2020.10.30-18.55.52:352][477]AssetCheck: New page: Asset Save: multiple assets
[2020.10.30-18.55.52:352][477]LogContentValidation: Display: Validating World /Game/StarterContent/Maps/Minimal_Default.Minimal_Default
[2020.10.30-18.55.52:352][477]LogContentValidation: Display: Validating MapBuildDataRegistry /Game/StarterContent/Maps/Minimal_Default_BuiltData.Minimal_Default_BuiltData
[2020.10.30-18.55.56:232][605]LogEditorViewport: Clicking on Actor (LMB): StaticMeshActor (Floor)
[2020.10.30-18.56.04:039][ 71]LogEditorViewport: Clicking on Actor (LMB): StaticMeshActor (Floor)
[2020.10.30-18.58.30:451][315]LogEditorViewport: Clicking on Actor (LMB): BP_Sky_Sphere_C (BP_Sky_Sphere)
[2020.10.30-18.58.31:107][353]LogEditorViewport: Clicking on Actor (LMB): StaticMeshActor (Floor)
[2020.10.30-18.59.55:137][334]LogTemp: Repeating last play command: Selected Viewport
[2020.10.30-18.59.55:150][334]LogPlayLevel: PlayLevel: No blueprints needed recompiling
[2020.10.30-18.59.55:150][334]PIE: New page: PIE session: Minimal_Default (Oct 30, 2020, 10:59:55 PM)
[2020.10.30-18.59.55:151][334]LogOnline: OSS: Creating online subsystem instance for: NULL
[2020.10.30-18.59.55:152][334]LogOnline: OSS: TryLoadSubsystemAndSetDefault: Loaded subsystem for module [NULL]
[2020.10.30-18.59.55:153][334]LogPlayLevel: Creating play world package: /Game/StarterContent/Maps/UEDPIE_0_Minimal_Default
[2020.10.30-18.59.55:156][334]LogPlayLevel: PIE: StaticDuplicateObject took: (0.002932s)
[2020.10.30-18.59.55:157][334]LogAIModule: Creating AISystem for world Minimal_Default
[2020.10.30-18.59.55:157][334]LogAISub: UAISubsystem::UAISubsystem EnvQueryManager (00000207AF62F600), frame # 14334
[2020.10.30-18.59.55:157][334]LogAISub: UAISubsystem::UAISubsystem AIPerceptionSystem (00000207AF6E6840), frame # 14334
[2020.10.30-18.59.55:158][334]LogPlayLevel: PIE: World Init took: (0.002165s)
[2020.10.30-18.59.55:158][334]LogPlayLevel: PIE: Created PIE world by copying editor world from /Game/StarterContent/Maps/Minimal_Default.Minimal_Default to /Game/StarterContent/Maps/UEDPIE_0_Minimal_Default.Minimal_Default (0.005334s)
[2020.10.30-18.59.55:167][334]LogUObjectHash: Compacting FUObjectHashTables data took   0.69ms
[2020.10.30-18.59.55:169][334]LogAudioMixer: Display: Audio Mixer Platform Settings:
[2020.10.30-18.59.55:169][334]LogAudioMixer: Display: 	Sample Rate:						  48000
[2020.10.30-18.59.55:169][334]LogAudioMixer: Display: 	Callback Buffer Frame Size Requested: 1024
[2020.10.30-18.59.55:169][334]LogAudioMixer: Display: 	Callback Buffer Frame Size To Use:	  1024
[2020.10.30-18.59.55:169][334]LogAudioMixer: Display: 	Number of buffers to queue:			  2
[2020.10.30-18.59.55:169][334]LogAudioMixer: Display: 	Max Channels (voices):				  32
[2020.10.30-18.59.55:169][334]LogAudioMixer: Display: 	Number of Async Source Workers:		  0
[2020.10.30-18.59.55:169][334]LogAudio: Display: AudioDevice MaxSources: 32
[2020.10.30-18.59.55:170][334]LogAudio: Display: Using built-in audio occlusion.
[2020.10.30-18.59.55:170][334]LogAudioMixer: Display: Initializing audio mixer.
[2020.10.30-18.59.55:175][334]LogAudioMixer: Display: 0: FrontLeft
[2020.10.30-18.59.55:175][334]LogAudioMixer: Display: 1: FrontRight
[2020.10.30-18.59.55:256][334]LogAudioMixer: Display: Using Audio Device Speakers (2- Realtek High Definition Audio)
[2020.10.30-18.59.55:257][334]LogAudioMixer: Display: Initializing Sound Submixes...
[2020.10.30-18.59.55:257][334]LogAudioMixer: Display: Creating Master Submix 'MasterSubmixDefault'
[2020.10.30-18.59.55:257][334]LogAudioMixer: Display: Creating Master Submix 'MasterReverbSubmixDefault'
[2020.10.30-18.59.55:257][334]LogAudioMixer: Display: Creating Master Submix 'MasterEQSubmixDefault'
[2020.10.30-18.59.55:271][334]LogInit: FAudioDevice initialized.
[2020.10.30-18.59.55:281][334]LogLoad: Game class is 'GameModeBase'
[2020.10.30-18.59.55:283][334]LogWorld: Bringing World /Game/StarterContent/Maps/UEDPIE_0_Minimal_Default.Minimal_Default up for play (max tick rate 60) at 2020.10.30-20.59.55
[2020.10.30-18.59.55:283][334]LogWorld: Bringing up level for play took: 0.000754
[2020.10.30-18.59.55:283][334]LogOnline: OSS: Creating online subsystem instance for: :Context_3
[2020.10.30-18.59.55:287][334]LogContentBrowser: Native class hierarchy updated for 'MovieSceneCapture' in 0.0004 seconds. Added 20 classes and 0 folders.
[2020.10.30-18.59.55:288][334]PIE: Server logged in
[2020.10.30-18.59.55:289][334]PIE: Play in editor total start time 0.141 seconds.
[2020.10.30-19.00.06:731][ 11]LogSlate: Updating window title bar state: overlay mode, drag disabled, window buttons hidden, title bar hidden
[2020.10.30-19.00.06:731][ 11]LogWorld: BeginTearingDown for /Game/StarterContent/Maps/UEDPIE_0_Minimal_Default
[2020.10.30-19.00.06:731][ 11]LogWorld: UWorld::CleanupWorld for Minimal_Default, bSessionEnded=true, bCleanupResources=true
[2020.10.30-19.00.06:731][ 11]LogSlate: InvalidateAllWidgets triggered.  All widgets were invalidated
[2020.10.30-19.00.06:742][ 11]LogPlayLevel: Display: Shutting down PIE online subsystems
[2020.10.30-19.00.06:743][ 11]LogSlate: InvalidateAllWidgets triggered.  All widgets were invalidated
[2020.10.30-19.00.06:772][ 11]LogSlate: Updating window title bar state: overlay mode, drag disabled, window buttons hidden, title bar hidden
[2020.10.30-19.00.06:773][ 11]LogAISub: UAISubsystem::~UAISubsystem EnvQueryManager (00000207AF62F600), frame # 15011
[2020.10.30-19.00.06:774][ 11]LogAISub: UAISubsystem::~UAISubsystem AIPerceptionSystem (00000207AF6E6840), frame # 15011
[2020.10.30-19.00.06:774][ 11]LogUObjectHash: Compacting FUObjectHashTables data took   0.58ms
[2020.10.30-19.00.06:797][ 12]LogPlayLevel: Display: Destroying online subsystem :Context_3
[2020.10.30-19.00.07:947][ 80]LogTemp: Repeating last play command: Selected Viewport
[2020.10.30-19.00.07:958][ 80]LogPlayLevel: PlayLevel: No blueprints needed recompiling
[2020.10.30-19.00.07:958][ 80]PIE: New page: PIE session: Minimal_Default (Oct 30, 2020, 11:00:07 PM)
[2020.10.30-19.00.07:979][ 80]LogPlayLevel: Creating play world package: /Game/StarterContent/Maps/UEDPIE_0_Minimal_Default
[2020.10.30-19.00.07:982][ 80]LogPlayLevel: PIE: StaticDuplicateObject took: (0.002660s)
[2020.10.30-19.00.07:983][ 80]LogAIModule: Creating AISystem for world Minimal_Default
[2020.10.30-19.00.07:983][ 80]LogAISub: UAISubsystem::UAISubsystem EnvQueryManager (00000207C97C4600), frame # 15080
[2020.10.30-19.00.07:983][ 80]LogAISub: UAISubsystem::UAISubsystem AIPerceptionSystem (00000207AF73E840), frame # 15080
[2020.10.30-19.00.07:984][ 80]LogPlayLevel: PIE: World Init took: (0.002019s)
[2020.10.30-19.00.07:984][ 80]LogPlayLevel: PIE: Created PIE world by copying editor world from /Game/StarterContent/Maps/Minimal_Default.Minimal_Default to /Game/StarterContent/Maps/UEDPIE_0_Minimal_Default.Minimal_Default (0.004824s)
[2020.10.30-19.00.07:993][ 80]LogUObjectHash: Compacting FUObjectHashTables data took   0.52ms
[2020.10.30-19.00.07:995][ 80]LogAudioMixer: Display: Audio Mixer Platform Settings:
[2020.10.30-19.00.07:995][ 80]LogAudioMixer: Display: 	Sample Rate:						  48000
[2020.10.30-19.00.07:995][ 80]LogAudioMixer: Display: 	Callback Buffer Frame Size Requested: 1024
[2020.10.30-19.00.07:995][ 80]LogAudioMixer: Display: 	Callback Buffer Frame Size To Use:	  1024
[2020.10.30-19.00.07:995][ 80]LogAudioMixer: Display: 	Number of buffers to queue:			  2
[2020.10.30-19.00.07:995][ 80]LogAudioMixer: Display: 	Max Channels (voices):				  32
[2020.10.30-19.00.07:995][ 80]LogAudioMixer: Display: 	Number of Async Source Workers:		  0
[2020.10.30-19.00.07:995][ 80]LogAudio: Display: AudioDevice MaxSources: 32
[2020.10.30-19.00.07:995][ 80]LogAudio: Display: Using built-in audio occlusion.
[2020.10.30-19.00.07:995][ 80]LogAudioMixer: Display: Initializing audio mixer.
[2020.10.30-19.00.08:000][ 80]LogAudioMixer: Display: 0: FrontLeft
[2020.10.30-19.00.08:000][ 80]LogAudioMixer: Display: 1: FrontRight
[2020.10.30-19.00.08:076][ 80]LogAudioMixer: Display: Using Audio Device Speakers (2- Realtek High Definition Audio)
[2020.10.30-19.00.08:076][ 80]LogAudioMixer: Display: Initializing Sound Submixes...
[2020.10.30-19.00.08:076][ 80]LogAudioMixer: Display: Creating Master Submix 'MasterSubmixDefault'
[2020.10.30-19.00.08:076][ 80]LogAudioMixer: Display: Creating Master Submix 'MasterReverbSubmixDefault'
[2020.10.30-19.00.08:077][ 80]LogAudioMixer: Display: Creating Master Submix 'MasterEQSubmixDefault'
[2020.10.30-19.00.08:091][ 80]LogInit: FAudioDevice initialized.
[2020.10.30-19.00.08:098][ 80]LogLoad: Game class is 'GameModeBase'
[2020.10.30-19.00.08:100][ 80]LogWorld: Bringing World /Game/StarterContent/Maps/UEDPIE_0_Minimal_Default.Minimal_Default up for play (max tick rate 60) at 2020.10.30-21.00.08
[2020.10.30-19.00.08:100][ 80]LogWorld: Bringing up level for play took: 0.000590
[2020.10.30-19.00.08:100][ 80]LogOnline: OSS: Creating online subsystem instance for: :Context_4
[2020.10.30-19.00.08:103][ 80]PIE: Server logged in
[2020.10.30-19.00.08:103][ 80]PIE: Play in editor total start time 0.146 seconds.
[2020.10.30-19.00.11:400][267]LogSlate: Updating window title bar state: overlay mode, drag disabled, window buttons hidden, title bar hidden
[2020.10.30-19.00.11:402][267]LogWorld: BeginTearingDown for /Game/StarterContent/Maps/UEDPIE_0_Minimal_Default
[2020.10.30-19.00.11:403][267]LogWorld: UWorld::CleanupWorld for Minimal_Default, bSessionEnded=true, bCleanupResources=true
[2020.10.30-19.00.11:405][267]LogSlate: InvalidateAllWidgets triggered.  All widgets were invalidated
[2020.10.30-19.00.11:416][267]LogPlayLevel: Display: Shutting down PIE online subsystems
[2020.10.30-19.00.11:417][267]LogSlate: InvalidateAllWidgets triggered.  All widgets were invalidated
[2020.10.30-19.00.11:425][267]LogSlate: Updating window title bar state: overlay mode, drag disabled, window buttons hidden, title bar hidden
[2020.10.30-19.00.11:446][267]LogAISub: UAISubsystem::~UAISubsystem AIPerceptionSystem (00000207AF73E840), frame # 15267
[2020.10.30-19.00.11:446][267]LogAISub: UAISubsystem::~UAISubsystem EnvQueryManager (00000207C97C4600), frame # 15267
[2020.10.30-19.00.11:447][267]LogUObjectHash: Compacting FUObjectHashTables data took   0.64ms
[2020.10.30-19.00.11:468][268]LogPlayLevel: Display: Destroying online subsystem :Context_4
[2020.10.30-19.00.40:190][161]LogTemp: Repeating last play command: Selected Viewport
[2020.10.30-19.00.40:201][161]LogPlayLevel: PlayLevel: No blueprints needed recompiling
[2020.10.30-19.00.40:201][161]PIE: New page: PIE session: Minimal_Default (Oct 30, 2020, 11:00:40 PM)
[2020.10.30-19.00.40:201][161]LogPlayLevel: Creating play world package: /Game/StarterContent/Maps/UEDPIE_0_Minimal_Default
[2020.10.30-19.00.40:205][161]LogPlayLevel: PIE: StaticDuplicateObject took: (0.003199s)
[2020.10.30-19.00.40:206][161]LogAIModule: Creating AISystem for world Minimal_Default
[2020.10.30-19.00.40:206][161]LogAISub: UAISubsystem::UAISubsystem EnvQueryManager (00000207C9330A00), frame # 16161
[2020.10.30-19.00.40:206][161]LogAISub: UAISubsystem::UAISubsystem AIPerceptionSystem (00000207AF6E5440), frame # 16161
[2020.10.30-19.00.40:207][161]LogPlayLevel: PIE: World Init took: (0.002113s)
[2020.10.30-19.00.40:207][161]LogPlayLevel: PIE: Created PIE world by copying editor world from /Game/StarterContent/Maps/Minimal_Default.Minimal_Default to /Game/StarterContent/Maps/UEDPIE_0_Minimal_Default.Minimal_Default (0.005498s)
[2020.10.30-19.00.40:217][161]LogUObjectHash: Compacting FUObjectHashTables data took   0.66ms
[2020.10.30-19.00.40:218][161]LogAudioMixer: Display: Audio Mixer Platform Settings:
[2020.10.30-19.00.40:218][161]LogAudioMixer: Display: 	Sample Rate:						  48000
[2020.10.30-19.00.40:218][161]LogAudioMixer: Display: 	Callback Buffer Frame Size Requested: 1024
[2020.10.30-19.00.40:218][161]LogAudioMixer: Display: 	Callback Buffer Frame Size To Use:	  1024
[2020.10.30-19.00.40:218][161]LogAudioMixer: Display: 	Number of buffers to queue:			  2
[2020.10.30-19.00.40:218][161]LogAudioMixer: Display: 	Max Channels (voices):				  32
[2020.10.30-19.00.40:218][161]LogAudioMixer: Display: 	Number of Async Source Workers:		  0
[2020.10.30-19.00.40:218][161]LogAudio: Display: AudioDevice MaxSources: 32
[2020.10.30-19.00.40:219][161]LogAudio: Display: Using built-in audio occlusion.
[2020.10.30-19.00.40:219][161]LogAudioMixer: Display: Initializing audio mixer.
[2020.10.30-19.00.40:222][161]LogAudioMixer: Display: 0: FrontLeft
[2020.10.30-19.00.40:222][161]LogAudioMixer: Display: 1: FrontRight
[2020.10.30-19.00.40:301][161]LogAudioMixer: Display: Using Audio Device Speakers (2- Realtek High Definition Audio)
[2020.10.30-19.00.40:301][161]LogAudioMixer: Display: Initializing Sound Submixes...
[2020.10.30-19.00.40:301][161]LogAudioMixer: Display: Creating Master Submix 'MasterSubmixDefault'
[2020.10.30-19.00.40:301][161]LogAudioMixer: Display: Creating Master Submix 'MasterReverbSubmixDefault'
[2020.10.30-19.00.40:302][161]LogAudioMixer: Display: Creating Master Submix 'MasterEQSubmixDefault'
[2020.10.30-19.00.40:315][161]LogInit: FAudioDevice initialized.
[2020.10.30-19.00.40:324][161]LogLoad: Game class is 'GameModeBase'
[2020.10.30-19.00.40:325][161]LogWorld: Bringing World /Game/StarterContent/Maps/UEDPIE_0_Minimal_Default.Minimal_Default up for play (max tick rate 60) at 2020.10.30-21.00.40
[2020.10.30-19.00.40:325][161]LogWorld: Bringing up level for play took: 0.000662
[2020.10.30-19.00.40:326][161]LogOnline: OSS: Creating online subsystem instance for: :Context_5
[2020.10.30-19.00.40:328][161]PIE: Server logged in
[2020.10.30-19.00.40:329][161]PIE: Play in editor total start time 0.128 seconds.
[2020.10.30-19.00.41:230][208]LogSlate: Updating window title bar state: overlay mode, drag disabled, window buttons hidden, title bar hidden
[2020.10.30-19.00.41:231][208]LogWorld: BeginTearingDown for /Game/StarterContent/Maps/UEDPIE_0_Minimal_Default
[2020.10.30-19.00.41:231][208]LogWorld: UWorld::CleanupWorld for Minimal_Default, bSessionEnded=true, bCleanupResources=true
[2020.10.30-19.00.41:231][208]LogSlate: InvalidateAllWidgets triggered.  All widgets were invalidated
[2020.10.30-19.00.41:238][208]LogPlayLevel: Display: Shutting down PIE online subsystems
[2020.10.30-19.00.41:239][208]LogSlate: InvalidateAllWidgets triggered.  All widgets were invalidated
[2020.10.30-19.00.41:268][208]LogSlate: Updating window title bar state: overlay mode, drag disabled, window buttons hidden, title bar hidden
[2020.10.30-19.00.41:269][208]LogAISub: UAISubsystem::~UAISubsystem AIPerceptionSystem (00000207AF6E5440), frame # 16208
[2020.10.30-19.00.41:269][208]LogAISub: UAISubsystem::~UAISubsystem EnvQueryManager (00000207C9330A00), frame # 16208
[2020.10.30-19.00.41:270][208]LogUObjectHash: Compacting FUObjectHashTables data took   0.56ms
[2020.10.30-19.00.41:304][210]LogPlayLevel: Display: Destroying online subsystem :Context_5
[2020.10.30-19.00.48:301][624]LogTemp: Repeating last play command: Selected Viewport
[2020.10.30-19.00.48:312][624]LogPlayLevel: PlayLevel: No blueprints needed recompiling
[2020.10.30-19.00.48:312][624]PIE: New page: PIE session: Minimal_Default (Oct 30, 2020, 11:00:48 PM)
[2020.10.30-19.00.48:312][624]LogPlayLevel: Creating play world package: /Game/StarterContent/Maps/UEDPIE_0_Minimal_Default
[2020.10.30-19.00.48:315][624]LogPlayLevel: PIE: StaticDuplicateObject took: (0.002864s)
[2020.10.30-19.00.48:317][624]LogAIModule: Creating AISystem for world Minimal_Default
[2020.10.30-19.00.48:317][624]LogAISub: UAISubsystem::UAISubsystem EnvQueryManager (00000207CB969000), frame # 16624
[2020.10.30-19.00.48:317][624]LogAISub: UAISubsystem::UAISubsystem AIPerceptionSystem (00000207AF6E4A40), frame # 16624
[2020.10.30-19.00.48:317][624]LogPlayLevel: PIE: World Init took: (0.002163s)
[2020.10.30-19.00.48:317][624]LogPlayLevel: PIE: Created PIE world by copying editor world from /Game/StarterContent/Maps/Minimal_Default.Minimal_Default to /Game/StarterContent/Maps/UEDPIE_0_Minimal_Default.Minimal_Default (0.005157s)
[2020.10.30-19.00.48:326][624]LogUObjectHash: Compacting FUObjectHashTables data took   0.57ms
[2020.10.30-19.00.48:328][624]LogAudioMixer: Display: Audio Mixer Platform Settings:
[2020.10.30-19.00.48:328][624]LogAudioMixer: Display: 	Sample Rate:						  48000
[2020.10.30-19.00.48:328][624]LogAudioMixer: Display: 	Callback Buffer Frame Size Requested: 1024
[2020.10.30-19.00.48:328][624]LogAudioMixer: Display: 	Callback Buffer Frame Size To Use:	  1024
[2020.10.30-19.00.48:328][624]LogAudioMixer: Display: 	Number of buffers to queue:			  2
[2020.10.30-19.00.48:328][624]LogAudioMixer: Display: 	Max Channels (voices):				  32
[2020.10.30-19.00.48:328][624]LogAudioMixer: Display: 	Number of Async Source Workers:		  0
[2020.10.30-19.00.48:328][624]LogAudio: Display: AudioDevice MaxSources: 32
[2020.10.30-19.00.48:328][624]LogAudio: Display: Using built-in audio occlusion.
[2020.10.30-19.00.48:328][624]LogAudioMixer: Display: Initializing audio mixer.
[2020.10.30-19.00.48:332][624]LogAudioMixer: Display: 0: FrontLeft
[2020.10.30-19.00.48:332][624]LogAudioMixer: Display: 1: FrontRight
[2020.10.30-19.00.48:409][624]LogAudioMixer: Display: Using Audio Device Speakers (2- Realtek High Definition Audio)
[2020.10.30-19.00.48:409][624]LogAudioMixer: Display: Initializing Sound Submixes...
[2020.10.30-19.00.48:409][624]LogAudioMixer: Display: Creating Master Submix 'MasterSubmixDefault'
[2020.10.30-19.00.48:409][624]LogAudioMixer: Display: Creating Master Submix 'MasterReverbSubmixDefault'
[2020.10.30-19.00.48:410][624]LogAudioMixer: Display: Creating Master Submix 'MasterEQSubmixDefault'
[2020.10.30-19.00.48:424][624]LogInit: FAudioDevice initialized.
[2020.10.30-19.00.48:431][624]LogLoad: Game class is 'GameModeBase'
[2020.10.30-19.00.48:433][624]LogWorld: Bringing World /Game/StarterContent/Maps/UEDPIE_0_Minimal_Default.Minimal_Default up for play (max tick rate 60) at 2020.10.30-21.00.48
[2020.10.30-19.00.48:433][624]LogWorld: Bringing up level for play took: 0.000619
[2020.10.30-19.00.48:433][624]LogOnline: OSS: Creating online subsystem instance for: :Context_6
[2020.10.30-19.00.48:435][624]PIE: Server logged in
[2020.10.30-19.00.48:436][624]PIE: Play in editor total start time 0.125 seconds.
[2020.10.30-19.00.49:151][656]LogSlate: Updating window title bar state: overlay mode, drag disabled, window buttons hidden, title bar hidden
[2020.10.30-19.00.49:151][656]LogWorld: BeginTearingDown for /Game/StarterContent/Maps/UEDPIE_0_Minimal_Default
[2020.10.30-19.00.49:151][656]LogWorld: UWorld::CleanupWorld for Minimal_Default, bSessionEnded=true, bCleanupResources=true
[2020.10.30-19.00.49:151][656]LogSlate: InvalidateAllWidgets triggered.  All widgets were invalidated
[2020.10.30-19.00.49:160][656]LogPlayLevel: Display: Shutting down PIE online subsystems
[2020.10.30-19.00.49:162][656]LogSlate: InvalidateAllWidgets triggered.  All widgets were invalidated
[2020.10.30-19.00.49:171][656]LogSlate: Updating window title bar state: overlay mode, drag disabled, window buttons hidden, title bar hidden
[2020.10.30-19.00.49:192][656]LogAISub: UAISubsystem::~UAISubsystem AIPerceptionSystem (00000207AF6E4A40), frame # 16656
[2020.10.30-19.00.49:192][656]LogAISub: UAISubsystem::~UAISubsystem EnvQueryManager (00000207CB969000), frame # 16656
[2020.10.30-19.00.49:193][656]LogUObjectHash: Compacting FUObjectHashTables data took   0.65ms
[2020.10.30-19.00.49:227][658]LogPlayLevel: Display: Destroying online subsystem :Context_6
[2020.10.30-19.00.54:987][  2]MapCheck: New page: Map Check
[2020.10.30-19.00.55:012][  2]Cmd: MAP REBUILD ALLVISIBLE
[2020.10.30-19.00.55:012][  2]LogEditorServer: Rebuildmap Clear paths rebuilt
[2020.10.30-19.00.55:071][  2]LogWorld: UWorld::CleanupWorld for Minimal_Default, bSessionEnded=true, bCleanupResources=false
[2020.10.30-19.00.55:080][  2]LogNavigationDataBuild: Display: UNavigationSystemV1::Build started...
[2020.10.30-19.00.55:080][  2]LogNavigationDataBuild: Display:    Building navigation data using PHYSICS_INTERFACE_PHYSX.
[2020.10.30-19.00.55:080][  2]LogNavigationDataBuild: Display:    Building navigation data using WITH_PHYSX.
[2020.10.30-19.00.55:092][  2]LogUObjectHash: Compacting FUObjectHashTables data took   0.61ms
[2020.10.30-19.00.55:100][  2]LogMaterial: Display: Missing cached shader map for material DebugViewMode MaterialTexCoordScale, compiling. 
[2020.10.30-19.00.55:106][  2]LogMaterial: Display: Missing cached shader map for material DebugViewMode MaterialTexCoordScale, compiling. 
[2020.10.30-19.00.55:748][  2]LogShaderCompilers: Display: Worker (1/5): shaders left to compile 4
[2020.10.30-19.00.55:748][  2]LogShaderCompilers: Display: Worker (2/5): shaders left to compile 3
[2020.10.30-19.00.55:748][  2]LogShaderCompilers: Display: Worker (3/5): shaders left to compile 2
[2020.10.30-19.00.55:748][  2]LogShaderCompilers: Display: Worker (4/5): shaders left to compile 1
[2020.10.30-19.00.55:748][  2]TextureStreamingBuild: Display: Compiling optional shaders took 0.654 seconds.
[2020.10.30-19.00.55:765][  2]LogLevel: Display: Export Material TexCoord Scales took 0.017 seconds.
[2020.10.30-19.00.55:767][  2]TextureStreamingBuild: Display: Build Texture Streaming took 0.001 seconds.
[2020.10.30-19.00.55:775][  2]LogUObjectHash: Compacting FUObjectHashTables data took   0.23ms
[2020.10.30-19.00.55:780][  2]LightingResults: New page: Lighting Build - Oct 30, 2020, 11:00:55 PM
[2020.10.30-19.00.55:839][  2]LogSwarmInterface: [OpenConnection] Registering TCP channel ...
[2020.10.30-19.00.55:930][  2]LogSwarmInterface: [OpenConnection] Connecting to agent ...
[2020.10.30-19.00.55:957][  2]LogSwarmInterface: [TryOpenConnection] Testing the Agent
[2020.10.30-19.00.56:996][  2]LogSwarmInterface: [TryOpenConnection] Opening Connection to Agent
[2020.10.30-19.00.56:996][  2]LogSwarmInterface: [TryOpenConnection] Local Process ID is 10768
[2020.10.30-19.00.59:315][  2]LogStaticLightingSystem: Warning: No importance volume found, so the scene bounding box was used.  You can optimize your scene's quality and lighting build times by adding importance volumes.
[2020.10.30-19.00.59:316][  2]LogStaticLightingSystem: Running Lightmass w/ ImmediateImport mode ENABLED
[2020.10.30-19.00.59:317][  2]LogStaticLightingSystem: Running Lightmass w/ ImmediateProcess mode ENABLED
[2020.10.30-19.00.59:317][  2]LogStaticLightingSystem: Running Lightmass w/ Sorting mode ENABLED
[2020.10.30-19.00.59:317][  2]LogStaticLightingSystem: Running Lightmass w/ Mapping paddings ENABLED
[2020.10.30-19.00.59:317][  2]LogStaticLightingSystem: Running Lightmass w/ Mapping debug paddings DISABLED
[2020.10.30-19.00.59:563][  2]Cmd: MAP CHECK DONTDISPLAYDIALOG
[2020.10.30-19.00.59:563][  2]MapCheck: New page: Minimal_Default - Oct 30, 2020, 11:00:59 PM
[2020.10.30-19.00.59:601][  2]MapCheck: Error: WorldSettings_1 Maps need lighting rebuilt 
[2020.10.30-19.00.59:603][  2]MapCheck: Map check complete: 1 Error(s), 0 Warning(s), took 39.794ms to complete.
[2020.10.30-19.00.59:606][  2]LogEditorBuildUtils: Build time 0:04
[2020.10.30-19.00.59:795][  2]LogSlate: Took 0.009614 seconds to synchronously load lazily loaded font '../../../Engine/Content/Slate/Fonts/DroidSansMono.ttf' (77K)
[2020.10.30-19.01.00:106][  6]LogUObjectHash: Compacting FUObjectHashTables data took   0.31ms
[2020.10.30-19.01.01:747][ 61]Job is a success!
[2020.10.30-19.01.01:976][ 62]LogVolumetricLightmapImport: Imported Volumetric Lightmap in 0.012s
[2020.10.30-19.01.01:976][ 62]LogVolumetricLightmapImport:      Indirection Texture 16x16x16 = 0.0Mb
[2020.10.30-19.01.01:976][ 62]LogVolumetricLightmapImport:      BrickData (all levels) 0.2Mb
[2020.10.30-19.01.01:976][ 62]LogVolumetricLightmapImport:      Bricks at depth
[2020.10.30-19.01.01:976][ 62]LogVolumetricLightmapImport:          0: 2.4% covering 100.0% of volume
[2020.10.30-19.01.01:976][ 62]LogVolumetricLightmapImport:          1: 9.8% covering 6.3% of volume
[2020.10.30-19.01.01:976][ 62]LogVolumetricLightmapImport:          2: 87.8% covering 0.9% of volume
[2020.10.30-19.01.01:976][ 62]LogVolumetricLightmapImport:      Bricks in each level
[2020.10.30-19.01.01:976][ 62]LogVolumetricLightmapImport:          Minimal_Default 			 41 bricks 	 100.0% (Persistent Level)
[2020.10.30-19.01.02:042][ 62]LogTexture: Display: Building textures: SkyOcclusion1_1 (AutoDXT, 256X128)
[2020.10.30-19.01.02:042][ 62]LogTexture: Display: Building textures: HQ_Lightmap1_1 (AutoDXT, 256X256)
[2020.10.30-19.01.02:042][ 62]LogTexture: Display: Building textures: LQ_Lightmap_1_1 (DXT1, 256X256)
[2020.10.30-19.01.02:042][ 62]LogTexture: Display: Building textures: SkyOcclusion1_2 (AutoDXT, 64X32)
[2020.10.30-19.01.02:042][ 62]LogTexture: Display: Building textures: HQ_Lightmap1_2 (AutoDXT, 64X64)
[2020.10.30-19.01.02:042][ 62]LogTexture: Display: Building textures: LQ_Lightmap_1_2 (DXT1, 64X64)
[2020.10.30-19.01.02:042][ 62]LogTexture: Display: Building textures: ShadowMapTexture2D_1 (G8, 32X32)
[2020.10.30-19.01.02:042][ 62]LogTexture: Display: Building textures: ShadowMapTexture2D_0 (G8, 128X128)
[2020.10.30-19.01.02:042][ 62]Lightmass on RAT-LAPTOP: 1.20 sec total, 239 ms importing, 24 ms setup, 102 ms photons, 754 ms processing, 0 ms extra exporting [2/2 mappings]. Threads: 5.27 sec total, 453 ms processing.
[2020.10.30-19.01.02:042][ 62]LogStaticLightingSystem: Minimal_Default_BuiltData storing lightmap data for 2 meshes in 2 LightmapResourceClusters (1.0 Meshes per cluster).
[2020.10.30-19.01.02:059][ 62]LogUObjectHash: Compacting FUObjectHashTables data took   0.64ms
[2020.10.30-19.01.02:158][ 62]LogStaticLightingSystem: Illumination: 6.24 sec (18 ms encoding lightmaps, 18 ms encoding shadowmaps)
[2020.10.30-19.01.02:158][ 62]LogStaticLightingSystem: Lightmap texture memory:  0.2 MB (0.2 MB streaming, 0.0 MB non-streaming), 4 textures
[2020.10.30-19.01.02:158][ 62]LogStaticLightingSystem: Shadowmap texture memory: 0.0 MB (0.0 MB streaming, 0.0 MB non-streaming), 2 textures
[2020.10.30-19.01.07:330][ 62]DumpUnbuiltLightIteractions
[2020.10.30-19.01.07:330][ 62]Lights with unbuilt interactions: 0
[2020.10.30-19.01.07:330][ 62]
[2020.10.30-19.01.07:330][ 62]Primitives with unbuilt interactions: 0
[2020.10.30-19.01.07:586][ 63]Cmd: MAP CHECK NOTIFYRESULTS
[2020.10.30-19.01.07:586][ 63]MapCheck: New page: Minimal_Default - Oct 30, 2020, 11:01:07 PM
[2020.10.30-19.01.07:586][ 63]MapCheck: Map check complete: 0 Error(s), 0 Warning(s), took 0.256ms to complete.
[2020.10.30-19.01.08:453][115]LogSlate: Window 'Message Log' being destroyed
[2020.10.30-19.01.08:461][115]LogSlate: Window 'Message Log' being destroyed
[2020.10.30-19.01.12:662][360]LogEditorViewport: Clicking on Actor (LMB): PlayerStart (Player Start)
[2020.10.30-19.01.13:370][401]LogEditorViewport: Clicking on Actor (LMB): BP_Sky_Sphere_C (BP_Sky_Sphere)
[2020.10.30-19.01.14:514][468]LogEditorViewport: Clicking on Actor (LMB): StaticMeshActor (Floor)
[2020.10.30-19.01.15:230][505]LogUObjectHash: Compacting FUObjectHashTables data took   0.69ms
[2020.10.30-19.01.15:255][505]LogSavePackage: Moving 'D:/yeet/Unreal Projects/COURSEWORK/Saved/Minimal_DefaultB24BE2B24FA7A58D0E4BF9AE174FC4F9.tmp' to 'D:/yeet/Unreal Projects/COURSEWORK/Content/StarterContent/Maps/Minimal_Default.umap'
[2020.10.30-19.01.15:279][505]Cmd: OBJ SAVEPACKAGE PACKAGE="/Game/StarterContent/Maps/Minimal_Default_BuiltData" FILE="D:/yeet/Unreal Projects/COURSEWORK/Content/StarterContent/Maps/Minimal_Default_BuiltData.uasset" SILENT=true
[2020.10.30-19.01.15:301][505]LogSavePackage: Moving 'D:/yeet/Unreal Projects/COURSEWORK/Saved/Minimal_Default_BuiltDataB85E6173457CEFEB69AE0792B5A4D3F6.tmp' to 'D:/yeet/Unreal Projects/COURSEWORK/Content/StarterContent/Maps/Minimal_Default_BuiltData.uasset'
[2020.10.30-19.01.15:316][505]AssetCheck: New page: Asset Save: multiple assets
[2020.10.30-19.01.15:316][505]LogContentValidation: Display: Validating World /Game/StarterContent/Maps/Minimal_Default.Minimal_Default
[2020.10.30-19.01.15:316][505]LogContentValidation: Display: Validating MapBuildDataRegistry /Game/StarterContent/Maps/Minimal_Default_BuiltData.Minimal_Default_BuiltData
[2020.10.30-19.03.06:886][509]LogActorFactory: Actor Factory created Cube
