Log file open, 11/23/20 19:57:08
LogInit: Display: Running engine for game: COURSEWORK
LogPlatformFile: Not using cached read wrapper
LogTaskGraph: Started task graph with 5 named threads and 23 total threads with 3 sets of task threads.
LogStats: Stats thread started at 0.276767
LogD3D11RHI: Loaded GFSDK_Aftermath_Lib.x64.dll
LogICUInternationalization: ICU TimeZone Detection - Raw Offset: +2:00, Platform Override: ''
LogPluginManager: Mounting plugin Paper2D
LogPluginManager: Mounting plugin AISupport
LogPluginManager: Mounting plugin LightPropagationVolume
LogPluginManager: Mounting plugin CameraShakePreviewer
LogPluginManager: Mounting plugin ActorLayerUtilities
LogPluginManager: Mounting plugin AnimationSharing
LogPluginManager: Mounting plugin CLionSourceCodeAccess
LogPluginManager: Mounting plugin CodeLiteSourceCodeAccess
LogPluginManager: Mounting plugin GitSourceControl
LogPluginManager: Mounting plugin KDevelopSourceCodeAccess
LogPluginManager: Mounting plugin NullSourceCodeAccess
LogPluginManager: Mounting plugin PerforceSourceControl
LogPluginManager: Mounting plugin PlasticSourceControl
LogPluginManager: Mounting plugin RiderSourceCodeAccess
LogPluginManager: Mounting plugin SubversionSourceControl
LogPluginManager: Mounting plugin UObjectPlugin
LogPluginManager: Mounting plugin VisualStudioCodeSourceCodeAccess
LogPluginManager: Mounting plugin VisualStudioSourceCodeAccess
LogPluginManager: Mounting plugin XCodeSourceCodeAccess
LogPluginManager: Mounting plugin AssetManagerEditor
LogPluginManager: Mounting plugin CryptoKeys
LogPluginManager: Mounting plugin CurveEditorTools
LogPluginManager: Mounting plugin DataValidation
LogPluginManager: Mounting plugin EditorScriptingUtilities
LogPluginManager: Mounting plugin FacialAnimation
LogPluginManager: Mounting plugin GameplayTagsEditor
LogPluginManager: Mounting plugin GeometryMode
LogPluginManager: Mounting plugin MacGraphicsSwitching
LogPluginManager: Mounting plugin MaterialAnalyzer
LogPluginManager: Mounting plugin MobileLauncherProfileWizard
LogPluginManager: Mounting plugin PluginBrowser
LogPluginManager: Mounting plugin SpeedTreeImporter
LogPluginManager: Mounting plugin DatasmithContent
LogPluginManager: Mounting plugin VariantManagerContent
LogPluginManager: Mounting plugin AlembicImporter
LogPluginManager: Mounting plugin AutomationUtils
LogPluginManager: Mounting plugin BackChannel
LogPluginManager: Mounting plugin ChaosCloth
LogPluginManager: Mounting plugin ChaosClothEditor
LogPluginManager: Mounting plugin ChaosEditor
LogPluginManager: Mounting plugin ChaosNiagara
LogPluginManager: Mounting plugin ChaosSolverPlugin
LogPluginManager: Mounting plugin CharacterAI
LogPluginManager: Mounting plugin GeometryCache
LogPluginManager: Mounting plugin GeometryCollectionPlugin
LogPluginManager: Mounting plugin GeometryProcessing
LogPluginManager: Mounting plugin PlanarCut
LogPluginManager: Mounting plugin PlatformCrypto
LogPluginManager: Mounting plugin ProxyLODPlugin
LogPluginManager: Mounting plugin SkeletalReduction
LogPluginManager: Mounting plugin Niagara
LogPluginManager: Mounting plugin MagicLeap
LogPluginManager: Mounting plugin MagicLeapLightEstimation
LogPluginManager: Mounting plugin MagicLeapMedia
LogPluginManager: Mounting plugin MagicLeapPassableWorld
LogPluginManager: Mounting plugin MLSDK
LogPluginManager: Mounting plugin AndroidMedia
LogPluginManager: Mounting plugin AvfMedia
LogPluginManager: Mounting plugin ImgMedia
LogPluginManager: Mounting plugin MediaCompositing
LogPluginManager: Mounting plugin MediaPlayerEditor
LogPluginManager: Mounting plugin WebMMedia
LogPluginManager: Mounting plugin WmfMedia
LogPluginManager: Mounting plugin MeshPainting
LogPluginManager: Mounting plugin TcpMessaging
LogPluginManager: Mounting plugin UdpMessaging
LogPluginManager: Mounting plugin ActorSequence
LogPluginManager: Mounting plugin LevelSequenceEditor
LogPluginManager: Mounting plugin MatineeToLevelSequence
LogPluginManager: Mounting plugin MovieRenderPipeline
LogPluginManager: Mounting plugin TemplateSequence
LogPluginManager: Mounting plugin NetcodeUnitTest
LogPluginManager: Mounting plugin NUTUnrealEngine4
LogPluginManager: Mounting plugin OnlineSubsystemGooglePlay
LogPluginManager: Mounting plugin OnlineSubsystemIOS
LogPluginManager: Mounting plugin OnlineSubsystem
LogPluginManager: Mounting plugin OnlineSubsystemNull
LogPluginManager: Mounting plugin OnlineSubsystemUtils
LogPluginManager: Mounting plugin LauncherChunkInstaller
LogPluginManager: Mounting plugin AndroidDeviceProfileSelector
LogPluginManager: Mounting plugin AndroidMoviePlayer
LogPluginManager: Mounting plugin AndroidPermission
LogPluginManager: Mounting plugin AppleImageUtils
LogPluginManager: Mounting plugin AppleMoviePlayer
LogPluginManager: Mounting plugin ArchVisCharacter
LogPluginManager: Mounting plugin AssetTags
LogPluginManager: Mounting plugin AudioCapture
LogPluginManager: Mounting plugin CableComponent
LogPluginManager: Mounting plugin CustomMeshComponent
LogPluginManager: Mounting plugin EditableMesh
LogPluginManager: Mounting plugin ExampleDeviceProfileSelector
LogPluginManager: Mounting plugin GoogleCloudMessaging
LogPluginManager: Mounting plugin GooglePAD
LogPluginManager: Mounting plugin IOSDeviceProfileSelector
LogPluginManager: Mounting plugin LinuxDeviceProfileSelector
LogPluginManager: Mounting plugin LocationServicesBPLibrary
LogPluginManager: Mounting plugin MobilePatchingUtils
LogPluginManager: Mounting plugin OculusVR
LogPluginManager: Mounting plugin PhysXVehicles
LogPluginManager: Mounting plugin PostSplashScreen
LogPluginManager: Mounting plugin ProceduralMeshComponent
LogPluginManager: Mounting plugin RuntimePhysXCooking
LogPluginManager: Mounting plugin SignificanceManager
LogPluginManager: Mounting plugin SoundFields
LogPluginManager: Mounting plugin SteamVR
LogPluginManager: Mounting plugin Synthesis
LogPluginManager: Mounting plugin WebMMoviePlayer
LogPluginManager: Mounting plugin WindowsMoviePlayer
LogPluginManager: Mounting plugin ScreenshotTools
LogInit: Using libcurl 7.55.1-DEV
LogInit:  - built for x86_64-pc-win32
LogInit:  - supports SSL with OpenSSL/1.1.1
LogInit:  - supports HTTP deflate (compression) using libz 1.2.8
LogInit:  - other features:
LogInit:      CURL_VERSION_SSL
LogInit:      CURL_VERSION_LIBZ
LogInit:      CURL_VERSION_IPV6
LogInit:      CURL_VERSION_ASYNCHDNS
LogInit:      CURL_VERSION_LARGEFILE
LogInit:      CURL_VERSION_IDN
LogInit:  CurlRequestOptions (configurable via config and command line):
LogInit:  - bVerifyPeer = true  - Libcurl will verify peer certificate
LogInit:  - bUseHttpProxy = false  - Libcurl will NOT use HTTP proxy
LogInit:  - bDontReuseConnections = false  - Libcurl will reuse connections
LogInit:  - MaxHostConnections = 16  - Libcurl will limit the number of connections to a host
LogInit:  - LocalHostAddr = Default
LogInit:  - BufferSize = 65536
LogOnline: OSS: Creating online subsystem instance for: NULL
LogInit: WinSock: version 1.1 (2.2), MaxSocks=32767, MaxUdp=65467
LogOnline: OSS: TryLoadSubsystemAndSetDefault: Loaded subsystem for module [NULL]
LogInit: Build: ++UE4+Release-4.25-CL-14469661
LogInit: Engine Version: 4.25.4-14469661+++UE4+Release-4.25
LogInit: Compatible Engine Version: 4.25.0-13144385+++UE4+Release-4.25
LogInit: Net CL: 13144385
LogInit: OS: Windows 10 (Release 2004) (), CPU: Intel(R) Core(TM) i7-7700HQ CPU @ 2.80GHz, GPU: Intel(R) HD Graphics 630
LogInit: Compiled (64-bit): Oct 11 2020 08:10:49
LogInit: Compiled with Visual C++: 19.24.28315.00
LogInit: Build Configuration: Development
LogInit: Branch Name: ++UE4+Release-4.25
LogInit: Command Line:  -EpicPortal -epicusername=Shirehii -epicuserid=50f4dbcbe5764e05af6a8555db7f3157 -epiclocale=en
LogInit: Base Directory: C:/Games/Epic Games/Library/UE_4.25/Engine/Binaries/Win64/
LogInit: Allocator: TBB
LogInit: Installed Engine Build: 1
LogDevObjectVersion: Number of dev versions registered: 26
LogDevObjectVersion:   Dev-Blueprints (B0D832E4-1F89-4F0D-ACCF-7EB736FD4AA2): 10
LogDevObjectVersion:   Dev-Build (E1C64328-A22C-4D53-A36C-8E866417BD8C): 0
LogDevObjectVersion:   Dev-Core (375EC13C-06E4-48FB-B500-84F0262A717E): 4
LogDevObjectVersion:   Dev-Editor (E4B068ED-F494-42E9-A231-DA0B2E46BB41): 38
LogDevObjectVersion:   Dev-Framework (CFFC743F-43B0-4480-9391-14DF171D2073): 37
LogDevObjectVersion:   Dev-Mobile (B02B49B5-BB20-44E9-A304-32B752E40360): 2
LogDevObjectVersion:   Dev-Networking (A4E4105C-59A1-49B5-A7C5-40C4547EDFEE): 0
LogDevObjectVersion:   Dev-Online (39C831C9-5AE6-47DC-9A44-9C173E1C8E7C): 0
LogDevObjectVersion:   Dev-Physics (78F01B33-EBEA-4F98-B9B4-84EACCB95AA2): 4
LogDevObjectVersion:   Dev-Platform (6631380F-2D4D-43E0-8009-CF276956A95A): 0
LogDevObjectVersion:   Dev-Rendering (12F88B9F-8875-4AFC-A67C-D90C383ABD29): 43
LogDevObjectVersion:   Dev-Sequencer (7B5AE74C-D270-4C10-A958-57980B212A5A): 12
LogDevObjectVersion:   Dev-VR (D7296918-1DD6-4BDD-9DE2-64A83CC13884): 3
LogDevObjectVersion:   Dev-LoadTimes (C2A15278-BFE7-4AFE-6C17-90FF531DF755): 1
LogDevObjectVersion:   Private-Geometry (6EACA3D4-40EC-4CC1-B786-8BED09428FC5): 3
LogDevObjectVersion:   Dev-AnimPhys (29E575DD-E0A3-4627-9D10-D276232CDCEA): 17
LogDevObjectVersion:   Dev-Anim (AF43A65D-7FD3-4947-9873-3E8ED9C1BB05): 7
LogDevObjectVersion:   Dev-ReflectionCapture (6B266CEC-1EC7-4B8F-A30B-E4D90942FC07): 1
LogDevObjectVersion:   Dev-Automation (0DF73D61-A23F-47EA-B727-89E90C41499A): 1
LogDevObjectVersion:   FortniteMain (601D1886-AC64-4F84-AA16-D3DE0DEAC7D6): 31
LogDevObjectVersion:   Dev-Enterprise (9DFFBCD6-494F-0158-E221-12823C92A888): 10
LogDevObjectVersion:   Dev-Niagara (F2AED0AC-9AFE-416F-8664-AA7FFA26D6FC): 1
LogDevObjectVersion:   Dev-Destruction (174F1F0B-B4C6-45A5-B13F-2EE8D0FB917D): 10
LogDevObjectVersion:   Dev-Physics-Ext (35F94A83-E258-406C-A318-09F59610247C): 37
LogDevObjectVersion:   Dev-PhysicsMaterial-Chaos (B68FC16E-8B1B-42E2-B453-215C058844FE): 1
LogDevObjectVersion:   Dev-CineCamera (B2E18506-4273-CFC2-A54E-F4BB758BBA07): 1
LogInit: Presizing for max 25165824 objects, including 0 objects not considered by GC, pre-allocating 0 bytes for permanent pool.
LogConfig: Applying CVar settings from Section [/Script/Engine.StreamingSettings] File [D:/yeet/Unreal Projects/COURSEWORK/Saved/Config/Windows/Engine.ini]
LogConfig: Setting CVar [[s.MinBulkDataSizeForAsyncLoading:131072]]
LogConfig: Setting CVar [[s.AsyncLoadingThreadEnabled:0]]
LogConfig: Setting CVar [[s.EventDrivenLoaderEnabled:1]]
LogConfig: Setting CVar [[s.WarnIfTimeLimitExceeded:0]]
LogConfig: Setting CVar [[s.TimeLimitExceededMultiplier:1.5]]
LogConfig: Setting CVar [[s.TimeLimitExceededMinTime:0.005]]
LogConfig: Setting CVar [[s.UseBackgroundLevelStreaming:1]]
LogConfig: Setting CVar [[s.PriorityAsyncLoadingExtraTime:15.0]]
LogConfig: Setting CVar [[s.LevelStreamingActorsUpdateTimeLimit:5.0]]
LogConfig: Setting CVar [[s.PriorityLevelStreamingActorsUpdateExtraTime:5.0]]
LogConfig: Setting CVar [[s.LevelStreamingComponentsRegistrationGranularity:10]]
LogConfig: Setting CVar [[s.UnregisterComponentsTimeLimit:1.0]]
LogConfig: Setting CVar [[s.LevelStreamingComponentsUnregistrationGranularity:5]]
LogConfig: Setting CVar [[s.FlushStreamingOnExit:1]]
LogInit: Object subsystem initialized
LogConfig: Setting CVar [[con.DebugEarlyDefault:1]]
LogConfig: Setting CVar [[r.setres:1280x720]]
[2020.11.23-17.57.08:355][  0]LogConfig: Setting CVar [[r.VSync:0]]
[2020.11.23-17.57.08:355][  0]LogConfig: Setting CVar [[r.RHICmdBypass:0]]
[2020.11.23-17.57.08:355][  0]LogConfig: Applying CVar settings from Section [/Script/Engine.RendererSettings] File [D:/yeet/Unreal Projects/COURSEWORK/Saved/Config/Windows/Engine.ini]
[2020.11.23-17.57.08:355][  0]LogConfig: Setting CVar [[r.GPUCrashDebugging:0]]
[2020.11.23-17.57.08:355][  0]LogConfig: Applying CVar settings from Section [/Script/Engine.RendererOverrideSettings] File [D:/yeet/Unreal Projects/COURSEWORK/Saved/Config/Windows/Engine.ini]
[2020.11.23-17.57.08:355][  0]LogConfig: Applying CVar settings from Section [/Script/Engine.StreamingSettings] File [D:/yeet/Unreal Projects/COURSEWORK/Saved/Config/Windows/Engine.ini]
[2020.11.23-17.57.08:355][  0]LogConfig: Setting CVar [[s.MinBulkDataSizeForAsyncLoading:131072]]
[2020.11.23-17.57.08:355][  0]LogConfig: Setting CVar [[s.AsyncLoadingThreadEnabled:0]]
[2020.11.23-17.57.08:355][  0]LogConfig: Setting CVar [[s.EventDrivenLoaderEnabled:1]]
[2020.11.23-17.57.08:355][  0]LogConfig: Setting CVar [[s.WarnIfTimeLimitExceeded:0]]
[2020.11.23-17.57.08:355][  0]LogConfig: Setting CVar [[s.TimeLimitExceededMultiplier:1.5]]
[2020.11.23-17.57.08:355][  0]LogConfig: Setting CVar [[s.TimeLimitExceededMinTime:0.005]]
[2020.11.23-17.57.08:355][  0]LogConfig: Setting CVar [[s.UseBackgroundLevelStreaming:1]]
[2020.11.23-17.57.08:355][  0]LogConfig: Setting CVar [[s.PriorityAsyncLoadingExtraTime:15.0]]
[2020.11.23-17.57.08:355][  0]LogConfig: Setting CVar [[s.LevelStreamingActorsUpdateTimeLimit:5.0]]
[2020.11.23-17.57.08:355][  0]LogConfig: Setting CVar [[s.PriorityLevelStreamingActorsUpdateExtraTime:5.0]]
[2020.11.23-17.57.08:355][  0]LogConfig: Setting CVar [[s.LevelStreamingComponentsRegistrationGranularity:10]]
[2020.11.23-17.57.08:355][  0]LogConfig: Setting CVar [[s.UnregisterComponentsTimeLimit:1.0]]
[2020.11.23-17.57.08:355][  0]LogConfig: Setting CVar [[s.LevelStreamingComponentsUnregistrationGranularity:5]]
[2020.11.23-17.57.08:355][  0]LogConfig: Setting CVar [[s.FlushStreamingOnExit:1]]
[2020.11.23-17.57.08:355][  0]LogConfig: Applying CVar settings from Section [/Script/Engine.GarbageCollectionSettings] File [D:/yeet/Unreal Projects/COURSEWORK/Saved/Config/Windows/Engine.ini]
[2020.11.23-17.57.08:355][  0]LogConfig: Setting CVar [[gc.MaxObjectsNotConsideredByGC:1]]
[2020.11.23-17.57.08:355][  0]LogConfig: Setting CVar [[gc.SizeOfPermanentObjectPool:0]]
[2020.11.23-17.57.08:355][  0]LogConfig: Setting CVar [[gc.FlushStreamingOnGC:0]]
[2020.11.23-17.57.08:355][  0]LogConfig: Setting CVar [[gc.NumRetriesBeforeForcingGC:10]]
[2020.11.23-17.57.08:355][  0]LogConfig: Setting CVar [[gc.AllowParallelGC:1]]
[2020.11.23-17.57.08:355][  0]LogConfig: Setting CVar [[gc.TimeBetweenPurgingPendingKillObjects:61.1]]
[2020.11.23-17.57.08:355][  0]LogConfig: Setting CVar [[gc.MaxObjectsInEditor:25165824]]
[2020.11.23-17.57.08:355][  0]LogConfig: Setting CVar [[gc.IncrementalBeginDestroyEnabled:1]]
[2020.11.23-17.57.08:355][  0]LogConfig: Setting CVar [[gc.CreateGCClusters:1]]
[2020.11.23-17.57.08:355][  0]LogConfig: Setting CVar [[gc.MinGCClusterSize:5]]
[2020.11.23-17.57.08:355][  0]LogConfig: Setting CVar [[gc.ActorClusteringEnabled:0]]
[2020.11.23-17.57.08:356][  0]LogConfig: Setting CVar [[gc.BlueprintClusteringEnabled:0]]
[2020.11.23-17.57.08:356][  0]LogConfig: Setting CVar [[gc.UseDisregardForGCOnDedicatedServers:0]]
[2020.11.23-17.57.08:356][  0]LogConfig: Applying CVar settings from Section [/Script/Engine.NetworkSettings] File [D:/yeet/Unreal Projects/COURSEWORK/Saved/Config/Windows/Engine.ini]
[2020.11.23-17.57.08:356][  0]LogConfig: Applying CVar settings from Section [/Script/UnrealEd.CookerSettings] File [D:/yeet/Unreal Projects/COURSEWORK/Saved/Config/Windows/Engine.ini]
[2020.11.23-17.57.08:358][  0]LogConfig: Applying CVar settings from Section [ViewDistanceQuality@3] File [D:/yeet/Unreal Projects/COURSEWORK/Saved/Config/Windows/Scalability.ini]
[2020.11.23-17.57.08:358][  0]LogConfig: Setting CVar [[r.SkeletalMeshLODBias:0]]
[2020.11.23-17.57.08:358][  0]LogConfig: Setting CVar [[r.ViewDistanceScale:1.0]]
[2020.11.23-17.57.08:358][  0]LogConfig: Applying CVar settings from Section [AntiAliasingQuality@3] File [D:/yeet/Unreal Projects/COURSEWORK/Saved/Config/Windows/Scalability.ini]
[2020.11.23-17.57.08:358][  0]LogConfig: Setting CVar [[r.PostProcessAAQuality:4]]
[2020.11.23-17.57.08:358][  0]LogConfig: Applying CVar settings from Section [ShadowQuality@3] File [D:/yeet/Unreal Projects/COURSEWORK/Saved/Config/Windows/Scalability.ini]
[2020.11.23-17.57.08:358][  0]LogConfig: Setting CVar [[r.LightFunctionQuality:1]]
[2020.11.23-17.57.08:358][  0]LogConfig: Setting CVar [[r.ShadowQuality:5]]
[2020.11.23-17.57.08:358][  0]LogConfig: Setting CVar [[r.Shadow.CSM.MaxCascades:10]]
[2020.11.23-17.57.08:358][  0]LogConfig: Setting CVar [[r.Shadow.MaxResolution:2048]]
[2020.11.23-17.57.08:358][  0]LogConfig: Setting CVar [[r.Shadow.MaxCSMResolution:2048]]
[2020.11.23-17.57.08:358][  0]LogConfig: Setting CVar [[r.Shadow.RadiusThreshold:0.01]]
[2020.11.23-17.57.08:358][  0]LogConfig: Setting CVar [[r.Shadow.DistanceScale:1.0]]
[2020.11.23-17.57.08:358][  0]LogConfig: Setting CVar [[r.Shadow.CSM.TransitionScale:1.0]]
[2020.11.23-17.57.08:358][  0]LogConfig: Setting CVar [[r.Shadow.PreShadowResolutionFactor:1.0]]
[2020.11.23-17.57.08:359][  0]LogConfig: Setting CVar [[r.DistanceFieldShadowing:1]]
[2020.11.23-17.57.08:359][  0]LogConfig: Setting CVar [[r.DistanceFieldAO:1]]
[2020.11.23-17.57.08:359][  0]LogConfig: Setting CVar [[r.AOQuality:2]]
[2020.11.23-17.57.08:359][  0]LogConfig: Setting CVar [[r.VolumetricFog:1]]
[2020.11.23-17.57.08:359][  0]LogConfig: Setting CVar [[r.VolumetricFog.GridPixelSize:8]]
[2020.11.23-17.57.08:359][  0]LogConfig: Setting CVar [[r.VolumetricFog.GridSizeZ:128]]
[2020.11.23-17.57.08:359][  0]LogConfig: Setting CVar [[r.VolumetricFog.HistoryMissSupersampleCount:4]]
[2020.11.23-17.57.08:359][  0]LogConfig: Setting CVar [[r.LightMaxDrawDistanceScale:1]]
[2020.11.23-17.57.08:359][  0]LogConfig: Setting CVar [[r.CapsuleShadows:1]]
[2020.11.23-17.57.08:359][  0]LogConfig: Applying CVar settings from Section [PostProcessQuality@3] File [D:/yeet/Unreal Projects/COURSEWORK/Saved/Config/Windows/Scalability.ini]
[2020.11.23-17.57.08:359][  0]LogConfig: Setting CVar [[r.MotionBlurQuality:4]]
[2020.11.23-17.57.08:359][  0]LogConfig: Setting CVar [[r.AmbientOcclusionMipLevelFactor:0.4]]
[2020.11.23-17.57.08:359][  0]LogConfig: Setting CVar [[r.AmbientOcclusionMaxQuality:100]]
[2020.11.23-17.57.08:359][  0]LogConfig: Setting CVar [[r.AmbientOcclusionLevels:-1]]
[2020.11.23-17.57.08:359][  0]LogConfig: Setting CVar [[r.AmbientOcclusionRadiusScale:1.0]]
[2020.11.23-17.57.08:359][  0]LogConfig: Setting CVar [[r.DepthOfFieldQuality:2]]
[2020.11.23-17.57.08:359][  0]LogConfig: Setting CVar [[r.RenderTargetPoolMin:400]]
[2020.11.23-17.57.08:359][  0]LogConfig: Setting CVar [[r.LensFlareQuality:2]]
[2020.11.23-17.57.08:359][  0]LogConfig: Setting CVar [[r.SceneColorFringeQuality:1]]
[2020.11.23-17.57.08:359][  0]LogConfig: Setting CVar [[r.EyeAdaptationQuality:2]]
[2020.11.23-17.57.08:359][  0]LogConfig: Setting CVar [[r.BloomQuality:5]]
[2020.11.23-17.57.08:359][  0]LogConfig: Setting CVar [[r.FastBlurThreshold:100]]
[2020.11.23-17.57.08:359][  0]LogConfig: Setting CVar [[r.Upscale.Quality:3]]
[2020.11.23-17.57.08:359][  0]LogConfig: Setting CVar [[r.Tonemapper.GrainQuantization:1]]
[2020.11.23-17.57.08:359][  0]LogConfig: Setting CVar [[r.LightShaftQuality:1]]
[2020.11.23-17.57.08:359][  0]LogConfig: Setting CVar [[r.Filter.SizeScale:1]]
[2020.11.23-17.57.08:359][  0]LogConfig: Setting CVar [[r.Tonemapper.Quality:5]]
[2020.11.23-17.57.08:359][  0]LogConfig: Setting CVar [[r.DOF.Gather.AccumulatorQuality:1        ; higher gathering accumulator quality]]
[2020.11.23-17.57.08:359][  0]LogConfig: Setting CVar [[r.DOF.Gather.PostfilterMethod:1          ; Median3x3 postfilering method]]
[2020.11.23-17.57.08:359][  0]LogConfig: Setting CVar [[r.DOF.Gather.EnableBokehSettings:0       ; no bokeh simulation when gathering]]
[2020.11.23-17.57.08:359][  0]LogConfig: Setting CVar [[r.DOF.Gather.RingCount:4                 ; medium number of samples when gathering]]
[2020.11.23-17.57.08:359][  0]LogConfig: Setting CVar [[r.DOF.Scatter.ForegroundCompositing:1    ; additive foreground scattering]]
[2020.11.23-17.57.08:359][  0]LogConfig: Setting CVar [[r.DOF.Scatter.BackgroundCompositing:2    ; additive background scattering]]
[2020.11.23-17.57.08:359][  0]LogConfig: Setting CVar [[r.DOF.Scatter.EnableBokehSettings:1      ; bokeh simulation when scattering]]
[2020.11.23-17.57.08:359][  0]LogConfig: Setting CVar [[r.DOF.Scatter.MaxSpriteRatio:0.1         ; only a maximum of 10% of scattered bokeh]]
[2020.11.23-17.57.08:359][  0]LogConfig: Setting CVar [[r.DOF.Recombine.Quality:1                ; cheap slight out of focus]]
[2020.11.23-17.57.08:359][  0]LogConfig: Setting CVar [[r.DOF.Recombine.EnableBokehSettings:0    ; no bokeh simulation on slight out of focus]]
[2020.11.23-17.57.08:359][  0]LogConfig: Setting CVar [[r.DOF.TemporalAAQuality:1                ; more stable temporal accumulation]]
[2020.11.23-17.57.08:359][  0]LogConfig: Setting CVar [[r.DOF.Kernel.MaxForegroundRadius:0.025]]
[2020.11.23-17.57.08:359][  0]LogConfig: Setting CVar [[r.DOF.Kernel.MaxBackgroundRadius:0.025]]
[2020.11.23-17.57.08:359][  0]LogConfig: Applying CVar settings from Section [TextureQuality@3] File [D:/yeet/Unreal Projects/COURSEWORK/Saved/Config/Windows/Scalability.ini]
[2020.11.23-17.57.08:359][  0]LogConfig: Setting CVar [[r.Streaming.MipBias:0]]
[2020.11.23-17.57.08:359][  0]LogConfig: Setting CVar [[r.Streaming.AmortizeCPUToGPUCopy:0]]
[2020.11.23-17.57.08:359][  0]LogConfig: Setting CVar [[r.Streaming.MaxNumTexturesToStreamPerFrame:0]]
[2020.11.23-17.57.08:359][  0]LogConfig: Setting CVar [[r.Streaming.Boost:1]]
[2020.11.23-17.57.08:359][  0]LogConfig: Setting CVar [[r.MaxAnisotropy:8]]
[2020.11.23-17.57.08:359][  0]LogConfig: Setting CVar [[r.VT.MaxAnisotropy:8]]
[2020.11.23-17.57.08:359][  0]LogConfig: Setting CVar [[r.Streaming.LimitPoolSizeToVRAM:0]]
[2020.11.23-17.57.08:359][  0]LogConfig: Setting CVar [[r.Streaming.PoolSize:1000]]
[2020.11.23-17.57.08:359][  0]LogConfig: Setting CVar [[r.Streaming.MaxEffectiveScreenSize:0]]
[2020.11.23-17.57.08:359][  0]LogConfig: Applying CVar settings from Section [EffectsQuality@3] File [D:/yeet/Unreal Projects/COURSEWORK/Saved/Config/Windows/Scalability.ini]
[2020.11.23-17.57.08:359][  0]LogConfig: Setting CVar [[r.TranslucencyLightingVolumeDim:64]]
[2020.11.23-17.57.08:359][  0]LogConfig: Setting CVar [[r.RefractionQuality:2]]
[2020.11.23-17.57.08:359][  0]LogConfig: Setting CVar [[r.SSR.Quality:3]]
[2020.11.23-17.57.08:359][  0]LogConfig: Setting CVar [[r.SSR.HalfResSceneColor:0]]
[2020.11.23-17.57.08:359][  0]LogConfig: Setting CVar [[r.SceneColorFormat:4]]
[2020.11.23-17.57.08:359][  0]LogConfig: Setting CVar [[r.DetailMode:2]]
[2020.11.23-17.57.08:359][  0]LogConfig: Setting CVar [[r.TranslucencyVolumeBlur:1]]
[2020.11.23-17.57.08:359][  0]LogConfig: Setting CVar [[r.MaterialQualityLevel:1 ; High quality]]
[2020.11.23-17.57.08:359][  0]LogConfig: Setting CVar [[r.SSS.Scale:1]]
[2020.11.23-17.57.08:359][  0]LogConfig: Setting CVar [[r.SSS.SampleSet:2]]
[2020.11.23-17.57.08:359][  0]LogConfig: Setting CVar [[r.SSS.Quality:1]]
[2020.11.23-17.57.08:359][  0]LogConfig: Setting CVar [[r.SSS.HalfRes:0]]
[2020.11.23-17.57.08:359][  0]LogConfig: Setting CVar [[r.SSGI.Quality:3]]
[2020.11.23-17.57.08:359][  0]LogConfig: Setting CVar [[r.EmitterSpawnRateScale:1.0]]
[2020.11.23-17.57.08:359][  0]LogConfig: Setting CVar [[r.ParticleLightQuality:2]]
[2020.11.23-17.57.08:359][  0]LogConfig: Setting CVar [[r.SkyAtmosphere.AerialPerspectiveLUT.FastApplyOnOpaque:1 ; Always have FastSkyLUT 1 in this case to avoid wrong sky]]
[2020.11.23-17.57.08:359][  0]LogConfig: Setting CVar [[r.SkyAtmosphere.AerialPerspectiveLUT.SampleCountPerSlice:1]]
[2020.11.23-17.57.08:359][  0]LogConfig: Setting CVar [[r.SkyAtmosphere.AerialPerspectiveLUT.DepthResolution:16.0]]
[2020.11.23-17.57.08:359][  0]LogConfig: Setting CVar [[r.SkyAtmosphere.FastSkyLUT:1]]
[2020.11.23-17.57.08:359][  0]LogConfig: Setting CVar [[r.SkyAtmosphere.FastSkyLUT.SampleCountMin:4.0]]
[2020.11.23-17.57.08:359][  0]LogConfig: Setting CVar [[r.SkyAtmosphere.FastSkyLUT.SampleCountMax:32.0]]
[2020.11.23-17.57.08:359][  0]LogConfig: Setting CVar [[r.SkyAtmosphere.SampleCountMin:4.0]]
[2020.11.23-17.57.08:359][  0]LogConfig: Setting CVar [[r.SkyAtmosphere.SampleCountMax:32.0]]
[2020.11.23-17.57.08:359][  0]LogConfig: Setting CVar [[r.SkyAtmosphere.TransmittanceLUT.UseSmallFormat:0]]
[2020.11.23-17.57.08:359][  0]LogConfig: Setting CVar [[r.SkyAtmosphere.TransmittanceLUT.SampleCount:10.0]]
[2020.11.23-17.57.08:359][  0]LogConfig: Setting CVar [[r.SkyAtmosphere.MultiScatteringLUT.SampleCount:15.0]]
[2020.11.23-17.57.08:360][  0]LogConfig: Applying CVar settings from Section [FoliageQuality@3] File [D:/yeet/Unreal Projects/COURSEWORK/Saved/Config/Windows/Scalability.ini]
[2020.11.23-17.57.08:360][  0]LogConfig: Setting CVar [[foliage.DensityScale:1.0]]
[2020.11.23-17.57.08:360][  0]LogConfig: Setting CVar [[grass.DensityScale:1.0]]
[2020.11.23-17.57.08:360][  0]LogConfig: Applying CVar settings from Section [ShadingQuality@3] File [D:/yeet/Unreal Projects/COURSEWORK/Saved/Config/Windows/Scalability.ini]
[2020.11.23-17.57.08:360][  0]LogConfig: Setting CVar [[r.HairStrands.SkyLighting.SampleCount:16]]
[2020.11.23-17.57.08:360][  0]LogConfig: Setting CVar [[r.HairStrands.SkyLighting.JitterIntegration:0]]
[2020.11.23-17.57.08:360][  0]LogConfig: Setting CVar [[r.HairStrands.SkyAO.SampleCount:16]]
[2020.11.23-17.57.08:360][  0]LogConfig: Setting CVar [[r.HairStrands.DeepShadow.SuperSampling:0]]
[2020.11.23-17.57.08:360][  0]LogConfig: Setting CVar [[r.HairStrands.VisibilityPPLL:0]]
[2020.11.23-17.57.08:360][  0]LogConfig: Setting CVar [[r.HairStrands.RasterizationScale:0.5]]
[2020.11.23-17.57.08:360][  0]LogConfig: Setting CVar [[r.HairStrands.VelocityRasterizationScale:1]]
[2020.11.23-17.57.08:360][  0]LogInit: Selected Device Profile: [Windows]
[2020.11.23-17.57.08:360][  0]LogInit: Applying CVar settings loaded from the selected device profile: [Windows]
[2020.11.23-17.57.08:360][  0]LogHAL: Display: Platform has ~ 16 GB [17055064064 / 17179869184 / 16], which maps to Larger [LargestMinGB=32, LargerMinGB=12, DefaultMinGB=8, SmallerMinGB=6, SmallestMinGB=0)
[2020.11.23-17.57.08:360][  0]LogInit: Going up to parent DeviceProfile []
[2020.11.23-17.57.08:360][  0]LogConfig: Applying CVar settings from Section [ViewDistanceQuality@3] File [D:/yeet/Unreal Projects/COURSEWORK/Saved/Config/Windows/Scalability.ini]
[2020.11.23-17.57.08:360][  0]LogConfig: Setting CVar [[r.SkeletalMeshLODBias:0]]
[2020.11.23-17.57.08:360][  0]LogConfig: Setting CVar [[r.ViewDistanceScale:1.0]]
[2020.11.23-17.57.08:360][  0]LogConfig: Applying CVar settings from Section [AntiAliasingQuality@3] File [D:/yeet/Unreal Projects/COURSEWORK/Saved/Config/Windows/Scalability.ini]
[2020.11.23-17.57.08:360][  0]LogConfig: Setting CVar [[r.PostProcessAAQuality:4]]
[2020.11.23-17.57.08:360][  0]LogConfig: Applying CVar settings from Section [ShadowQuality@3] File [D:/yeet/Unreal Projects/COURSEWORK/Saved/Config/Windows/Scalability.ini]
[2020.11.23-17.57.08:360][  0]LogConfig: Setting CVar [[r.LightFunctionQuality:1]]
[2020.11.23-17.57.08:360][  0]LogConfig: Setting CVar [[r.ShadowQuality:5]]
[2020.11.23-17.57.08:360][  0]LogConfig: Setting CVar [[r.Shadow.CSM.MaxCascades:10]]
[2020.11.23-17.57.08:360][  0]LogConfig: Setting CVar [[r.Shadow.MaxResolution:2048]]
[2020.11.23-17.57.08:360][  0]LogConfig: Setting CVar [[r.Shadow.MaxCSMResolution:2048]]
[2020.11.23-17.57.08:360][  0]LogConfig: Setting CVar [[r.Shadow.RadiusThreshold:0.01]]
[2020.11.23-17.57.08:360][  0]LogConfig: Setting CVar [[r.Shadow.DistanceScale:1.0]]
[2020.11.23-17.57.08:360][  0]LogConfig: Setting CVar [[r.Shadow.CSM.TransitionScale:1.0]]
[2020.11.23-17.57.08:360][  0]LogConfig: Setting CVar [[r.Shadow.PreShadowResolutionFactor:1.0]]
[2020.11.23-17.57.08:360][  0]LogConfig: Setting CVar [[r.DistanceFieldShadowing:1]]
[2020.11.23-17.57.08:360][  0]LogConfig: Setting CVar [[r.DistanceFieldAO:1]]
[2020.11.23-17.57.08:360][  0]LogConfig: Setting CVar [[r.AOQuality:2]]
[2020.11.23-17.57.08:360][  0]LogConfig: Setting CVar [[r.VolumetricFog:1]]
[2020.11.23-17.57.08:360][  0]LogConfig: Setting CVar [[r.VolumetricFog.GridPixelSize:8]]
[2020.11.23-17.57.08:360][  0]LogConfig: Setting CVar [[r.VolumetricFog.GridSizeZ:128]]
[2020.11.23-17.57.08:360][  0]LogConfig: Setting CVar [[r.VolumetricFog.HistoryMissSupersampleCount:4]]
[2020.11.23-17.57.08:360][  0]LogConfig: Setting CVar [[r.LightMaxDrawDistanceScale:1]]
[2020.11.23-17.57.08:360][  0]LogConfig: Setting CVar [[r.CapsuleShadows:1]]
[2020.11.23-17.57.08:360][  0]LogConfig: Applying CVar settings from Section [PostProcessQuality@3] File [D:/yeet/Unreal Projects/COURSEWORK/Saved/Config/Windows/Scalability.ini]
[2020.11.23-17.57.08:360][  0]LogConfig: Setting CVar [[r.MotionBlurQuality:4]]
[2020.11.23-17.57.08:360][  0]LogConfig: Setting CVar [[r.AmbientOcclusionMipLevelFactor:0.4]]
[2020.11.23-17.57.08:360][  0]LogConfig: Setting CVar [[r.AmbientOcclusionMaxQuality:100]]
[2020.11.23-17.57.08:360][  0]LogConfig: Setting CVar [[r.AmbientOcclusionLevels:-1]]
[2020.11.23-17.57.08:360][  0]LogConfig: Setting CVar [[r.AmbientOcclusionRadiusScale:1.0]]
[2020.11.23-17.57.08:360][  0]LogConfig: Setting CVar [[r.DepthOfFieldQuality:2]]
[2020.11.23-17.57.08:360][  0]LogConfig: Setting CVar [[r.RenderTargetPoolMin:400]]
[2020.11.23-17.57.08:360][  0]LogConfig: Setting CVar [[r.LensFlareQuality:2]]
[2020.11.23-17.57.08:360][  0]LogConfig: Setting CVar [[r.SceneColorFringeQuality:1]]
[2020.11.23-17.57.08:360][  0]LogConfig: Setting CVar [[r.EyeAdaptationQuality:2]]
[2020.11.23-17.57.08:360][  0]LogConfig: Setting CVar [[r.BloomQuality:5]]
[2020.11.23-17.57.08:360][  0]LogConfig: Setting CVar [[r.FastBlurThreshold:100]]
[2020.11.23-17.57.08:361][  0]LogConfig: Setting CVar [[r.Upscale.Quality:3]]
[2020.11.23-17.57.08:361][  0]LogConfig: Setting CVar [[r.Tonemapper.GrainQuantization:1]]
[2020.11.23-17.57.08:361][  0]LogConfig: Setting CVar [[r.LightShaftQuality:1]]
[2020.11.23-17.57.08:361][  0]LogConfig: Setting CVar [[r.Filter.SizeScale:1]]
[2020.11.23-17.57.08:361][  0]LogConfig: Setting CVar [[r.Tonemapper.Quality:5]]
[2020.11.23-17.57.08:361][  0]LogConfig: Setting CVar [[r.DOF.Gather.AccumulatorQuality:1        ; higher gathering accumulator quality]]
[2020.11.23-17.57.08:361][  0]LogConfig: Setting CVar [[r.DOF.Gather.PostfilterMethod:1          ; Median3x3 postfilering method]]
[2020.11.23-17.57.08:361][  0]LogConfig: Setting CVar [[r.DOF.Gather.EnableBokehSettings:0       ; no bokeh simulation when gathering]]
[2020.11.23-17.57.08:361][  0]LogConfig: Setting CVar [[r.DOF.Gather.RingCount:4                 ; medium number of samples when gathering]]
[2020.11.23-17.57.08:361][  0]LogConfig: Setting CVar [[r.DOF.Scatter.ForegroundCompositing:1    ; additive foreground scattering]]
[2020.11.23-17.57.08:361][  0]LogConfig: Setting CVar [[r.DOF.Scatter.BackgroundCompositing:2    ; additive background scattering]]
[2020.11.23-17.57.08:361][  0]LogConfig: Setting CVar [[r.DOF.Scatter.EnableBokehSettings:1      ; bokeh simulation when scattering]]
[2020.11.23-17.57.08:361][  0]LogConfig: Setting CVar [[r.DOF.Scatter.MaxSpriteRatio:0.1         ; only a maximum of 10% of scattered bokeh]]
[2020.11.23-17.57.08:361][  0]LogConfig: Setting CVar [[r.DOF.Recombine.Quality:1                ; cheap slight out of focus]]
[2020.11.23-17.57.08:361][  0]LogConfig: Setting CVar [[r.DOF.Recombine.EnableBokehSettings:0    ; no bokeh simulation on slight out of focus]]
[2020.11.23-17.57.08:361][  0]LogConfig: Setting CVar [[r.DOF.TemporalAAQuality:1                ; more stable temporal accumulation]]
[2020.11.23-17.57.08:361][  0]LogConfig: Setting CVar [[r.DOF.Kernel.MaxForegroundRadius:0.025]]
[2020.11.23-17.57.08:361][  0]LogConfig: Setting CVar [[r.DOF.Kernel.MaxBackgroundRadius:0.025]]
[2020.11.23-17.57.08:361][  0]LogConfig: Applying CVar settings from Section [TextureQuality@3] File [D:/yeet/Unreal Projects/COURSEWORK/Saved/Config/Windows/Scalability.ini]
[2020.11.23-17.57.08:361][  0]LogConfig: Setting CVar [[r.Streaming.MipBias:0]]
[2020.11.23-17.57.08:361][  0]LogConfig: Setting CVar [[r.Streaming.AmortizeCPUToGPUCopy:0]]
[2020.11.23-17.57.08:361][  0]LogConfig: Setting CVar [[r.Streaming.MaxNumTexturesToStreamPerFrame:0]]
[2020.11.23-17.57.08:361][  0]LogConfig: Setting CVar [[r.Streaming.Boost:1]]
[2020.11.23-17.57.08:361][  0]LogConfig: Setting CVar [[r.MaxAnisotropy:8]]
[2020.11.23-17.57.08:361][  0]LogConfig: Setting CVar [[r.VT.MaxAnisotropy:8]]
[2020.11.23-17.57.08:361][  0]LogConfig: Setting CVar [[r.Streaming.LimitPoolSizeToVRAM:0]]
[2020.11.23-17.57.08:361][  0]LogConfig: Setting CVar [[r.Streaming.PoolSize:1000]]
[2020.11.23-17.57.08:361][  0]LogConfig: Setting CVar [[r.Streaming.MaxEffectiveScreenSize:0]]
[2020.11.23-17.57.08:361][  0]LogConfig: Applying CVar settings from Section [EffectsQuality@3] File [D:/yeet/Unreal Projects/COURSEWORK/Saved/Config/Windows/Scalability.ini]
[2020.11.23-17.57.08:361][  0]LogConfig: Setting CVar [[r.TranslucencyLightingVolumeDim:64]]
[2020.11.23-17.57.08:361][  0]LogConfig: Setting CVar [[r.RefractionQuality:2]]
[2020.11.23-17.57.08:361][  0]LogConfig: Setting CVar [[r.SSR.Quality:3]]
[2020.11.23-17.57.08:361][  0]LogConfig: Setting CVar [[r.SSR.HalfResSceneColor:0]]
[2020.11.23-17.57.08:361][  0]LogConfig: Setting CVar [[r.SceneColorFormat:4]]
[2020.11.23-17.57.08:361][  0]LogConfig: Setting CVar [[r.DetailMode:2]]
[2020.11.23-17.57.08:361][  0]LogConfig: Setting CVar [[r.TranslucencyVolumeBlur:1]]
[2020.11.23-17.57.08:361][  0]LogConfig: Setting CVar [[r.MaterialQualityLevel:1 ; High quality]]
[2020.11.23-17.57.08:361][  0]LogConfig: Setting CVar [[r.SSS.Scale:1]]
[2020.11.23-17.57.08:361][  0]LogConfig: Setting CVar [[r.SSS.SampleSet:2]]
[2020.11.23-17.57.08:361][  0]LogConfig: Setting CVar [[r.SSS.Quality:1]]
[2020.11.23-17.57.08:361][  0]LogConfig: Setting CVar [[r.SSS.HalfRes:0]]
[2020.11.23-17.57.08:361][  0]LogConfig: Setting CVar [[r.SSGI.Quality:3]]
[2020.11.23-17.57.08:361][  0]LogConfig: Setting CVar [[r.EmitterSpawnRateScale:1.0]]
[2020.11.23-17.57.08:361][  0]LogConfig: Setting CVar [[r.ParticleLightQuality:2]]
[2020.11.23-17.57.08:361][  0]LogConfig: Setting CVar [[r.SkyAtmosphere.AerialPerspectiveLUT.FastApplyOnOpaque:1 ; Always have FastSkyLUT 1 in this case to avoid wrong sky]]
[2020.11.23-17.57.08:361][  0]LogConfig: Setting CVar [[r.SkyAtmosphere.AerialPerspectiveLUT.SampleCountPerSlice:1]]
[2020.11.23-17.57.08:361][  0]LogConfig: Setting CVar [[r.SkyAtmosphere.AerialPerspectiveLUT.DepthResolution:16.0]]
[2020.11.23-17.57.08:361][  0]LogConfig: Setting CVar [[r.SkyAtmosphere.FastSkyLUT:1]]
[2020.11.23-17.57.08:361][  0]LogConfig: Setting CVar [[r.SkyAtmosphere.FastSkyLUT.SampleCountMin:4.0]]
[2020.11.23-17.57.08:361][  0]LogConfig: Setting CVar [[r.SkyAtmosphere.FastSkyLUT.SampleCountMax:32.0]]
[2020.11.23-17.57.08:361][  0]LogConfig: Setting CVar [[r.SkyAtmosphere.SampleCountMin:4.0]]
[2020.11.23-17.57.08:361][  0]LogConfig: Setting CVar [[r.SkyAtmosphere.SampleCountMax:32.0]]
[2020.11.23-17.57.08:361][  0]LogConfig: Setting CVar [[r.SkyAtmosphere.TransmittanceLUT.UseSmallFormat:0]]
[2020.11.23-17.57.08:361][  0]LogConfig: Setting CVar [[r.SkyAtmosphere.TransmittanceLUT.SampleCount:10.0]]
[2020.11.23-17.57.08:361][  0]LogConfig: Setting CVar [[r.SkyAtmosphere.MultiScatteringLUT.SampleCount:15.0]]
[2020.11.23-17.57.08:361][  0]LogConfig: Applying CVar settings from Section [FoliageQuality@3] File [D:/yeet/Unreal Projects/COURSEWORK/Saved/Config/Windows/Scalability.ini]
[2020.11.23-17.57.08:361][  0]LogConfig: Setting CVar [[foliage.DensityScale:1.0]]
[2020.11.23-17.57.08:361][  0]LogConfig: Setting CVar [[grass.DensityScale:1.0]]
[2020.11.23-17.57.08:361][  0]LogConfig: Applying CVar settings from Section [ShadingQuality@3] File [D:/yeet/Unreal Projects/COURSEWORK/Saved/Config/Windows/Scalability.ini]
[2020.11.23-17.57.08:361][  0]LogConfig: Setting CVar [[r.HairStrands.SkyLighting.SampleCount:16]]
[2020.11.23-17.57.08:361][  0]LogConfig: Setting CVar [[r.HairStrands.SkyLighting.JitterIntegration:0]]
[2020.11.23-17.57.08:361][  0]LogConfig: Setting CVar [[r.HairStrands.SkyAO.SampleCount:16]]
[2020.11.23-17.57.08:361][  0]LogConfig: Setting CVar [[r.HairStrands.DeepShadow.SuperSampling:0]]
[2020.11.23-17.57.08:361][  0]LogConfig: Setting CVar [[r.HairStrands.VisibilityPPLL:0]]
[2020.11.23-17.57.08:361][  0]LogConfig: Setting CVar [[r.HairStrands.RasterizationScale:0.5]]
[2020.11.23-17.57.08:361][  0]LogConfig: Setting CVar [[r.HairStrands.VelocityRasterizationScale:1]]
[2020.11.23-17.57.08:361][  0]LogConfig: Applying CVar settings from Section [Startup] File [../../../Engine/Config/ConsoleVariables.ini]
[2020.11.23-17.57.08:362][  0]LogConfig: Setting CVar [[net.UseAdaptiveNetUpdateFrequency:0]]
[2020.11.23-17.57.08:362][  0]LogConfig: Setting CVar [[p.chaos.AllowCreatePhysxBodies:1]]
[2020.11.23-17.57.08:362][  0]LogConfig: Setting CVar [[fx.SkipVectorVMBackendOptimizations:1]]
[2020.11.23-17.57.08:362][  0]LogConfig: Applying CVar settings from Section [ConsoleVariables] File [D:/yeet/Unreal Projects/COURSEWORK/Saved/Config/Windows/Engine.ini]
[2020.11.23-17.57.08:362][  0]LogInit: Computer: RAT-LAPTOP
[2020.11.23-17.57.08:362][  0]LogInit: User: Shirehii
[2020.11.23-17.57.08:362][  0]LogInit: CPU Page size=4096, Cores=4
[2020.11.23-17.57.08:362][  0]LogInit: High frequency timer resolution =10.000000 MHz
[2020.11.23-17.57.08:362][  0]LogMemory: Memory total: Physical=15.9GB (16GB approx)
[2020.11.23-17.57.08:362][  0]LogMemory: Platform Memory Stats for Windows
[2020.11.23-17.57.08:362][  0]LogMemory: Process Physical Memory: 114.75 MB used, 114.76 MB peak
[2020.11.23-17.57.08:362][  0]LogMemory: Process Virtual Memory: 96.04 MB used, 96.04 MB peak
[2020.11.23-17.57.08:362][  0]LogMemory: Physical Memory: 9031.89 MB used,  7233.08 MB free, 16264.98 MB total
[2020.11.23-17.57.08:362][  0]LogMemory: Virtual Memory: 5144.87 MB used,  134212584.00 MB free, 134217728.00 MB total
[2020.11.23-17.57.08:368][  0]LogWindows: WindowsPlatformFeatures enabled
[2020.11.23-17.57.08:427][  0]LogInit: Physics initialised using underlying interface: PhysX
[2020.11.23-17.57.08:428][  0]LogInit: Using OS detected language (en-US).
[2020.11.23-17.57.08:428][  0]LogInit: Using OS detected locale (en-US).
[2020.11.23-17.57.08:431][  0]LogTextLocalizationManager: No specific localization for 'en-US' exists, so the 'en' localization will be used.
[2020.11.23-17.57.08:636][  0]LogInit: Setting process to per monitor DPI aware
[2020.11.23-17.57.08:672][  0]LogSlate: New Slate User Created.  User Index 0, Is Virtual User: 0
[2020.11.23-17.57.08:672][  0]LogSlate: Slate User Registered.  User Index 0, Is Virtual User: 0
[2020.11.23-17.57.08:872][  0]LogHMD: Failed to initialize OpenVR with code 110
[2020.11.23-17.57.08:872][  0]LogD3D11RHI: D3D11 min allowed feature level: 11_0
[2020.11.23-17.57.08:872][  0]LogD3D11RHI: D3D11 max allowed feature level: 11_0
[2020.11.23-17.57.08:872][  0]LogD3D11RHI: D3D11 adapters:
[2020.11.23-17.57.08:974][  0]LogD3D11RHI:    0. 'NVIDIA GeForce GTX 1050' (Feature Level 11_0)
[2020.11.23-17.57.08:974][  0]LogD3D11RHI:       4021/0/8132 MB DedicatedVideo/DedicatedSystem/SharedSystem, Outputs:1, VendorId:0x10de
[2020.11.23-17.57.08:996][  0]LogD3D11RHI:    1. 'Intel(R) HD Graphics 630' (Feature Level 11_0)
[2020.11.23-17.57.08:996][  0]LogD3D11RHI:       128/0/8132 MB DedicatedVideo/DedicatedSystem/SharedSystem, Outputs:0, VendorId:0x8086
[2020.11.23-17.57.08:998][  0]LogD3D11RHI:    2. 'Microsoft Basic Render Driver' (Feature Level 11_0)
[2020.11.23-17.57.08:998][  0]LogD3D11RHI:       0/0/8132 MB DedicatedVideo/DedicatedSystem/SharedSystem, Outputs:0, VendorId:0x1414
[2020.11.23-17.57.08:998][  0]LogD3D11RHI: Chosen D3D11 Adapter: 0
[2020.11.23-17.57.09:008][  0]LogD3D11RHI: Creating new Direct3DDevice
[2020.11.23-17.57.09:008][  0]LogD3D11RHI:     GPU DeviceId: 0x1c8d (for the marketing name, search the web for "GPU Device Id")
[2020.11.23-17.57.09:008][  0]LogWindows: EnumDisplayDevices:
[2020.11.23-17.57.09:008][  0]LogWindows:    0. 'Intel(R) HD Graphics 630' (P:1 D:1)
[2020.11.23-17.57.09:008][  0]LogWindows:    1. 'Intel(R) HD Graphics 630' (P:0 D:0)
[2020.11.23-17.57.09:009][  0]LogWindows:    2. 'Intel(R) HD Graphics 630' (P:0 D:0)
[2020.11.23-17.57.09:009][  0]LogWindows: DebugString: PrimaryIsNotTheChoosenAdapter PrimaryIsNotTheChoosenAdapter PrimaryIsNotTheChoosenAdapter FoundDriverCount:0 
[2020.11.23-17.57.09:009][  0]LogD3D11RHI:     Adapter Name: NVIDIA GeForce GTX 1050
[2020.11.23-17.57.09:009][  0]LogD3D11RHI:   Driver Version: Unknown (internal:Unknown, unified:Unknown)
[2020.11.23-17.57.09:009][  0]LogD3D11RHI:      Driver Date: Unknown
[2020.11.23-17.57.09:009][  0]LogRHI: Texture pool is 2814 MB (70% of 4021 MB)
[2020.11.23-17.57.09:072][  0]LogD3D11RHI: RHI has support for 64 bit atomics
[2020.11.23-17.57.09:072][  0]LogD3D11RHI: Async texture creation enabled
[2020.11.23-17.57.09:072][  0]LogD3D11RHI: Array index from any shader is supported
[2020.11.23-17.57.09:095][  0]LogD3D11RHI: GPU Timing Frequency: 1000.000000 (Debug: 2 1)
[2020.11.23-17.57.09:494][  0]LogTargetPlatformManager: Display: Loaded TargetPlatform 'AllDesktop'
[2020.11.23-17.57.09:527][  0]LogTargetPlatformManager: Display: Loaded TargetPlatform 'Android'
[2020.11.23-17.57.09:527][  0]LogTargetPlatformManager: Display: Loaded TargetPlatform 'Android_ASTC'
[2020.11.23-17.57.09:527][  0]LogTargetPlatformManager: Display: Loaded TargetPlatform 'Android_DXT'
[2020.11.23-17.57.09:527][  0]LogTargetPlatformManager: Display: Loaded TargetPlatform 'Android_ETC2'
[2020.11.23-17.57.09:527][  0]LogTargetPlatformManager: Display: Loaded TargetPlatform 'AndroidClient'
[2020.11.23-17.57.09:527][  0]LogTargetPlatformManager: Display: Loaded TargetPlatform 'Android_ASTCClient'
[2020.11.23-17.57.09:527][  0]LogTargetPlatformManager: Display: Loaded TargetPlatform 'Android_DXTClient'
[2020.11.23-17.57.09:527][  0]LogTargetPlatformManager: Display: Loaded TargetPlatform 'Android_ETC2Client'
[2020.11.23-17.57.09:527][  0]LogTargetPlatformManager: Display: Loaded TargetPlatform 'Android_Multi'
[2020.11.23-17.57.09:527][  0]LogTargetPlatformManager: Display: Loaded TargetPlatform 'Android_MultiClient'
[2020.11.23-17.57.09:559][  0]LogTargetPlatformManager: Display: Loaded TargetPlatform 'IOSClient'
[2020.11.23-17.57.09:559][  0]LogTargetPlatformManager: Display: Loaded TargetPlatform 'IOS'
[2020.11.23-17.57.09:576][  0]LogTargetPlatformManager: Display: Loaded TargetPlatform 'Linux'
[2020.11.23-17.57.09:594][  0]LogTargetPlatformManager: Display: Loaded TargetPlatform 'LinuxNoEditor'
[2020.11.23-17.57.09:606][  0]LogTargetPlatformManager: Display: Loaded TargetPlatform 'LinuxClient'
[2020.11.23-17.57.09:617][  0]LogTargetPlatformManager: Display: Loaded TargetPlatform 'LinuxServer'
[2020.11.23-17.57.09:629][  0]LogTargetPlatformManager: Display: Loaded TargetPlatform 'LinuxAArch64NoEditor'
[2020.11.23-17.57.09:639][  0]LogTargetPlatformManager: Display: Loaded TargetPlatform 'LinuxAArch64Client'
[2020.11.23-17.57.09:651][  0]LogTargetPlatformManager: Display: Loaded TargetPlatform 'LinuxAArch64Server'
[2020.11.23-17.57.09:681][  0]LogTargetPlatformManager: Display: Loaded TargetPlatform 'Lumin'
[2020.11.23-17.57.09:681][  0]LogTargetPlatformManager: Display: Loaded TargetPlatform 'LuminClient'
[2020.11.23-17.57.09:700][  0]LogTargetPlatformManager: Display: Loaded TargetPlatform 'TVOSClient'
[2020.11.23-17.57.09:700][  0]LogTargetPlatformManager: Display: Loaded TargetPlatform 'TVOS'
[2020.11.23-17.57.09:712][  0]LogTargetPlatformManager: Display: Loaded TargetPlatform 'WindowsNoEditor'
[2020.11.23-17.57.09:721][  0]LogTargetPlatformManager: Display: Loaded TargetPlatform 'Windows'
[2020.11.23-17.57.09:753][  0]LogTargetPlatformManager: Display: Loaded TargetPlatform 'WindowsClient'
[2020.11.23-17.57.09:763][  0]LogTargetPlatformManager: Display: Loaded TargetPlatform 'WindowsServer'
[2020.11.23-17.57.09:763][  0]LogTargetPlatformManager: Display: Building Assets For Windows
[2020.11.23-17.57.09:772][  0]LogAudioDebug: Display: Lib vorbis DLL was dynamically loaded.
[2020.11.23-17.57.09:836][  0]LogShaderCompilers: Guid format shader working directory is 15 characters bigger than the processId version (D:/yeet/Unreal Projects/COURSEWORK/Intermediate/Shaders/WorkingDirectory/8820/).
[2020.11.23-17.57.09:836][  0]LogShaderCompilers: Cleaned the shader compiler working directory 'C:/Users/Shirehii/AppData/Local/Temp/UnrealShaderWorkingDir/5B4EDBDF4800A61F2EA389A6336F5008/'.
[2020.11.23-17.57.09:836][  0]LogXGEController: Cannot use XGE Controller as Incredibuild is not installed on this machine.
[2020.11.23-17.57.09:837][  0]LogShaderCompilers: Cannot use XGE Shader Compiler as Incredibuild is not installed on this machine.
[2020.11.23-17.57.09:837][  0]LogShaderCompilers: Display: Using Local Shader Compiler.
[2020.11.23-17.57.10:666][  0]LogDerivedDataCache: Display: Max Cache Size: 512 MB
[2020.11.23-17.57.10:742][  0]LogDerivedDataCache: Loaded boot cache 0.08s 76MB C:/Users/Shirehii/AppData/Local/UnrealEngine/4.25/DerivedDataCache/Boot.ddc.
[2020.11.23-17.57.10:742][  0]LogDerivedDataCache: Display: Loaded Boot cache: C:/Users/Shirehii/AppData/Local/UnrealEngine/4.25/DerivedDataCache/Boot.ddc
[2020.11.23-17.57.10:742][  0]LogDerivedDataCache: FDerivedDataBackendGraph:  Pak pak cache file D:/yeet/Unreal Projects/COURSEWORK/DerivedDataCache/DDC.ddp not found, will not use a pak cache.
[2020.11.23-17.57.10:742][  0]LogDerivedDataCache: Unable to find inner node Pak for hierarchical cache Hierarchy.
[2020.11.23-17.57.10:743][  0]LogDerivedDataCache: FDerivedDataBackendGraph:  CompressedPak pak cache file D:/yeet/Unreal Projects/COURSEWORK/DerivedDataCache/Compressed.ddp not found, will not use a pak cache.
[2020.11.23-17.57.10:743][  0]LogDerivedDataCache: Unable to find inner node CompressedPak for hierarchical cache Hierarchy.
[2020.11.23-17.57.10:754][  0]LogDerivedDataCache: Display: Pak cache opened for reading ../../../Engine/DerivedDataCache/Compressed.ddp.
[2020.11.23-17.57.10:754][  0]LogDerivedDataCache: FDerivedDataBackendGraph:  EnterprisePak pak cache file ../../../Enterprise/DerivedDataCache/Compressed.ddp not found, will not use a pak cache.
[2020.11.23-17.57.10:754][  0]LogDerivedDataCache: Unable to find inner node EnterprisePak for hierarchical cache Hierarchy.
[2020.11.23-17.57.10:755][  0]LogDerivedDataCache: Using Local data cache path C:/Users/Shirehii/AppData/Local/UnrealEngine/Common/DerivedDataCache: Writable
[2020.11.23-17.57.10:755][  0]LogDerivedDataCache: Shared data cache path not found in *engine.ini, will not use an Shared cache.
[2020.11.23-17.57.10:755][  0]LogDerivedDataCache: Unable to find inner node Shared for hierarchical cache Hierarchy.
[2020.11.23-17.57.10:816][  0]LogSlate: Using FreeType 2.10.0
[2020.11.23-17.57.10:816][  0]LogSlate: SlateFontServices - WITH_FREETYPE: 1, WITH_HARFBUZZ: 1
[2020.11.23-17.57.10:847][  0]LogAssetRegistry: FAssetRegistry took 0.0029 seconds to start up
[2020.11.23-17.57.11:097][  0]LogInit: Selected Device Profile: [Windows]
[2020.11.23-17.57.11:238][  0]LogMeshReduction: Using QuadricMeshReduction for automatic static mesh reduction
[2020.11.23-17.57.11:238][  0]LogMeshReduction: Using SimplygonMeshReduction for automatic skeletal mesh reduction
[2020.11.23-17.57.11:238][  0]LogMeshReduction: Using ProxyLODMeshReduction for automatic mesh merging
[2020.11.23-17.57.11:238][  0]LogMeshReduction: No distributed automatic mesh merging module available
[2020.11.23-17.57.11:238][  0]LogMeshMerging: No distributed automatic mesh merging module available
[2020.11.23-17.57.11:255][  0]LogNetVersion: COURSEWORK 1.0.0, NetCL: 13144385, EngineNetVer: 14, GameNetVer: 0 (Checksum: 3761094382)
[2020.11.23-17.57.11:867][  0]LogAISub: UAISubsystem::UAISubsystem AISubsystem (000001EE9F208380), frame # 0
[2020.11.23-17.57.11:867][  0]LogAISub: UAISubsystem::UAISubsystem AIPerceptionSystem (000001EE9F146AC0), frame # 0
[2020.11.23-17.57.11:869][  0]LogAISub: UAISubsystem::UAISubsystem EnvQueryManager (000001EE9F1C0800), frame # 0
[2020.11.23-17.57.12:071][  0]LogPackageLocalizationCache: Processed 19 localized package path(s) for 1 prioritized culture(s) in 0.190026 seconds
[2020.11.23-17.57.12:078][  0]LogUObjectArray: 15917 objects as part of root set at end of initial load.
[2020.11.23-17.57.12:078][  0]LogUObjectAllocator: 3965568 out of 0 bytes used by permanent object pool.
[2020.11.23-17.57.12:078][  0]LogUObjectArray: CloseDisregardForGC: 0/0 objects in disregard for GC pool
[2020.11.23-17.57.12:512][  0]LogTcpMessaging: Initializing TcpMessaging bridge
[2020.11.23-17.57.12:516][  0]LogUdpMessaging: Initializing bridge on interface 0.0.0.0:0 to multicast group 230.0.0.1:6666.
[2020.11.23-17.57.12:618][  0]SourceControl: Source control is disabled
[2020.11.23-17.57.12:619][  0]SourceControl: Source control is disabled
[2020.11.23-17.57.12:623][  0]SourceControl: Source control is disabled
[2020.11.23-17.57.12:628][  0]SourceControl: Source control is disabled
[2020.11.23-17.57.12:637][  0]SourceControl: Source control is disabled
[2020.11.23-17.57.12:905][  0]LogAndroidPermission: UAndroidPermissionCallbackProxy::GetInstance
[2020.11.23-17.57.12:928][  0]LogAudioCaptureCore: Display: No Audio Capture implementations found. Audio input will be silent.
[2020.11.23-17.57.12:929][  0]LogAudioCaptureCore: Display: No Audio Capture implementations found. Audio input will be silent.
[2020.11.23-17.57.12:988][  0]LogOcInput: OculusInput pre-init called
[2020.11.23-17.57.13:001][  0]LogWindows: Failed to load 'OVRPlugin.dll' (GetLastError=126)
[2020.11.23-17.57.13:001][  0]LogWindows: File 'OVRPlugin.dll' does not exist
[2020.11.23-17.57.13:067][  0]LogEngine: Initializing Engine...
[2020.11.23-17.57.13:069][  0]LogHMD: Failed to initialize OpenVR with code 110
[2020.11.23-17.57.13:069][  0]LogMagicLeap: Warning: VR disabled because ZI is not enabled.  To enable, in the editor, Edit -> Project Settings -> Plugins -> Magic Leap Plugin -> Enable Zero Iteration
[2020.11.23-17.57.13:070][  0]LogStats: UGameplayTagsManager::InitializeManager -  0.000 s
[2020.11.23-17.57.13:248][  0]LogInit: Initializing FReadOnlyCVARCache
[2020.11.23-17.57.13:256][  0]LogAIModule: Creating AISystem for world Untitled
[2020.11.23-17.57.13:256][  0]LogAISub: UAISubsystem::UAISubsystem EnvQueryManager (000001EEA1A31C00), frame # 0
[2020.11.23-17.57.13:256][  0]LogAISub: UAISubsystem::UAISubsystem AIPerceptionSystem (000001EEA1A2F100), frame # 0
[2020.11.23-17.57.13:261][  0]LogAudioMixer: Display: Audio Mixer Platform Settings:
[2020.11.23-17.57.13:261][  0]LogAudioMixer: Display: 	Sample Rate:						  48000
[2020.11.23-17.57.13:261][  0]LogAudioMixer: Display: 	Callback Buffer Frame Size Requested: 1024
[2020.11.23-17.57.13:261][  0]LogAudioMixer: Display: 	Callback Buffer Frame Size To Use:	  1024
[2020.11.23-17.57.13:261][  0]LogAudioMixer: Display: 	Number of buffers to queue:			  2
[2020.11.23-17.57.13:261][  0]LogAudioMixer: Display: 	Max Channels (voices):				  32
[2020.11.23-17.57.13:261][  0]LogAudioMixer: Display: 	Number of Async Source Workers:		  0
[2020.11.23-17.57.13:261][  0]LogAudio: Display: AudioDevice MaxSources: 32
[2020.11.23-17.57.13:261][  0]LogAudio: Display: Using built-in audio occlusion.
[2020.11.23-17.57.13:261][  0]LogAudioMixer: Display: Initializing audio mixer.
[2020.11.23-17.57.13:277][  0]LogAudioMixer: Display: 0: FrontLeft
[2020.11.23-17.57.13:277][  0]LogAudioMixer: Display: 1: FrontRight
[2020.11.23-17.57.13:829][  0]LogAudioMixer: Display: Using Audio Device Speakers (Realtek High Definition Audio)
[2020.11.23-17.57.13:829][  0]LogAudioMixer: Display: Initializing Sound Submixes...
[2020.11.23-17.57.13:833][  0]LogAudioMixer: Display: Creating Master Submix 'MasterSubmixDefault'
[2020.11.23-17.57.13:833][  0]LogAudioMixer: Display: Creating Master Submix 'MasterReverbSubmixDefault'
[2020.11.23-17.57.13:834][  0]LogAudioMixer: Display: Creating Master Submix 'MasterEQSubmixDefault'
[2020.11.23-17.57.13:835][  0]LogInit: FAudioDevice initialized.
[2020.11.23-17.57.13:835][  0]LogNetVersion: Set ProjectVersion to 1.0.0.0. Version Checksum will be recalculated on next use.
[2020.11.23-17.57.13:891][  0]LogDerivedDataCache: Saved boot cache 0.06s 76MB C:/Users/Shirehii/AppData/Local/UnrealEngine/4.25/DerivedDataCache/Boot.ddc.
[2020.11.23-17.57.13:897][  0]LogInit: Texture streaming: Enabled
[2020.11.23-17.57.13:915][  0]LogEngineSessionManager: EngineSessionManager initialized
[2020.11.23-17.57.13:915][  0]LogEditorSessionSummary: Verbose: Initializing EditorSessionSummaryWriter for editor session tracking
[2020.11.23-17.57.13:917][  0]LogEditorSessionSummary: EditorSessionSummaryWriter initialized
[2020.11.23-17.57.14:055][  0]LogInit: Transaction tracking system initialized
[2020.11.23-17.57.14:078][  0]BlueprintLog: New page: Editor Load
[2020.11.23-17.57.14:156][  0]LocalizationService: Localization service is disabled
[2020.11.23-17.57.14:369][  0]LogCook: Display: Max memory allowance for cook 16384mb min free memory 0mb
[2020.11.23-17.57.14:369][  0]LogCook: Display: Mobile HDR setting 1
[2020.11.23-17.57.14:513][  0]LogFileCache: Scanning file cache for directory 'D:/yeet/Unreal Projects/COURSEWORK/Content/' took 0.01s
[2020.11.23-17.57.14:758][  0]SourceControl: Source control is disabled
[2020.11.23-17.57.14:758][  0]LogUnrealEdMisc: Loading editor; pre map load, took 8.706
[2020.11.23-17.57.14:758][  0]Cmd: MAP LOAD FILE="D:/yeet/Unreal Projects/COURSEWORK/Content/StarterContent/Maps/Minimal_Default.umap" TEMPLATE=0 SHOWPROGRESS=1 FEATURELEVEL=3
[2020.11.23-17.57.14:792][  0]LightingResults: New page: Lighting Build
[2020.11.23-17.57.14:793][  0]LogWorld: UWorld::CleanupWorld for Untitled, bSessionEnded=true, bCleanupResources=true
[2020.11.23-17.57.14:793][  0]LogSlate: InvalidateAllWidgets triggered.  All widgets were invalidated
[2020.11.23-17.57.14:793][  0]MapCheck: New page: Map Check
[2020.11.23-17.57.14:793][  0]LightingResults: New page: Lighting Build
[2020.11.23-17.57.14:802][  0]LogAISub: UAISubsystem::~UAISubsystem EnvQueryManager (000001EEA1A31C00), frame # 0
[2020.11.23-17.57.14:802][  0]LogAISub: UAISubsystem::~UAISubsystem AIPerceptionSystem (000001EEA1A2F100), frame # 0
[2020.11.23-17.57.14:803][  0]LogUObjectHash: Compacting FUObjectHashTables data took   0.69ms
[2020.11.23-17.57.15:928][  0]LogAIModule: Creating AISystem for world Minimal_Default
[2020.11.23-17.57.15:928][  0]LogAISub: UAISubsystem::UAISubsystem EnvQueryManager (000001EE91504800), frame # 0
[2020.11.23-17.57.15:928][  0]LogAISub: UAISubsystem::UAISubsystem AIPerceptionSystem (000001EE914E6980), frame # 0
[2020.11.23-17.57.15:948][  0]LogEditorServer: Finished looking for orphan Actors (0.000 secs)
[2020.11.23-17.57.15:963][  0]LogUObjectHash: Compacting FUObjectHashTables data took   0.78ms
[2020.11.23-17.57.15:963][  0]Cmd: MAP CHECKDEP NOCLEARLOG
[2020.11.23-17.57.15:964][  0]MapCheck: Map check complete: 0 Error(s), 0 Warning(s), took 0.103ms to complete.
[2020.11.23-17.57.15:964][  0]LogFileHelpers: Loading map 'Minimal_Default' took 1.206
[2020.11.23-17.57.15:966][  0]LogUnrealEdMisc: Total Editor Startup Time, took 9.914
[2020.11.23-17.57.16:156][  0]LogSlate: Updating window title bar state: overlay mode, drag disabled, window buttons hidden, title bar hidden
[2020.11.23-17.57.16:165][  0]LogSlate: Updating window title bar state: overlay mode, drag disabled, window buttons hidden, title bar hidden
[2020.11.23-17.57.16:175][  0]LogSlate: Updating window title bar state: overlay mode, drag disabled, window buttons hidden, title bar hidden
[2020.11.23-17.57.16:186][  0]LogSlate: Updating window title bar state: overlay mode, drag disabled, window buttons hidden, title bar hidden
[2020.11.23-17.57.16:199][  0]LogCollectionManager: Loaded 0 collections in 0.002401 seconds
[2020.11.23-17.57.16:230][  0]LogFileCache: Scanning file cache for directory 'D:/yeet/Unreal Projects/COURSEWORK/Saved/Collections/' took 0.00s
[2020.11.23-17.57.16:230][  0]LogFileCache: Scanning file cache for directory 'D:/yeet/Unreal Projects/COURSEWORK/Content/Developers/Shirehii/Collections/' took 0.00s
[2020.11.23-17.57.16:230][  0]LogFileCache: Scanning file cache for directory 'D:/yeet/Unreal Projects/COURSEWORK/Content/Collections/' took 0.00s
[2020.11.23-17.57.16:230][  0]LogContentBrowser: Native class hierarchy populated in 0.0109 seconds. Added 3427 classes and 821 folders.
[2020.11.23-17.57.16:239][  0]LogContentBrowser: Native class hierarchy updated for 'WidgetCarousel' in 0.0003 seconds. Added 0 classes and 0 folders.
[2020.11.23-17.57.16:746][  0]LogContentBrowser: Native class hierarchy updated for 'AddContentDialog' in 0.0003 seconds. Added 0 classes and 0 folders.
[2020.11.23-17.57.16:755][  0]LogContentBrowser: Native class hierarchy updated for 'SceneOutliner' in 0.0003 seconds. Added 2 classes and 0 folders.
[2020.11.23-17.57.16:989][  0]LogSlate: Took 0.000237 seconds to synchronously load lazily loaded font '../../../Engine/Content/Slate/Fonts/Roboto-Regular.ttf' (155K)
[2020.11.23-17.57.16:994][  0]LogSlate: Took 0.000172 seconds to synchronously load lazily loaded font '../../../Engine/Content/Slate/Fonts/Roboto-Bold.ttf' (160K)
[2020.11.23-17.57.17:004][  0]LogSlate: Took 0.008095 seconds to synchronously load lazily loaded font '../../../Engine/Content/Editor/Slate/Fonts/FontAwesome.ttf' (139K)
[2020.11.23-17.57.17:113][  0]LogRenderer: Reallocating scene render targets to support 1012x572 Format 10 NumSamples 1 (Frame:1).
[2020.11.23-17.57.17:204][  0]LogSlate: Took 0.006911 seconds to synchronously load lazily loaded font '../../../Engine/Content/Slate/Fonts/Roboto-Light.ttf' (167K)
[2020.11.23-17.57.17:289][  0]LogContentBrowser: Native class hierarchy updated for 'HierarchicalLODOutliner' in 0.0008 seconds. Added 0 classes and 0 folders.
[2020.11.23-17.57.17:290][  0]LogLoad: (Engine Initialization) Total time: 11.24 seconds
[2020.11.23-17.57.17:290][  0]LogLoad: (Engine Initialization) Total Blueprint compile time: 0.00 seconds
[2020.11.23-17.57.17:346][  0]LogAssetRegistry: Asset discovery search completed in 6.5003 seconds
[2020.11.23-17.57.17:351][  0]LogCollectionManager: Fixed up redirectors for 0 collections in 0.000003 seconds (updated 0 objects)
[2020.11.23-17.57.17:353][  0]LogContentStreaming: Texture pool size now 1000 MB
[2020.11.23-18.09.03:978][584]LogSlate: Took 0.000184 seconds to synchronously load lazily loaded font '../../../Engine/Content/Slate/Fonts/Roboto-Light.ttf' (167K)
[2020.11.23-18.09.03:998][584]LogAssetEditorSubsystem: Opening Asset editor for WidgetBlueprint /Game/UI/MainMenu.MainMenu
[2020.11.23-18.09.04:749][584]LogContentBrowser: Native class hierarchy updated for 'BlueprintGraph' in 0.0006 seconds. Added 125 classes and 0 folders.
[2020.11.23-18.09.06:256][584]LogSlate: Took 0.000171 seconds to synchronously load lazily loaded font '../../../Engine/Content/Slate/Fonts/Roboto-BoldCondensed.ttf' (158K)
[2020.11.23-18.11.00:275][802]LogSlate: Took 0.011467 seconds to synchronously load lazily loaded font '../../../Engine/Content/Slate/Fonts/DroidSansFallback.ttf' (3848K)
[2020.11.23-18.13.56:647][533]BlueprintLog: New page: Compile MainMenu
[2020.11.23-18.13.56:724][533]LogUObjectHash: Compacting FUObjectHashTables data took   4.09ms
[2020.11.23-18.13.57:318][558]Cmd: OBJ SAVEPACKAGE PACKAGE="/Game/UI/MainMenu" FILE="D:/yeet/Unreal Projects/COURSEWORK/Content/UI/MainMenu.uasset" SILENT=true
[2020.11.23-18.13.57:433][558]LogSavePackage: Moving 'D:/yeet/Unreal Projects/COURSEWORK/Saved/MainMenu1FDE8D7A4A3DF744C2F60DB8449BBFCF.tmp' to 'D:/yeet/Unreal Projects/COURSEWORK/Content/UI/MainMenu.uasset'
[2020.11.23-18.13.57:476][558]AssetCheck: New page: Asset Save: MainMenu
[2020.11.23-18.13.57:477][558]LogContentValidation: Display: Validating WidgetBlueprint /Game/UI/MainMenu.MainMenu
[2020.11.23-18.13.58:737][628]LogSlate: Window 'MainMenu' being destroyed
[2020.11.23-18.13.58:746][628]LogSlate: Window 'MainMenu' being destroyed
[2020.11.23-18.13.58:758][628]LogWorld: UWorld::CleanupWorld for World_1, bSessionEnded=true, bCleanupResources=true
[2020.11.23-18.13.58:758][628]LogSlate: InvalidateAllWidgets triggered.  All widgets were invalidated
[2020.11.23-18.13.58:783][628]LogWorld: UWorld::CleanupWorld for World_0, bSessionEnded=true, bCleanupResources=true
[2020.11.23-18.13.58:783][628]LogSlate: InvalidateAllWidgets triggered.  All widgets were invalidated
[2020.11.23-18.13.59:956][694]LogTemp: Repeating last play command: New Editor Window (PIE)
[2020.11.23-18.13.59:976][694]LogPlayLevel: PlayLevel: No blueprints needed recompiling
[2020.11.23-18.13.59:982][694]PIE: New page: PIE session: Minimal_Default (Nov 23, 2020, 10:13:59 PM)
[2020.11.23-18.13.59:985][694]LogOnline: OSS: Creating online subsystem instance for: NULL
[2020.11.23-18.13.59:987][694]LogOnline: OSS: TryLoadSubsystemAndSetDefault: Loaded subsystem for module [NULL]
[2020.11.23-18.13.59:988][694]LogPlayLevel: Creating play world package: /Game/StarterContent/Maps/UEDPIE_0_Minimal_Default
[2020.11.23-18.13.59:995][694]LogPlayLevel: PIE: StaticDuplicateObject took: (0.007179s)
[2020.11.23-18.13.59:997][694]LogAIModule: Creating AISystem for world Minimal_Default
[2020.11.23-18.13.59:997][694]LogAISub: UAISubsystem::UAISubsystem EnvQueryManager (000001EF022B9600), frame # 18694
[2020.11.23-18.13.59:997][694]LogAISub: UAISubsystem::UAISubsystem AIPerceptionSystem (000001EE914E4F40), frame # 18694
[2020.11.23-18.13.59:997][694]LogPlayLevel: PIE: World Init took: (0.001489s)
[2020.11.23-18.13.59:997][694]LogPlayLevel: PIE: Created PIE world by copying editor world from /Game/StarterContent/Maps/Minimal_Default.Minimal_Default to /Game/StarterContent/Maps/UEDPIE_0_Minimal_Default.Minimal_Default (0.009269s)
[2020.11.23-18.14.00:054][694]LogUObjectHash: Compacting FUObjectHashTables data took   4.27ms
[2020.11.23-18.14.00:057][694]LogAudioMixer: Display: Audio Mixer Platform Settings:
[2020.11.23-18.14.00:057][694]LogAudioMixer: Display: 	Sample Rate:						  48000
[2020.11.23-18.14.00:057][694]LogAudioMixer: Display: 	Callback Buffer Frame Size Requested: 1024
[2020.11.23-18.14.00:057][694]LogAudioMixer: Display: 	Callback Buffer Frame Size To Use:	  1024
[2020.11.23-18.14.00:057][694]LogAudioMixer: Display: 	Number of buffers to queue:			  2
[2020.11.23-18.14.00:057][694]LogAudioMixer: Display: 	Max Channels (voices):				  32
[2020.11.23-18.14.00:057][694]LogAudioMixer: Display: 	Number of Async Source Workers:		  0
[2020.11.23-18.14.00:057][694]LogAudio: Display: AudioDevice MaxSources: 32
[2020.11.23-18.14.00:058][694]LogAudio: Display: Using built-in audio occlusion.
[2020.11.23-18.14.00:058][694]LogAudioMixer: Display: Initializing audio mixer.
[2020.11.23-18.14.00:064][694]LogAudioMixer: Display: 0: FrontLeft
[2020.11.23-18.14.00:064][694]LogAudioMixer: Display: 1: FrontRight
[2020.11.23-18.14.00:154][694]LogAudioMixer: Display: Using Audio Device Speakers (Realtek High Definition Audio)
[2020.11.23-18.14.00:154][694]LogAudioMixer: Display: Initializing Sound Submixes...
[2020.11.23-18.14.00:154][694]LogAudioMixer: Display: Creating Master Submix 'MasterSubmixDefault'
[2020.11.23-18.14.00:154][694]LogAudioMixer: Display: Creating Master Submix 'MasterReverbSubmixDefault'
[2020.11.23-18.14.00:155][694]LogAudioMixer: Display: Creating Master Submix 'MasterEQSubmixDefault'
[2020.11.23-18.14.00:174][694]LogInit: FAudioDevice initialized.
[2020.11.23-18.14.00:225][694]LogSlate: Updating window title bar state: overlay mode, drag disabled, window buttons hidden, title bar hidden
[2020.11.23-18.14.00:227][694]LogLoad: Game class is 'firstperson_C'
[2020.11.23-18.14.00:230][694]LogWorld: Bringing World /Game/StarterContent/Maps/UEDPIE_0_Minimal_Default.Minimal_Default up for play (max tick rate 60) at 2020.11.23-20.14.00
[2020.11.23-18.14.00:232][694]LogWorld: Bringing up level for play took: 0.003626
[2020.11.23-18.14.00:232][694]LogOnline: OSS: Creating online subsystem instance for: :Context_3
[2020.11.23-18.14.00:248][694]LogContentBrowser: Native class hierarchy updated for 'MovieSceneCapture' in 0.0004 seconds. Added 20 classes and 0 folders.
[2020.11.23-18.14.00:265][694]PIE: Server logged in
[2020.11.23-18.14.00:267][694]PIE: Play in editor total start time 0.294 seconds.
[2020.11.23-18.14.00:323][695]LogRenderer: Reallocating scene render targets to support 1280x720 Format 10 NumSamples 1 (Frame:1).
[2020.11.23-18.14.01:747][757]LogSlate: Window 'COURSEWORK Preview [NetMode: Standalone] (64-bit/Windows) ' being destroyed
[2020.11.23-18.14.01:756][757]LogWorld: BeginTearingDown for /Game/StarterContent/Maps/UEDPIE_0_Minimal_Default
[2020.11.23-18.14.01:799][757]LogWorld: UWorld::CleanupWorld for Minimal_Default, bSessionEnded=true, bCleanupResources=true
[2020.11.23-18.14.01:800][757]LogSlate: InvalidateAllWidgets triggered.  All widgets were invalidated
[2020.11.23-18.14.01:812][757]LogPlayLevel: Display: Shutting down PIE online subsystems
[2020.11.23-18.14.01:821][757]LogSlate: InvalidateAllWidgets triggered.  All widgets were invalidated
[2020.11.23-18.14.01:940][757]LogAISub: UAISubsystem::~UAISubsystem AIPerceptionSystem (000001EE914E4F40), frame # 18757
[2020.11.23-18.14.01:941][757]LogAISub: UAISubsystem::~UAISubsystem EnvQueryManager (000001EF022B9600), frame # 18757
[2020.11.23-18.14.01:945][757]LogUObjectHash: Compacting FUObjectHashTables data took   4.49ms
[2020.11.23-18.14.01:979][758]LogPlayLevel: Display: Destroying online subsystem :Context_3
[2020.11.23-18.14.12:957][407]LogAssetEditorSubsystem: Opening Asset editor for WidgetBlueprint /Game/UI/MainMenu.MainMenu
[2020.11.23-18.14.15:538][522]LogSlate: Window 'MainMenu' being destroyed
[2020.11.23-18.14.15:545][522]LogSlate: Window 'MainMenu' being destroyed
[2020.11.23-18.14.15:548][522]LogWorld: UWorld::CleanupWorld for World_3, bSessionEnded=true, bCleanupResources=true
[2020.11.23-18.14.15:548][522]LogSlate: InvalidateAllWidgets triggered.  All widgets were invalidated
[2020.11.23-18.14.15:558][522]LogWorld: UWorld::CleanupWorld for World_2, bSessionEnded=true, bCleanupResources=true
[2020.11.23-18.14.15:559][522]LogSlate: InvalidateAllWidgets triggered.  All widgets were invalidated
[2020.11.23-18.14.20:770][811]LogAssetEditorSubsystem: Opening Asset editor for World /Game/Levels/MainMenu.MainMenu
[2020.11.23-18.14.20:818][811]LogUObjectHash: Compacting FUObjectHashTables data took   2.63ms
[2020.11.23-18.14.20:820][811]Cmd: MAP LOAD FILE="D:/yeet/Unreal Projects/COURSEWORK/Content/Levels/MainMenu.umap" TEMPLATE=0 SHOWPROGRESS=1 FEATURELEVEL=3
[2020.11.23-18.14.20:820][811]LightingResults: New page: Lighting Build
[2020.11.23-18.14.20:821][811]LoadErrors: New page: Loading map: MainMenu.umap
[2020.11.23-18.14.20:861][811]LogWorld: UWorld::CleanupWorld for Minimal_Default, bSessionEnded=true, bCleanupResources=true
[2020.11.23-18.14.20:861][811]LogSlate: InvalidateAllWidgets triggered.  All widgets were invalidated
[2020.11.23-18.14.20:861][811]MapCheck: New page: Map Check
[2020.11.23-18.14.20:861][811]LightingResults: New page: Lighting Build
[2020.11.23-18.14.20:882][811]LogAISub: UAISubsystem::~UAISubsystem EnvQueryManager (000001EE91504800), frame # 19811
[2020.11.23-18.14.20:882][811]LogAISub: UAISubsystem::~UAISubsystem AIPerceptionSystem (000001EE914E6980), frame # 19811
[2020.11.23-18.14.20:884][811]LogUObjectHash: Compacting FUObjectHashTables data took   1.89ms
[2020.11.23-18.14.20:960][811]LogEditorServer: Finished looking for orphan Actors (0.000 secs)
[2020.11.23-18.14.20:960][811]LogAIModule: Creating AISystem for world MainMenu
[2020.11.23-18.14.20:960][811]LogAISub: UAISubsystem::UAISubsystem EnvQueryManager (000001EEDAA56C00), frame # 19811
[2020.11.23-18.14.20:960][811]LogAISub: UAISubsystem::UAISubsystem AIPerceptionSystem (000001EE90A4D440), frame # 19811
[2020.11.23-18.14.20:981][811]LogUObjectHash: Compacting FUObjectHashTables data took   1.64ms
[2020.11.23-18.14.21:013][811]Cmd: MAP CHECKDEP NOCLEARLOG
[2020.11.23-18.14.21:013][811]MapCheck: Map check complete: 0 Error(s), 0 Warning(s), took 0.085ms to complete.
[2020.11.23-18.14.21:013][811]LogFileHelpers: Loading map 'MainMenu' took 0.193
[2020.11.23-18.14.22:747][913]LogTemp: Repeating last play command: New Editor Window (PIE)
[2020.11.23-18.14.22:763][913]LogPlayLevel: PlayLevel: No blueprints needed recompiling
[2020.11.23-18.14.22:763][913]PIE: New page: PIE session: MainMenu (Nov 23, 2020, 10:14:22 PM)
[2020.11.23-18.14.22:763][913]LogPlayLevel: Creating play world package: /Game/Levels/UEDPIE_0_MainMenu
[2020.11.23-18.14.22:764][913]LogPlayLevel: PIE: StaticDuplicateObject took: (0.000950s)
[2020.11.23-18.14.22:765][913]LogAIModule: Creating AISystem for world MainMenu
[2020.11.23-18.14.22:765][913]LogAISub: UAISubsystem::UAISubsystem EnvQueryManager (000001EF002B8C00), frame # 19913
[2020.11.23-18.14.22:765][913]LogAISub: UAISubsystem::UAISubsystem AIPerceptionSystem (000001EEDAF36E80), frame # 19913
[2020.11.23-18.14.22:765][913]LogPlayLevel: PIE: World Init took: (0.000975s)
[2020.11.23-18.14.22:765][913]LogPlayLevel: PIE: Created PIE world by copying editor world from /Game/Levels/MainMenu.MainMenu to /Game/Levels/UEDPIE_0_MainMenu.MainMenu (0.002016s)
[2020.11.23-18.14.22:784][913]LogUObjectHash: Compacting FUObjectHashTables data took   1.79ms
[2020.11.23-18.14.22:785][913]LogAudioMixer: Display: Audio Mixer Platform Settings:
[2020.11.23-18.14.22:785][913]LogAudioMixer: Display: 	Sample Rate:						  48000
[2020.11.23-18.14.22:785][913]LogAudioMixer: Display: 	Callback Buffer Frame Size Requested: 1024
[2020.11.23-18.14.22:785][913]LogAudioMixer: Display: 	Callback Buffer Frame Size To Use:	  1024
[2020.11.23-18.14.22:785][913]LogAudioMixer: Display: 	Number of buffers to queue:			  2
[2020.11.23-18.14.22:785][913]LogAudioMixer: Display: 	Max Channels (voices):				  32
[2020.11.23-18.14.22:785][913]LogAudioMixer: Display: 	Number of Async Source Workers:		  0
[2020.11.23-18.14.22:785][913]LogAudio: Display: AudioDevice MaxSources: 32
[2020.11.23-18.14.22:785][913]LogAudio: Display: Using built-in audio occlusion.
[2020.11.23-18.14.22:785][913]LogAudioMixer: Display: Initializing audio mixer.
[2020.11.23-18.14.22:788][913]LogAudioMixer: Display: 0: FrontLeft
[2020.11.23-18.14.22:788][913]LogAudioMixer: Display: 1: FrontRight
[2020.11.23-18.14.22:856][913]LogAudioMixer: Display: Using Audio Device Speakers (Realtek High Definition Audio)
[2020.11.23-18.14.22:856][913]LogAudioMixer: Display: Initializing Sound Submixes...
[2020.11.23-18.14.22:856][913]LogAudioMixer: Display: Creating Master Submix 'MasterSubmixDefault'
[2020.11.23-18.14.22:856][913]LogAudioMixer: Display: Creating Master Submix 'MasterReverbSubmixDefault'
[2020.11.23-18.14.22:857][913]LogAudioMixer: Display: Creating Master Submix 'MasterEQSubmixDefault'
[2020.11.23-18.14.22:871][913]LogInit: FAudioDevice initialized.
[2020.11.23-18.14.22:917][913]LogSlate: Updating window title bar state: overlay mode, drag disabled, window buttons hidden, title bar hidden
[2020.11.23-18.14.22:917][913]LogLoad: Game class is 'GameModeBase'
[2020.11.23-18.14.22:918][913]LogWorld: Bringing World /Game/Levels/UEDPIE_0_MainMenu.MainMenu up for play (max tick rate 60) at 2020.11.23-20.14.22
[2020.11.23-18.14.22:919][913]LogWorld: Bringing up level for play took: 0.000549
[2020.11.23-18.14.22:919][913]LogOnline: OSS: Creating online subsystem instance for: :Context_6
[2020.11.23-18.14.22:925][913]LogPlayerController: Error: InputMode:UIOnly - Attempting to focus Non-Focusable widget SObjectWidget [Widget.cpp(799)]!
[2020.11.23-18.14.22:927][913]PIE: Server logged in
[2020.11.23-18.14.22:931][913]PIE: Play in editor total start time 0.169 seconds.
[2020.11.23-18.14.29:949][330]LogNet: Browse: /Game/Levels/Level1
[2020.11.23-18.14.29:950][330]LogLoad: LoadMap: /Game/Levels/Level1
[2020.11.23-18.14.29:950][330]LogWorld: BeginTearingDown for /Game/Levels/UEDPIE_0_MainMenu
[2020.11.23-18.14.29:951][330]LogWorld: UWorld::CleanupWorld for MainMenu, bSessionEnded=true, bCleanupResources=true
[2020.11.23-18.14.29:951][330]LogSlate: InvalidateAllWidgets triggered.  All widgets were invalidated
[2020.11.23-18.14.29:997][330]LogAISub: UAISubsystem::~UAISubsystem AIPerceptionSystem (000001EEDAF36E80), frame # 20330
[2020.11.23-18.14.29:997][330]LogAISub: UAISubsystem::~UAISubsystem EnvQueryManager (000001EF002B8C00), frame # 20330
[2020.11.23-18.14.29:999][330]LogUObjectHash: Compacting FUObjectHashTables data took   1.77ms
[2020.11.23-18.14.30:262][330]LogAIModule: Creating AISystem for world Level1
[2020.11.23-18.14.30:262][330]LogAISub: UAISubsystem::UAISubsystem EnvQueryManager (000001EED1AECE00), frame # 20330
[2020.11.23-18.14.30:262][330]LogAISub: UAISubsystem::UAISubsystem AIPerceptionSystem (000001EF01135D00), frame # 20330
[2020.11.23-18.14.30:263][330]LogLoad: Game class is 'firstperson_C'
[2020.11.23-18.14.30:266][330]LogWorld: Bringing World /Game/Levels/UEDPIE_0_Level1.Level1 up for play (max tick rate 60) at 2020.11.23-20.14.30
[2020.11.23-18.14.30:267][330]LogWorld: Bringing up level for play took: 0.002824
[2020.11.23-18.14.30:268][330]LogLoad: Took 0.318285 seconds to LoadMap(/Game/Levels/Level1)
[2020.11.23-18.14.31:690][411]LogSlate: Updating window title bar state: overlay mode, drag disabled, window buttons hidden, title bar hidden
[2020.11.23-18.14.31:690][411]LogWorld: BeginTearingDown for /Game/Levels/UEDPIE_0_Level1
[2020.11.23-18.14.31:691][411]LogSlate: Window 'COURSEWORK Preview [NetMode: Standalone] (64-bit/Windows) ' being destroyed
[2020.11.23-18.14.31:697][411]LogWorld: UWorld::CleanupWorld for Level1, bSessionEnded=true, bCleanupResources=true
[2020.11.23-18.14.31:698][411]LogSlate: InvalidateAllWidgets triggered.  All widgets were invalidated
[2020.11.23-18.14.31:717][411]LogPlayLevel: Display: Shutting down PIE online subsystems
[2020.11.23-18.14.31:721][411]LogSlate: InvalidateAllWidgets triggered.  All widgets were invalidated
[2020.11.23-18.14.31:763][411]LogAISub: UAISubsystem::~UAISubsystem AIPerceptionSystem (000001EF01135D00), frame # 20411
[2020.11.23-18.14.31:763][411]LogAISub: UAISubsystem::~UAISubsystem EnvQueryManager (000001EED1AECE00), frame # 20411
[2020.11.23-18.14.31:765][411]LogUObjectHash: Compacting FUObjectHashTables data took   1.74ms
[2020.11.23-18.14.31:793][412]LogPlayLevel: Display: Destroying online subsystem :Context_6
[2020.11.23-18.15.23:258][690]LogHttp: Warning: 000001EEAC8FAB00: invalid HTTP response code received. URL: https://datarouter.ol.epicgames.com/datarouter/api/v1/public/data?SessionID=%7BCAB81BC9-4C06-3F79-5BCD-61B380BE9F18%7D&AppID=UEEditor.Rocket.Release&AppVersion=4.25.4-14469661%2B%2B%2BUE4%2BRelease-4.25&UserID=fe0f1ce54cc831398c19698510e43663%7C50f4dbcbe5764e05af6a8555db7f3157%7C790560a0-e44c-446a-a8c9-36cfc916869b&AppEnvironment=datacollector-source&UploadType=eteventstream, HTTP code: 0, content length: 0, actual payload size: 0
[2020.11.23-18.15.23:258][690]LogHttp: Warning: 000001EEAC8FAB00: request failed, libcurl error: 0 (No error)
[2020.11.23-18.15.23:258][690]LogHttp: Warning: 000001EEAC8FAB00: libcurl info message cache 0 (Found bundle for host datarouter.ol.epicgames.com: 0x1eefb2aff70 [can pipeline])
[2020.11.23-18.15.23:258][690]LogHttp: Warning: 000001EEAC8FAB00: libcurl info message cache 1 (Re-using existing connection! (#6) with host datarouter.ol.epicgames.com)
[2020.11.23-18.15.23:258][690]LogHttp: Warning: 000001EEAC8FAB00: libcurl info message cache 2 (Connected to datarouter.ol.epicgames.com (18.235.68.165) port 443 (#6))
[2020.11.23-18.15.23:258][690]LogHttp: Warning: 000001EEAC8FAB00: libcurl info message cache 3 (We are completely uploaded and fine)
[2020.11.23-18.15.23:258][690]LogHttp: Warning: 000001EEAC8FAB00: libcurl info message cache 4 (TLSv1.2 (IN), TLS alert, Client hello (1):)
[2020.11.23-18.15.23:258][690]LogHttp: Warning: 000001EEAC8FAB00: libcurl info message cache 5 (Connection died, retrying a fresh connect)
[2020.11.23-18.15.23:258][690]LogHttp: Warning: 000001EEAC8FAB00: libcurl info message cache 6 (necessary data rewind wasn't possible)
[2020.11.23-18.15.23:258][690]LogHttp: Warning: 000001EEAC8FAB00: libcurl info message cache 7 (Closing connection 6)
[2020.11.23-18.15.23:258][690]LogHttp: Warning: 000001EEAC8FAB00: libcurl info message cache 8 (TLSv1.2 (OUT), TLS alert, Client hello (1):)
[2020.11.23-18.15.23:258][690]LogHttp: Warning: Retry exhausted on https://datarouter.ol.epicgames.com/datarouter/api/v1/public/data?SessionID=%7BCAB81BC9-4C06-3F79-5BCD-61B380BE9F18%7D&AppID=UEEditor.Rocket.Release&AppVersion=4.25.4-14469661%2B%2B%2BUE4%2BRelease-4.25&UserID=fe0f1ce54cc831398c19698510e43663%7C50f4dbcbe5764e05af6a8555db7f3157%7C790560a0-e44c-446a-a8c9-36cfc916869b&AppEnvironment=datacollector-source&UploadType=eteventstream
[2020.11.23-18.15.38:787][817]LogTemp: Repeating last play command: New Editor Window (PIE)
[2020.11.23-18.15.38:814][817]LogPlayLevel: PlayLevel: No blueprints needed recompiling
[2020.11.23-18.15.38:814][817]PIE: New page: PIE session: MainMenu (Nov 23, 2020, 10:15:38 PM)
[2020.11.23-18.15.38:814][817]LogPlayLevel: Creating play world package: /Game/Levels/UEDPIE_0_MainMenu
[2020.11.23-18.15.38:816][817]LogPlayLevel: PIE: StaticDuplicateObject took: (0.001094s)
[2020.11.23-18.15.38:817][817]LogAIModule: Creating AISystem for world MainMenu
[2020.11.23-18.15.38:817][817]LogAISub: UAISubsystem::UAISubsystem EnvQueryManager (000001EED44FBE00), frame # 20817
[2020.11.23-18.15.38:817][817]LogAISub: UAISubsystem::UAISubsystem AIPerceptionSystem (000001EEDAF37600), frame # 20817
[2020.11.23-18.15.38:817][817]LogPlayLevel: PIE: World Init took: (0.001498s)
[2020.11.23-18.15.38:817][817]LogPlayLevel: PIE: Created PIE world by copying editor world from /Game/Levels/MainMenu.MainMenu to /Game/Levels/UEDPIE_0_MainMenu.MainMenu (0.002743s)
[2020.11.23-18.15.38:836][817]LogUObjectHash: Compacting FUObjectHashTables data took   1.74ms
[2020.11.23-18.15.38:837][817]LogAudioMixer: Display: Audio Mixer Platform Settings:
[2020.11.23-18.15.38:837][817]LogAudioMixer: Display: 	Sample Rate:						  48000
[2020.11.23-18.15.38:837][817]LogAudioMixer: Display: 	Callback Buffer Frame Size Requested: 1024
[2020.11.23-18.15.38:837][817]LogAudioMixer: Display: 	Callback Buffer Frame Size To Use:	  1024
[2020.11.23-18.15.38:837][817]LogAudioMixer: Display: 	Number of buffers to queue:			  2
[2020.11.23-18.15.38:837][817]LogAudioMixer: Display: 	Max Channels (voices):				  32
[2020.11.23-18.15.38:837][817]LogAudioMixer: Display: 	Number of Async Source Workers:		  0
[2020.11.23-18.15.38:837][817]LogAudio: Display: AudioDevice MaxSources: 32
[2020.11.23-18.15.38:837][817]LogAudio: Display: Using built-in audio occlusion.
[2020.11.23-18.15.38:838][817]LogAudioMixer: Display: Initializing audio mixer.
[2020.11.23-18.15.38:842][817]LogAudioMixer: Display: 0: FrontLeft
[2020.11.23-18.15.38:842][817]LogAudioMixer: Display: 1: FrontRight
[2020.11.23-18.15.38:914][817]LogAudioMixer: Display: Using Audio Device Speakers (Realtek High Definition Audio)
[2020.11.23-18.15.38:915][817]LogAudioMixer: Display: Initializing Sound Submixes...
[2020.11.23-18.15.38:915][817]LogAudioMixer: Display: Creating Master Submix 'MasterSubmixDefault'
[2020.11.23-18.15.38:915][817]LogAudioMixer: Display: Creating Master Submix 'MasterReverbSubmixDefault'
[2020.11.23-18.15.38:915][817]LogAudioMixer: Display: Creating Master Submix 'MasterEQSubmixDefault'
[2020.11.23-18.15.38:930][817]LogInit: FAudioDevice initialized.
[2020.11.23-18.15.38:994][817]LogSlate: Updating window title bar state: overlay mode, drag disabled, window buttons hidden, title bar hidden
[2020.11.23-18.15.38:994][817]LogLoad: Game class is 'GameModeBase'
[2020.11.23-18.15.38:995][817]LogWorld: Bringing World /Game/Levels/UEDPIE_0_MainMenu.MainMenu up for play (max tick rate 60) at 2020.11.23-20.15.38
[2020.11.23-18.15.38:995][817]LogWorld: Bringing up level for play took: 0.000370
[2020.11.23-18.15.38:995][817]LogOnline: OSS: Creating online subsystem instance for: :Context_7
[2020.11.23-18.15.39:000][817]LogPlayerController: Error: InputMode:UIOnly - Attempting to focus Non-Focusable widget SObjectWidget [Widget.cpp(799)]!
[2020.11.23-18.15.39:001][817]PIE: Server logged in
[2020.11.23-18.15.39:005][817]PIE: Play in editor total start time 0.19 seconds.
[2020.11.23-18.15.39:965][874]LogNet: Browse: /Game/Levels/Level1
[2020.11.23-18.15.39:965][874]LogLoad: LoadMap: /Game/Levels/Level1
[2020.11.23-18.15.39:965][874]LogWorld: BeginTearingDown for /Game/Levels/UEDPIE_0_MainMenu
[2020.11.23-18.15.39:965][874]LogWorld: UWorld::CleanupWorld for MainMenu, bSessionEnded=true, bCleanupResources=true
[2020.11.23-18.15.39:965][874]LogSlate: InvalidateAllWidgets triggered.  All widgets were invalidated
[2020.11.23-18.15.39:985][874]LogAISub: UAISubsystem::~UAISubsystem AIPerceptionSystem (000001EEDAF37600), frame # 20874
[2020.11.23-18.15.39:985][874]LogAISub: UAISubsystem::~UAISubsystem EnvQueryManager (000001EED44FBE00), frame # 20874
[2020.11.23-18.15.39:987][874]LogUObjectHash: Compacting FUObjectHashTables data took   1.92ms
[2020.11.23-18.15.40:005][874]LogAIModule: Creating AISystem for world Level1
[2020.11.23-18.15.40:005][874]LogAISub: UAISubsystem::UAISubsystem EnvQueryManager (000001EED44F9600), frame # 20874
[2020.11.23-18.15.40:005][874]LogAISub: UAISubsystem::UAISubsystem AIPerceptionSystem (000001EEDAF307C0), frame # 20874
[2020.11.23-18.15.40:005][874]LogLoad: Game class is 'firstperson_C'
[2020.11.23-18.15.40:008][874]LogWorld: Bringing World /Game/Levels/UEDPIE_0_Level1.Level1 up for play (max tick rate 60) at 2020.11.23-20.15.40
[2020.11.23-18.15.40:008][874]LogWorld: Bringing up level for play took: 0.002105
[2020.11.23-18.15.40:010][874]LogLoad: Took 0.044994 seconds to LoadMap(/Game/Levels/Level1)
[2020.11.23-18.15.42:091][996]LogSlate: Updating window title bar state: overlay mode, drag disabled, window buttons hidden, title bar hidden
[2020.11.23-18.15.42:091][996]LogWorld: BeginTearingDown for /Game/Levels/UEDPIE_0_Level1
[2020.11.23-18.15.42:091][996]LogSlate: Window 'COURSEWORK Preview [NetMode: Standalone] (64-bit/Windows) ' being destroyed
[2020.11.23-18.15.42:098][996]LogWorld: UWorld::CleanupWorld for Level1, bSessionEnded=true, bCleanupResources=true
[2020.11.23-18.15.42:099][996]LogSlate: InvalidateAllWidgets triggered.  All widgets were invalidated
[2020.11.23-18.15.42:113][996]LogPlayLevel: Display: Shutting down PIE online subsystems
[2020.11.23-18.15.42:116][996]LogSlate: InvalidateAllWidgets triggered.  All widgets were invalidated
[2020.11.23-18.15.42:160][996]LogAISub: UAISubsystem::~UAISubsystem AIPerceptionSystem (000001EEDAF307C0), frame # 20996
[2020.11.23-18.15.42:160][996]LogAISub: UAISubsystem::~UAISubsystem EnvQueryManager (000001EED44F9600), frame # 20996
[2020.11.23-18.15.42:161][996]LogUObjectHash: Compacting FUObjectHashTables data took   1.58ms
[2020.11.23-18.15.42:199][997]LogPlayLevel: Display: Destroying online subsystem :Context_7
[2020.11.23-18.15.43:851][ 92]LogAssetEditorSubsystem: Opening Asset editor for World /Game/Levels/Level1.Level1
[2020.11.23-18.15.43:871][ 92]LogUObjectHash: Compacting FUObjectHashTables data took   2.02ms
[2020.11.23-18.15.43:873][ 92]Cmd: MAP LOAD FILE="D:/yeet/Unreal Projects/COURSEWORK/Content/Levels/Level1.umap" TEMPLATE=0 SHOWPROGRESS=1 FEATURELEVEL=3
[2020.11.23-18.15.43:873][ 92]LightingResults: New page: Lighting Build
[2020.11.23-18.15.43:873][ 92]LoadErrors: New page: Loading map: Level1.umap
[2020.11.23-18.15.43:910][ 92]LogWorld: UWorld::CleanupWorld for MainMenu, bSessionEnded=true, bCleanupResources=true
[2020.11.23-18.15.43:910][ 92]LogSlate: InvalidateAllWidgets triggered.  All widgets were invalidated
[2020.11.23-18.15.43:910][ 92]MapCheck: New page: Map Check
[2020.11.23-18.15.43:910][ 92]LightingResults: New page: Lighting Build
[2020.11.23-18.15.43:927][ 92]LogAISub: UAISubsystem::~UAISubsystem AIPerceptionSystem (000001EE90A4D440), frame # 21092
[2020.11.23-18.15.43:927][ 92]LogAISub: UAISubsystem::~UAISubsystem EnvQueryManager (000001EEDAA56C00), frame # 21092
[2020.11.23-18.15.43:930][ 92]LogUObjectHash: Compacting FUObjectHashTables data took   2.58ms
[2020.11.23-18.15.44:080][ 92]LogEditorServer: Finished looking for orphan Actors (0.000 secs)
[2020.11.23-18.15.44:080][ 92]LogAIModule: Creating AISystem for world Level1
[2020.11.23-18.15.44:080][ 92]LogAISub: UAISubsystem::UAISubsystem EnvQueryManager (000001EF00D6D400), frame # 21092
[2020.11.23-18.15.44:080][ 92]LogAISub: UAISubsystem::UAISubsystem AIPerceptionSystem (000001EF01137C40), frame # 21092
[2020.11.23-18.15.44:104][ 92]LogUObjectHash: Compacting FUObjectHashTables data took   2.03ms
[2020.11.23-18.15.44:137][ 92]Cmd: MAP CHECKDEP NOCLEARLOG
[2020.11.23-18.15.44:137][ 92]MapCheck: Map check complete: 0 Error(s), 0 Warning(s), took 0.092ms to complete.
[2020.11.23-18.15.44:137][ 92]LogFileHelpers: Loading map 'Level1' took 0.265
[2020.11.23-18.19.24:461][111]LogFactory: FactoryCreateFile: FileMediaSource with WmfFileMediaSourceFactory (0 0 D:/yeet/Unreal Projects/COURSEWORK/Content/song18.mp3)
[2020.11.23-18.19.53:721][457]LogUObjectHash: Compacting FUObjectHashTables data took   6.99ms
[2020.11.23-18.19.53:724][457]LogFileHelpers: Editor autosave (incl. sublevels) for '/Game/Levels/Level1' took 0.033
[2020.11.23-18.19.53:724][457]OBJ SavePackage: Generating thumbnails for [0] asset(s) in package [/Game/song18] ([1] browsable assets)...
[2020.11.23-18.19.53:724][457]OBJ SavePackage: Finished generating thumbnails for package [/Game/song18]
[2020.11.23-18.19.53:724][457]Cmd: OBJ SAVEPACKAGE PACKAGE="/Game/song18" FILE="D:/yeet/Unreal Projects/COURSEWORK/Saved/Autosaves/Game/song18_Auto1.uasset" SILENT=false AUTOSAVING=true
[2020.11.23-18.19.53:739][457]LogSavePackage: Moving 'D:/yeet/Unreal Projects/COURSEWORK/Saved/song18_Auto1CA77E7484C8E55C205166E94AF6624EE.tmp' to 'D:/yeet/Unreal Projects/COURSEWORK/Saved/Autosaves/Game/song18_Auto1.uasset'
[2020.11.23-18.19.54:013][457]LogFileHelpers: Auto-saving content packages took 0.289
[2020.11.23-18.21.17:749][928]Cmd: OBJ SAVEPACKAGE PACKAGE="/Game/song18" FILE="D:/yeet/Unreal Projects/COURSEWORK/Content/song18.uasset" SILENT=true
[2020.11.23-18.21.18:045][928]LogSavePackage: Moving 'D:/yeet/Unreal Projects/COURSEWORK/Saved/song1885F3D12943FC4302801C92804B3058F4.tmp' to 'D:/yeet/Unreal Projects/COURSEWORK/Content/song18.uasset'
[2020.11.23-18.21.18:065][928]AssetCheck: New page: Asset Save: song18
[2020.11.23-18.21.18:065][928]LogContentValidation: Display: Validating FileMediaSource /Game/song18.song18
[2020.11.23-18.22.45:221][839]AssetReimport: New page: Outstanding source content changes 10:22:45 PM
[2020.11.23-18.22.45:239][839]LogFactory: FactoryCreateFile: SoundWave with ReimportSoundFactory (0 0 D:/yeet/Unreal Projects/COURSEWORK/Content/song18.wav)
[2020.11.23-18.22.45:246][839]LogWindows: Windows GetLastError: The operation completed successfully. (0)
[2020.11.23-18.22.48:713][839]LogExit: Executing StaticShutdownAfterError
[2020.11.23-18.22.48:719][839]LogWindows: FPlatformMisc::RequestExit(1)
[2020.11.23-18.22.48:719][839]LogCore: Engine exit requested (reason: Win RequestExit)
[2020.11.23-18.22.48:771][839]Log file closed, 11/23/20 20:22:48
